TN:
SF:dist\root\src\polyfills.ts
FNF:0
FNH:0
DA:23,151
LF:1
LH:1
BRF:0
BRH:0
end_of_record
TN:
SF:dist\root\src\app\app.component.ts
FN:1,(anonymous_33)
FN:15,(anonymous_37)
FN:16,AppComponent
FN:18,(anonymous_39)
FN:22,(anonymous_40)
FNF:5
FNH:5
FNDA:302,(anonymous_33)
FNDA:151,(anonymous_37)
FNDA:151,AppComponent
FNDA:151,(anonymous_39)
FNDA:151,(anonymous_40)
DA:1,1057
DA:15,151
DA:16,151
DA:18,151
DA:19,151
DA:22,151
DA:23,151
DA:25,151
LF:8
LH:8
BRF:0
BRH:0
end_of_record
TN:
SF:dist\root\src\app\app.module.ts
FN:1,(anonymous_43)
FN:117,(anonymous_46)
FNF:2
FNH:2
FNDA:151,(anonymous_43)
FNDA:302,(anonymous_46)
DA:1,8154
DA:117,151
LF:2
LH:2
BRF:0
BRH:0
end_of_record
TN:
SF:dist\root\src\app\app.routing.ts
FN:1,(anonymous_49)
FN:46,(anonymous_52)
FN:47,(anonymous_53)
FNF:3
FNH:3
FNDA:151,(anonymous_49)
FNDA:151,(anonymous_52)
FNDA:151,(anonymous_53)
DA:1,3020
DA:25,151
DA:47,151
DA:55,151
LF:4
LH:4
BRF:0
BRH:0
end_of_record
TN:
SF:dist\root\src\app\index.ts
FN:1,(anonymous_1074)
FNF:1
FNH:1
FNDA:151,(anonymous_1074)
DA:1,906
LF:1
LH:1
BRF:0
BRH:0
end_of_record
TN:
SF:dist\root\src\app\components\datasets-sharing\datasets-sharing.component.ts
FN:1,(anonymous_147)
FN:20,(anonymous_151)
FN:46,DatasetsSharingComponent
FN:58,(anonymous_153)
FN:63,(anonymous_154)
FN:70,(anonymous_155)
FN:72,(anonymous_156)
FN:77,(anonymous_157)
FN:80,(anonymous_158)
FN:89,(anonymous_159)
FN:97,(anonymous_160)
FN:105,(anonymous_161)
FN:126,(anonymous_162)
FN:131,(anonymous_163)
FN:141,(anonymous_164)
FN:147,(anonymous_165)
FN:155,(anonymous_166)
FN:158,(anonymous_167)
FN:178,(anonymous_168)
FN:185,(anonymous_169)
FN:189,(anonymous_170)
FN:198,(anonymous_171)
FN:202,(anonymous_172)
FN:224,(anonymous_173)
FNF:24
FNH:13
FNDA:302,(anonymous_147)
FNDA:151,(anonymous_151)
FNDA:25,DatasetsSharingComponent
FNDA:25,(anonymous_153)
FNDA:25,(anonymous_154)
FNDA:0,(anonymous_155)
FNDA:0,(anonymous_156)
FNDA:74,(anonymous_157)
FNDA:74,(anonymous_158)
FNDA:0,(anonymous_159)
FNDA:0,(anonymous_160)
FNDA:0,(anonymous_161)
FNDA:0,(anonymous_162)
FNDA:0,(anonymous_163)
FNDA:0,(anonymous_164)
FNDA:0,(anonymous_165)
FNDA:49,(anonymous_166)
FNDA:49,(anonymous_167)
FNDA:0,(anonymous_168)
FNDA:25,(anonymous_169)
FNDA:24,(anonymous_170)
FNDA:0,(anonymous_171)
FNDA:25,(anonymous_172)
FNDA:25,(anonymous_173)
DA:1,1812
DA:20,151
DA:21,151
DA:24,25
DA:29,25
DA:30,25
DA:41,25
DA:44,25
DA:46,25
DA:47,25
DA:48,25
DA:49,25
DA:50,25
DA:51,25
DA:53,25
DA:54,25
DA:55,25
DA:56,25
DA:58,25
DA:59,25
DA:63,151
DA:64,25
DA:65,25
DA:66,25
DA:67,25
DA:70,151
DA:71,0
DA:72,0
DA:73,0
DA:77,151
DA:78,74
DA:79,74
DA:81,74
DA:82,74
DA:83,74
DA:84,74
DA:85,74
DA:87,74
DA:90,0
DA:91,0
DA:92,0
DA:97,151
DA:98,0
DA:99,0
DA:100,0
DA:101,0
DA:104,0
DA:106,0
DA:107,0
DA:108,0
DA:110,0
DA:111,0
DA:112,0
DA:113,0
DA:116,0
DA:119,0
DA:120,0
DA:121,0
DA:122,0
DA:124,0
DA:126,0
DA:127,0
DA:132,0
DA:133,0
DA:137,0
DA:138,0
DA:139,0
DA:140,0
DA:142,0
DA:143,0
DA:144,0
DA:148,0
DA:155,151
DA:156,49
DA:157,49
DA:159,49
DA:160,49
DA:179,0
DA:180,0
DA:185,151
DA:186,25
DA:189,151
DA:190,24
DA:191,24
DA:193,24
DA:194,24
DA:195,24
DA:198,151
DA:199,0
DA:202,151
DA:203,25
DA:204,25
DA:207,25
DA:208,0
DA:210,0
DA:211,25
DA:212,25
DA:214,25
DA:217,25
DA:218,25
DA:219,0
DA:220,0
DA:222,0
DA:224,25
DA:225,25
DA:227,25
DA:228,25
DA:231,151
LF:108
LH:64
BRDA:66,0,0,0
BRDA:66,0,1,25
BRDA:98,1,0,0
BRDA:98,1,1,0
BRDA:100,2,0,0
BRDA:100,2,1,0
BRDA:106,3,0,0
BRDA:106,3,1,0
BRDA:106,4,0,0
BRDA:106,4,1,0
BRDA:107,5,0,0
BRDA:107,5,1,0
BRDA:110,6,0,0
BRDA:110,6,1,0
BRDA:112,7,0,0
BRDA:112,7,1,0
BRDA:117,8,0,0
BRDA:117,8,1,0
BRDA:121,9,0,0
BRDA:121,9,1,0
BRDA:139,10,0,0
BRDA:139,10,1,0
BRDA:142,11,0,0
BRDA:142,11,1,0
BRDA:159,12,0,49
BRDA:159,12,1,0
BRDA:165,13,0,0
BRDA:165,13,1,49
BRDA:190,14,0,24
BRDA:190,14,1,0
BRDA:203,15,0,25
BRDA:203,15,1,0
BRDA:203,16,0,25
BRDA:203,16,1,25
BRDA:205,17,0,25
BRDA:205,17,1,0
BRDA:207,18,0,0
BRDA:207,18,1,25
BRDA:211,19,0,25
BRDA:211,19,1,0
BRDA:215,20,0,0
BRDA:215,20,1,25
BRDA:219,21,0,0
BRDA:219,21,1,0
BRF:44
BRH:11
end_of_record
TN:
SF:dist\root\src\app\components\edit-project\edit-project.component.ts
FN:1,(anonymous_177)
FN:19,(anonymous_181)
FN:70,EditProjectComponent
FN:76,(anonymous_183)
FN:85,(anonymous_184)
FN:96,(anonymous_185)
FN:114,(anonymous_186)
FN:120,(anonymous_187)
FN:125,(anonymous_188)
FN:138,(anonymous_189)
FN:142,(anonymous_190)
FN:151,(anonymous_191)
FN:160,(anonymous_192)
FN:168,(anonymous_193)
FN:173,(anonymous_194)
FN:179,(anonymous_195)
FN:186,(anonymous_196)
FN:190,(anonymous_197)
FN:196,(anonymous_198)
FN:209,(anonymous_199)
FN:212,(anonymous_200)
FN:223,(anonymous_201)
FN:227,(anonymous_202)
FN:243,(anonymous_203)
FN:259,(anonymous_204)
FN:263,(anonymous_205)
FN:266,(anonymous_206)
FN:331,(anonymous_207)
FN:339,(anonymous_208)
FN:356,(anonymous_209)
FN:364,(anonymous_210)
FN:366,(anonymous_211)
FN:369,(anonymous_212)
FN:375,(anonymous_213)
FN:377,(anonymous_214)
FN:380,(anonymous_215)
FN:386,(anonymous_216)
FN:390,(anonymous_217)
FN:394,(anonymous_218)
FN:411,(anonymous_219)
FN:418,(anonymous_220)
FN:420,(anonymous_221)
FN:435,(anonymous_222)
FN:442,(anonymous_223)
FN:447,(anonymous_224)
FN:452,(anonymous_225)
FN:457,(anonymous_226)
FN:471,(anonymous_227)
FN:477,(anonymous_228)
FN:481,(anonymous_229)
FN:489,(anonymous_230)
FN:493,(anonymous_231)
FN:504,(anonymous_232)
FN:508,(anonymous_233)
FN:525,(anonymous_234)
FN:529,(anonymous_235)
FN:531,(anonymous_236)
FN:535,(anonymous_237)
FN:547,(anonymous_238)
FN:555,(anonymous_239)
FN:563,(anonymous_240)
FNF:61
FNH:47
FNDA:151,(anonymous_177)
FNDA:151,(anonymous_181)
FNDA:141,EditProjectComponent
FNDA:35,(anonymous_183)
FNDA:141,(anonymous_184)
FNDA:141,(anonymous_185)
FNDA:290,(anonymous_186)
FNDA:35,(anonymous_187)
FNDA:35,(anonymous_188)
FNDA:105,(anonymous_189)
FNDA:35,(anonymous_190)
FNDA:1979,(anonymous_191)
FNDA:1295,(anonymous_192)
FNDA:73,(anonymous_193)
FNDA:73,(anonymous_194)
FNDA:35,(anonymous_195)
FNDA:143,(anonymous_196)
FNDA:73,(anonymous_197)
FNDA:146,(anonymous_198)
FNDA:38,(anonymous_199)
FNDA:38,(anonymous_200)
FNDA:0,(anonymous_201)
FNDA:70,(anonymous_202)
FNDA:70,(anonymous_203)
FNDA:0,(anonymous_204)
FNDA:138,(anonymous_205)
FNDA:459,(anonymous_206)
FNDA:138,(anonymous_207)
FNDA:0,(anonymous_208)
FNDA:0,(anonymous_209)
FNDA:0,(anonymous_210)
FNDA:0,(anonymous_211)
FNDA:0,(anonymous_212)
FNDA:0,(anonymous_213)
FNDA:0,(anonymous_214)
FNDA:0,(anonymous_215)
FNDA:151,(anonymous_216)
FNDA:151,(anonymous_217)
FNDA:114,(anonymous_218)
FNDA:0,(anonymous_219)
FNDA:114,(anonymous_220)
FNDA:304,(anonymous_221)
FNDA:38,(anonymous_222)
FNDA:36,(anonymous_223)
FNDA:0,(anonymous_224)
FNDA:38,(anonymous_225)
FNDA:38,(anonymous_226)
FNDA:38,(anonymous_227)
FNDA:0,(anonymous_228)
FNDA:286,(anonymous_229)
FNDA:143,(anonymous_230)
FNDA:1208,(anonymous_231)
FNDA:37,(anonymous_232)
FNDA:38,(anonymous_233)
FNDA:38,(anonymous_234)
FNDA:163,(anonymous_235)
FNDA:326,(anonymous_236)
FNDA:326,(anonymous_237)
FNDA:90,(anonymous_238)
FNDA:0,(anonymous_239)
FNDA:119,(anonymous_240)
DA:1,1812
DA:19,151
DA:20,151
DA:23,151
DA:26,151
DA:29,151
DA:31,141
DA:33,141
DA:34,141
DA:35,141
DA:38,141
DA:39,141
DA:42,141
DA:47,141
DA:51,141
DA:52,141
DA:53,141
DA:54,141
DA:56,141
DA:59,141
DA:63,141
DA:64,141
DA:65,141
DA:67,141
DA:70,141
DA:71,141
DA:72,141
DA:73,141
DA:74,141
DA:76,141
DA:77,35
DA:78,35
DA:80,0
DA:85,151
DA:86,141
DA:87,141
DA:88,141
DA:89,141
DA:90,141
DA:91,141
DA:92,141
DA:93,141
DA:94,141
DA:95,141
DA:96,141
DA:97,141
DA:98,141
DA:99,141
DA:104,141
DA:108,141
DA:109,141
DA:110,141
DA:111,141
DA:112,141
DA:113,141
DA:114,141
DA:115,290
DA:116,290
DA:120,151
DA:121,35
DA:124,35
DA:125,35
DA:126,35
DA:127,0
DA:129,35
DA:133,35
DA:134,0
DA:138,151
DA:139,105
DA:140,105
DA:141,105
DA:142,35
DA:143,35
DA:144,35
DA:147,35
DA:151,151
DA:152,1979
DA:153,1979
DA:154,0
DA:156,1979
DA:160,151
DA:161,1295
DA:162,0
DA:164,1295
DA:168,151
DA:169,73
DA:170,73
DA:171,73
DA:172,73
DA:173,73
DA:174,73
DA:175,73
DA:179,151
DA:180,35
DA:181,35
DA:182,35
DA:183,35
DA:186,151
DA:187,143
DA:188,143
DA:189,143
DA:190,73
DA:191,73
DA:192,73
DA:195,73
DA:196,73
DA:197,146
DA:199,73
DA:205,73
DA:209,151
DA:210,38
DA:211,38
DA:212,38
DA:213,38
DA:215,38
DA:223,151
DA:224,0
DA:227,151
DA:228,70
DA:229,70
DA:230,70
DA:231,35
DA:232,35
DA:234,35
DA:235,35
DA:236,0
DA:238,35
DA:243,151
DA:244,70
DA:245,70
DA:246,70
DA:247,35
DA:248,35
DA:250,35
DA:251,35
DA:252,0
DA:254,35
DA:259,151
DA:260,0
DA:263,151
DA:264,138
DA:265,138
DA:266,138
DA:267,459
DA:268,246
DA:270,459
DA:271,213
DA:275,138
DA:289,138
DA:290,30
DA:303,138
DA:304,138
DA:305,138
DA:319,138
DA:320,30
DA:321,30
DA:322,30
DA:323,30
DA:324,30
DA:325,30
DA:327,138
DA:328,73
DA:330,138
DA:332,138
DA:333,0
DA:337,0
DA:338,0
DA:339,0
DA:340,0
DA:343,0
DA:345,0
DA:346,0
DA:347,0
DA:349,0
DA:350,0
DA:351,0
DA:354,138
DA:357,0
DA:358,0
DA:364,151
DA:365,0
DA:367,0
DA:370,0
DA:375,151
DA:376,0
DA:378,0
DA:381,0
DA:386,151
DA:387,151
DA:390,151
DA:391,151
DA:394,151
DA:395,114
DA:396,114
DA:397,114
DA:398,114
DA:400,0
DA:404,0
DA:406,0
DA:410,0
DA:411,0
DA:412,0
DA:418,151
DA:419,114
DA:420,114
DA:421,304
DA:422,304
DA:425,114
DA:429,76
DA:433,76
DA:434,76
DA:436,38
DA:437,38
DA:438,38
DA:439,38
DA:440,38
DA:441,38
DA:442,38
DA:443,36
DA:446,0
DA:447,0
DA:448,0
DA:453,38
DA:454,38
DA:455,38
DA:456,38
DA:457,38
DA:458,38
DA:463,38
DA:464,0
DA:467,38
DA:470,38
DA:471,38
DA:472,38
DA:477,151
DA:478,0
DA:481,151
DA:482,286
DA:483,213
DA:484,213
DA:485,213
DA:489,151
DA:490,143
DA:493,151
DA:494,1208
DA:495,4484
DA:496,0
DA:497,0
DA:499,4484
DA:504,151
DA:505,37
DA:508,151
DA:509,38
DA:510,38
DA:511,76
DA:512,38
DA:515,38
DA:516,38
DA:519,38
DA:520,0
DA:521,0
DA:525,151
DA:526,38
DA:529,151
DA:530,163
DA:531,163
DA:532,326
DA:534,163
DA:535,163
DA:536,326
DA:537,163
DA:540,163
DA:541,0
DA:543,163
DA:547,151
DA:548,90
DA:549,60
DA:551,30
DA:555,151
DA:556,0
DA:557,0
DA:559,0
DA:563,151
DA:564,119
DA:571,151
LF:285
LH:237
BRDA:77,0,0,35
BRDA:77,0,1,0
BRDA:90,1,0,141
BRDA:90,1,1,0
BRDA:91,2,0,141
BRDA:91,2,1,0
BRDA:98,3,0,141
BRDA:98,3,1,0
BRDA:111,4,0,70
BRDA:111,4,1,71
BRDA:124,5,0,35
BRDA:124,5,1,0
BRDA:126,6,0,0
BRDA:126,6,1,35
BRDA:133,7,0,0
BRDA:133,7,1,35
BRDA:141,8,0,35
BRDA:141,8,1,70
BRDA:141,9,0,105
BRDA:141,9,1,35
BRDA:143,10,0,35
BRDA:143,10,1,0
BRDA:153,11,0,0
BRDA:153,11,1,1979
BRDA:161,12,0,0
BRDA:161,12,1,1295
BRDA:189,13,0,73
BRDA:189,13,1,70
BRDA:189,14,0,143
BRDA:189,14,1,73
BRDA:191,15,0,73
BRDA:191,15,1,0
BRDA:195,16,0,73
BRDA:195,16,1,0
BRDA:211,17,0,38
BRDA:211,17,1,0
BRDA:230,18,0,35
BRDA:230,18,1,35
BRDA:235,19,0,0
BRDA:235,19,1,35
BRDA:246,20,0,35
BRDA:246,20,1,35
BRDA:251,21,0,0
BRDA:251,21,1,35
BRDA:267,22,0,246
BRDA:267,22,1,213
BRDA:270,23,0,213
BRDA:270,23,1,246
BRDA:275,24,0,138
BRDA:275,24,1,138
BRDA:275,24,2,138
BRDA:275,24,3,138
BRDA:275,24,4,138
BRDA:275,24,5,138
BRDA:275,24,6,138
BRDA:275,24,7,138
BRDA:275,24,8,138
BRDA:275,24,9,138
BRDA:275,24,10,138
BRDA:275,24,11,138
BRDA:275,24,12,138
BRDA:275,24,13,138
BRDA:289,25,0,30
BRDA:289,25,1,108
BRDA:291,26,0,30
BRDA:291,26,1,30
BRDA:291,26,2,30
BRDA:291,26,3,30
BRDA:291,26,4,30
BRDA:291,26,5,30
BRDA:291,26,6,30
BRDA:291,26,7,30
BRDA:291,26,8,30
BRDA:291,26,9,30
BRDA:291,26,10,30
BRDA:303,27,0,138
BRDA:303,27,1,0
BRDA:319,28,0,30
BRDA:319,28,1,108
BRDA:327,29,0,73
BRDA:327,29,1,65
BRDA:328,30,0,35
BRDA:328,30,1,38
BRDA:332,31,0,0
BRDA:332,31,1,138
BRDA:345,32,0,0
BRDA:345,32,1,0
BRDA:349,33,0,0
BRDA:349,33,1,0
BRDA:395,34,0,114
BRDA:395,34,1,0
BRDA:400,35,0,0
BRDA:400,35,1,0
BRDA:401,36,0,0
BRDA:401,36,1,0
BRDA:401,36,2,0
BRDA:401,36,3,0
BRDA:421,37,0,304
BRDA:421,37,1,0
BRDA:425,38,0,76
BRDA:425,38,1,38
BRDA:426,39,0,114
BRDA:426,39,1,0
BRDA:426,39,2,0
BRDA:426,39,3,114
BRDA:426,39,4,114
BRDA:426,39,5,76
BRDA:438,40,0,38
BRDA:438,40,1,0
BRDA:463,41,0,0
BRDA:463,41,1,38
BRDA:482,42,0,213
BRDA:482,42,1,73
BRDA:482,43,0,286
BRDA:482,43,1,213
BRDA:495,44,0,0
BRDA:495,44,1,4484
BRDA:509,45,0,38
BRDA:509,45,1,0
BRDA:509,46,0,38
BRDA:509,46,1,38
BRDA:511,47,0,38
BRDA:511,47,1,38
BRDA:519,48,0,0
BRDA:519,48,1,38
BRDA:519,49,0,38
BRDA:519,49,1,38
BRDA:536,50,0,163
BRDA:536,50,1,163
BRDA:540,51,0,0
BRDA:540,51,1,163
BRDA:548,52,0,60
BRDA:548,52,1,30
BRDA:548,53,0,90
BRDA:548,53,1,60
BRDA:556,54,0,0
BRDA:556,54,1,0
BRDA:556,55,0,0
BRDA:556,55,1,0
BRF:139
BRH:98
end_of_record
TN:
SF:dist\root\src\app\components\faq\faq.component.ts
FN:1,(anonymous_244)
FN:12,(anonymous_248)
FN:13,FAQComponent
FNF:3
FNH:2
FNDA:302,(anonymous_244)
FNDA:151,(anonymous_248)
FNDA:0,FAQComponent
DA:1,906
DA:12,151
DA:13,0
DA:14,151
LF:4
LH:3
BRF:0
BRH:0
end_of_record
TN:
SF:dist\root\src\app\components\game-form\game-form.component.ts
FN:1,(anonymous_264)
FN:19,(anonymous_268)
FN:39,GameFormComponent
FN:51,(anonymous_270)
FN:56,(anonymous_271)
FN:63,(anonymous_272)
FN:67,(anonymous_273)
FN:71,(anonymous_274)
FN:75,(anonymous_275)
FN:78,(anonymous_276)
FN:79,(anonymous_277)
FN:98,(anonymous_278)
FN:106,(anonymous_279)
FN:112,(anonymous_280)
FN:120,(anonymous_281)
FNF:15
FNH:10
FNDA:302,(anonymous_264)
FNDA:151,(anonymous_268)
FNDA:341,GameFormComponent
FNDA:341,(anonymous_270)
FNDA:341,(anonymous_271)
FNDA:0,(anonymous_272)
FNDA:0,(anonymous_273)
FNDA:0,(anonymous_274)
FNDA:341,(anonymous_275)
FNDA:341,(anonymous_276)
FNDA:714,(anonymous_277)
FNDA:0,(anonymous_278)
FNDA:271,(anonymous_279)
FNDA:0,(anonymous_280)
FNDA:70,(anonymous_281)
DA:1,1359
DA:19,151
DA:20,151
DA:21,151
DA:24,341
DA:25,341
DA:28,341
DA:37,341
DA:39,341
DA:40,341
DA:41,341
DA:42,341
DA:43,341
DA:44,341
DA:46,341
DA:47,341
DA:48,341
DA:49,341
DA:50,341
DA:51,341
DA:52,341
DA:56,151
DA:57,341
DA:58,341
DA:59,341
DA:63,151
DA:64,0
DA:67,151
DA:68,0
DA:71,151
DA:72,0
DA:75,341
DA:76,341
DA:77,341
DA:79,341
DA:80,714
DA:81,341
DA:83,714
DA:84,714
DA:86,714
DA:87,714
DA:88,714
DA:89,472
DA:90,472
DA:94,341
DA:95,341
DA:96,341
DA:99,0
DA:100,0
DA:101,0
DA:106,151
DA:107,271
DA:112,151
DA:113,0
DA:114,0
DA:115,0
DA:120,151
DA:121,70
DA:122,70
DA:123,70
DA:124,70
DA:125,70
DA:126,70
DA:129,70
DA:139,151
LF:65
LH:56
BRDA:52,0,0,0
BRDA:52,0,1,341
BRDA:58,1,0,341
BRDA:58,1,1,0
BRDA:80,2,0,341
BRDA:80,2,1,373
BRDA:80,3,0,714
BRDA:80,3,1,341
BRDA:83,4,0,714
BRDA:83,4,1,0
BRDA:88,5,0,472
BRDA:88,5,1,242
BRDA:114,6,0,0
BRDA:114,6,1,0
BRDA:124,7,0,70
BRDA:124,7,1,0
BRDA:135,8,0,0
BRDA:135,8,1,70
BRF:18
BRH:11
end_of_record
TN:
SF:dist\root\src\app\components\header\header.component.ts
FN:1,(anonymous_285)
FN:19,(anonymous_289)
FN:28,HeaderComponent
FN:35,(anonymous_291)
FN:36,(anonymous_292)
FN:44,(anonymous_293)
FN:52,(anonymous_294)
FN:57,(anonymous_295)
FN:59,(anonymous_296)
FN:77,(anonymous_297)
FNF:10
FNH:8
FNDA:151,(anonymous_285)
FNDA:151,(anonymous_289)
FNDA:151,HeaderComponent
FNDA:151,(anonymous_291)
FNDA:294,(anonymous_292)
FNDA:151,(anonymous_293)
FNDA:0,(anonymous_294)
FNDA:143,(anonymous_295)
FNDA:143,(anonymous_296)
FNDA:0,(anonymous_297)
DA:1,1359
DA:19,151
DA:20,151
DA:21,151
DA:22,151
DA:23,151
DA:25,151
DA:29,151
DA:30,151
DA:31,151
DA:32,151
DA:35,151
DA:36,151
DA:37,294
DA:38,294
DA:39,143
DA:44,151
DA:45,151
DA:46,0
DA:48,151
DA:52,151
DA:53,0
DA:54,0
DA:57,151
DA:58,143
DA:60,143
DA:61,143
DA:62,143
DA:63,143
DA:64,143
DA:65,143
DA:66,143
DA:67,0
DA:68,0
DA:70,143
DA:71,143
DA:72,143
DA:73,143
DA:78,0
DA:79,0
DA:84,151
LF:41
LH:34
BRDA:38,0,0,143
BRDA:38,0,1,151
BRDA:45,1,0,0
BRDA:45,1,1,151
BRDA:60,2,0,143
BRDA:60,2,1,0
BRDA:66,3,0,0
BRDA:66,3,1,143
BRDA:70,4,0,143
BRDA:70,4,1,0
BRF:10
BRH:6
end_of_record
TN:
SF:dist\root\src\app\components\home\home.component.ts
FN:1,(anonymous_301)
FN:15,(anonymous_305)
FN:16,HomeComponent
FN:23,(anonymous_307)
FN:24,(anonymous_308)
FNF:5
FNH:5
FNDA:302,(anonymous_301)
FNDA:151,(anonymous_305)
FNDA:294,HomeComponent
FNDA:294,(anonymous_307)
FNDA:294,(anonymous_308)
DA:1,1208
DA:15,151
DA:17,294
DA:18,294
DA:19,294
DA:20,294
DA:23,294
DA:24,294
DA:25,294
DA:26,294
DA:27,294
DA:28,294
DA:29,0
DA:34,151
LF:14
LH:13
BRDA:25,0,0,294
BRDA:25,0,1,0
BRDA:26,1,0,294
BRDA:26,1,1,0
BRDA:28,2,0,0
BRDA:28,2,1,294
BRDA:28,3,0,294
BRDA:28,3,1,143
BRF:8
BRH:5
end_of_record
TN:
SF:dist\root\src\app\components\my-datasets\my-datasets.component.ts
FN:1,(anonymous_326)
FN:18,(anonymous_330)
FN:42,MyDatasetsComponent
FN:52,(anonymous_332)
FN:61,(anonymous_333)
FN:63,(anonymous_334)
FN:68,(anonymous_335)
FN:72,(anonymous_336)
FN:76,(anonymous_337)
FN:79,(anonymous_338)
FN:84,(anonymous_339)
FN:92,(anonymous_340)
FN:99,(anonymous_341)
FN:104,(anonymous_342)
FN:109,(anonymous_343)
FN:113,(anonymous_344)
FN:120,(anonymous_345)
FN:128,(anonymous_346)
FN:148,(anonymous_347)
FN:152,(anonymous_348)
FN:157,(anonymous_349)
FN:161,(anonymous_350)
FNF:22
FNH:14
FNDA:302,(anonymous_326)
FNDA:151,(anonymous_330)
FNDA:111,MyDatasetsComponent
FNDA:111,(anonymous_332)
FNDA:0,(anonymous_333)
FNDA:0,(anonymous_334)
FNDA:105,(anonymous_335)
FNDA:0,(anonymous_336)
FNDA:321,(anonymous_337)
FNDA:321,(anonymous_338)
FNDA:0,(anonymous_339)
FNDA:105,(anonymous_340)
FNDA:105,(anonymous_341)
FNDA:102,(anonymous_342)
FNDA:0,(anonymous_343)
FNDA:0,(anonymous_344)
FNDA:9,(anonymous_345)
FNDA:6,(anonymous_346)
FNDA:105,(anonymous_347)
FNDA:97,(anonymous_348)
FNDA:0,(anonymous_349)
FNDA:0,(anonymous_350)
DA:1,1208
DA:18,151
DA:19,151
DA:22,111
DA:24,111
DA:25,111
DA:27,111
DA:29,111
DA:30,111
DA:35,111
DA:37,111
DA:38,111
DA:40,111
DA:43,111
DA:44,111
DA:45,111
DA:47,111
DA:48,111
DA:49,111
DA:52,151
DA:53,111
DA:54,111
DA:55,111
DA:61,151
DA:62,0
DA:63,0
DA:64,0
DA:68,151
DA:69,105
DA:72,151
DA:73,0
DA:76,321
DA:77,321
DA:78,321
DA:80,321
DA:81,321
DA:82,321
DA:85,0
DA:86,0
DA:87,0
DA:92,151
DA:93,105
DA:94,105
DA:98,105
DA:100,105
DA:101,105
DA:102,105
DA:103,105
DA:104,105
DA:105,102
DA:110,0
DA:111,0
DA:112,0
DA:113,0
DA:114,0
DA:120,151
DA:121,9
DA:122,9
DA:123,9
DA:124,9
DA:125,2
DA:126,2
DA:127,2
DA:128,2
DA:129,6
DA:130,6
DA:131,6
DA:138,2
DA:139,7
DA:140,3
DA:141,3
DA:143,4
DA:144,4
DA:148,151
DA:149,105
DA:150,105
DA:151,105
DA:152,105
DA:153,97
DA:157,151
DA:158,0
DA:159,0
DA:160,0
DA:161,0
DA:162,0
DA:165,151
LF:86
LH:69
BRDA:100,0,0,105
BRDA:100,0,1,0
BRDA:100,1,0,105
BRDA:100,1,1,105
BRDA:124,2,0,2
BRDA:124,2,1,7
BRDA:130,3,0,6
BRDA:130,3,1,0
BRDA:139,4,0,3
BRDA:139,4,1,4
BRDA:143,5,0,0
BRDA:143,5,1,4
BRDA:144,6,0,0
BRDA:144,6,1,4
BRF:14
BRH:10
end_of_record
TN:
SF:dist\root\src\app\components\open-source\openSource-routing.module.ts
FN:1,(anonymous_23)
FN:23,(anonymous_26)
FNF:2
FNH:2
FNDA:151,(anonymous_23)
FNDA:302,(anonymous_26)
DA:1,906
DA:10,151
DA:23,151
LF:3
LH:3
BRF:0
BRH:0
end_of_record
TN:
SF:dist\root\src\app\components\open-source\openSource.module.ts
FN:1,(anonymous_29)
FN:17,(anonymous_32)
FNF:2
FNH:2
FNDA:151,(anonymous_29)
FNDA:302,(anonymous_32)
DA:1,1208
DA:17,151
LF:2
LH:2
BRF:0
BRH:0
end_of_record
TN:
SF:dist\root\src\app\components\open-source\basic-login\basic-login.component.ts
FN:1,(anonymous_3)
FN:21,(anonymous_7)
FN:29,BasicLoginComponent
FN:36,(anonymous_9)
FN:42,(anonymous_10)
FN:51,(anonymous_11)
FN:60,(anonymous_12)
FN:71,(anonymous_13)
FN:79,(anonymous_14)
FN:88,(anonymous_15)
FN:108,(anonymous_16)
FN:117,(anonymous_17)
FN:126,(anonymous_18)
FN:135,(anonymous_19)
FN:143,(anonymous_20)
FNF:15
FNH:13
FNDA:302,(anonymous_3)
FNDA:151,(anonymous_7)
FNDA:151,BasicLoginComponent
FNDA:151,(anonymous_9)
FNDA:151,(anonymous_10)
FNDA:16,(anonymous_11)
FNDA:8,(anonymous_12)
FNDA:24,(anonymous_13)
FNDA:143,(anonymous_14)
FNDA:143,(anonymous_15)
FNDA:0,(anonymous_16)
FNDA:8,(anonymous_17)
FNDA:16,(anonymous_18)
FNDA:0,(anonymous_19)
FNDA:8,(anonymous_20)
DA:1,1963
DA:21,151
DA:30,151
DA:31,151
DA:32,151
DA:33,151
DA:36,151
DA:37,151
DA:38,151
DA:39,151
DA:42,151
DA:43,151
DA:51,151
DA:52,16
DA:53,16
DA:54,16
DA:55,16
DA:56,16
DA:57,16
DA:60,151
DA:61,8
DA:62,8
DA:63,8
DA:64,8
DA:65,8
DA:66,8
DA:67,8
DA:68,8
DA:71,151
DA:72,24
DA:73,24
DA:74,24
DA:75,24
DA:76,24
DA:79,151
DA:80,143
DA:81,143
DA:82,143
DA:83,143
DA:87,143
DA:89,143
DA:90,0
DA:91,0
DA:92,0
DA:94,143
DA:101,143
DA:102,143
DA:103,143
DA:104,143
DA:105,143
DA:106,143
DA:109,0
DA:110,0
DA:111,0
DA:117,151
DA:118,8
DA:119,8
DA:120,8
DA:121,8
DA:122,8
DA:123,8
DA:124,8
DA:125,8
DA:126,8
DA:127,16
DA:129,8
DA:134,8
DA:136,0
DA:137,0
DA:138,0
DA:139,0
DA:141,0
DA:144,8
DA:145,8
DA:146,8
DA:150,0
DA:153,151
LF:77
LH:65
BRDA:81,0,0,143
BRDA:81,0,1,0
BRDA:89,1,0,0
BRDA:89,1,1,143
BRDA:122,2,0,8
BRDA:122,2,1,0
BRDA:136,3,0,0
BRDA:136,3,1,0
BRDA:138,4,0,0
BRDA:138,4,1,0
BRF:10
BRH:3
end_of_record
TN:
SF:dist\root\src\app\components\page-not-found\page-not-found.component.ts
FN:1,(anonymous_354)
FN:13,(anonymous_357)
FNF:2
FNH:2
FNDA:302,(anonymous_354)
FNDA:151,(anonymous_357)
DA:1,755
DA:13,151
LF:2
LH:2
BRF:0
BRH:0
end_of_record
TN:
SF:dist\root\src\app\components\projects\appendNewEntries.component.ts
FN:1,(anonymous_556)
FN:29,(anonymous_572)
FN:61,AppendNewEntriesComponent
FN:74,(anonymous_574)
FN:81,(anonymous_575)
FN:90,(anonymous_576)
FN:101,(anonymous_577)
FN:116,(anonymous_578)
FN:134,(anonymous_579)
FN:145,(anonymous_580)
FN:153,(anonymous_581)
FN:183,(anonymous_582)
FN:189,(anonymous_583)
FN:192,(anonymous_584)
FN:199,(anonymous_585)
FN:207,(anonymous_586)
FN:208,(anonymous_587)
FN:209,(anonymous_588)
FN:211,(anonymous_589)
FN:219,(anonymous_590)
FN:233,(anonymous_591)
FN:236,(anonymous_592)
FN:255,(anonymous_593)
FN:298,(anonymous_594)
FN:299,(anonymous_595)
FN:308,(anonymous_596)
FN:316,(anonymous_597)
FN:319,(anonymous_598)
FN:327,(anonymous_599)
FN:335,(anonymous_600)
FN:341,(anonymous_601)
FN:346,(anonymous_602)
FN:354,(anonymous_603)
FN:365,(anonymous_604)
FN:376,(anonymous_605)
FN:385,(anonymous_606)
FN:392,(anonymous_607)
FN:418,(anonymous_609)
FN:424,(anonymous_610)
FN:444,(anonymous_611)
FN:465,(anonymous_612)
FN:487,(anonymous_613)
FN:507,(anonymous_615)
FN:511,(anonymous_616)
FN:524,(anonymous_617)
FN:532,(anonymous_618)
FN:539,(anonymous_619)
FN:553,(anonymous_620)
FN:562,(anonymous_621)
FN:578,(anonymous_622)
FN:600,(anonymous_623)
FN:603,(anonymous_624)
FN:603,(anonymous_625)
FN:622,(anonymous_627)
FN:643,(anonymous_628)
FN:646,(anonymous_629)
FN:656,(anonymous_630)
FN:692,(anonymous_631)
FN:699,(anonymous_632)
FN:708,(anonymous_633)
FN:716,(anonymous_634)
FN:731,(anonymous_635)
FN:734,(anonymous_636)
FN:743,(anonymous_637)
FN:763,(anonymous_638)
FN:786,(anonymous_639)
FN:789,(anonymous_640)
FN:803,(anonymous_641)
FN:810,(anonymous_642)
FN:821,(anonymous_643)
FN:835,(anonymous_644)
FN:844,(anonymous_645)
FN:853,(anonymous_646)
FN:855,(anonymous_647)
FN:869,(anonymous_648)
FN:871,(anonymous_649)
FN:886,(anonymous_652)
FN:886,(anonymous_653)
FN:890,(anonymous_655)
FN:914,(anonymous_656)
FN:924,(anonymous_658)
FN:949,(anonymous_661)
FN:957,(anonymous_662)
FN:973,(anonymous_663)
FN:974,(anonymous_664)
FN:992,(anonymous_665)
FN:1002,(anonymous_666)
FN:1025,(anonymous_667)
FNF:88
FNH:34
FNDA:302,(anonymous_556)
FNDA:151,(anonymous_572)
FNDA:174,AppendNewEntriesComponent
FNDA:174,(anonymous_574)
FNDA:0,(anonymous_575)
FNDA:174,(anonymous_576)
FNDA:174,(anonymous_577)
FNDA:174,(anonymous_578)
FNDA:39,(anonymous_579)
FNDA:0,(anonymous_580)
FNDA:96,(anonymous_581)
FNDA:90,(anonymous_582)
FNDA:19,(anonymous_583)
FNDA:0,(anonymous_584)
FNDA:19,(anonymous_585)
FNDA:0,(anonymous_586)
FNDA:0,(anonymous_587)
FNDA:0,(anonymous_588)
FNDA:0,(anonymous_589)
FNDA:0,(anonymous_590)
FNDA:65,(anonymous_591)
FNDA:65,(anonymous_592)
FNDA:84,(anonymous_593)
FNDA:0,(anonymous_594)
FNDA:0,(anonymous_595)
FNDA:174,(anonymous_596)
FNDA:174,(anonymous_597)
FNDA:23,(anonymous_598)
FNDA:151,(anonymous_599)
FNDA:0,(anonymous_600)
FNDA:18,(anonymous_601)
FNDA:0,(anonymous_602)
FNDA:0,(anonymous_603)
FNDA:0,(anonymous_604)
FNDA:18,(anonymous_605)
FNDA:0,(anonymous_606)
FNDA:78,(anonymous_607)
FNDA:30,(anonymous_609)
FNDA:0,(anonymous_610)
FNDA:150,(anonymous_611)
FNDA:0,(anonymous_612)
FNDA:0,(anonymous_613)
FNDA:0,(anonymous_615)
FNDA:0,(anonymous_616)
FNDA:0,(anonymous_617)
FNDA:0,(anonymous_618)
FNDA:0,(anonymous_619)
FNDA:0,(anonymous_620)
FNDA:0,(anonymous_621)
FNDA:78,(anonymous_622)
FNDA:0,(anonymous_623)
FNDA:0,(anonymous_624)
FNDA:0,(anonymous_625)
FNDA:0,(anonymous_627)
FNDA:0,(anonymous_628)
FNDA:0,(anonymous_629)
FNDA:0,(anonymous_630)
FNDA:0,(anonymous_631)
FNDA:0,(anonymous_632)
FNDA:0,(anonymous_633)
FNDA:0,(anonymous_634)
FNDA:0,(anonymous_635)
FNDA:0,(anonymous_636)
FNDA:0,(anonymous_637)
FNDA:0,(anonymous_638)
FNDA:162,(anonymous_639)
FNDA:162,(anonymous_640)
FNDA:0,(anonymous_641)
FNDA:11,(anonymous_642)
FNDA:11,(anonymous_643)
FNDA:12,(anonymous_644)
FNDA:0,(anonymous_645)
FNDA:0,(anonymous_646)
FNDA:0,(anonymous_647)
FNDA:0,(anonymous_648)
FNDA:0,(anonymous_649)
FNDA:0,(anonymous_652)
FNDA:0,(anonymous_653)
FNDA:0,(anonymous_655)
FNDA:0,(anonymous_656)
FNDA:0,(anonymous_658)
FNDA:78,(anonymous_661)
FNDA:0,(anonymous_662)
FNDA:0,(anonymous_663)
FNDA:0,(anonymous_664)
FNDA:156,(anonymous_665)
FNDA:54,(anonymous_666)
FNDA:54,(anonymous_667)
DA:1,3473
DA:29,151
DA:32,174
DA:33,174
DA:36,174
DA:37,174
DA:39,174
DA:44,174
DA:45,174
DA:49,174
DA:50,174
DA:57,174
DA:58,174
DA:61,174
DA:62,174
DA:63,174
DA:64,174
DA:65,174
DA:66,174
DA:67,174
DA:68,174
DA:69,174
DA:70,174
DA:71,174
DA:73,174
DA:74,174
DA:75,174
DA:76,174
DA:77,174
DA:78,174
DA:81,174
DA:82,0
DA:83,0
DA:85,0
DA:90,151
DA:91,174
DA:92,174
DA:93,174
DA:94,174
DA:95,174
DA:96,174
DA:97,174
DA:98,174
DA:101,151
DA:102,174
DA:103,174
DA:105,174
DA:116,174
DA:117,174
DA:118,23
DA:119,23
DA:120,23
DA:121,151
DA:122,112
DA:130,112
DA:131,112
DA:133,39
DA:135,39
DA:136,39
DA:137,39
DA:138,39
DA:139,39
DA:140,39
DA:142,39
DA:143,39
DA:146,0
DA:147,0
DA:153,151
DA:154,96
DA:155,96
DA:156,96
DA:157,13
DA:165,83
DA:166,62
DA:175,21
DA:176,21
DA:177,21
DA:179,21
DA:183,151
DA:184,90
DA:185,90
DA:189,151
DA:190,19
DA:191,0
DA:192,0
DA:193,0
DA:194,0
DA:198,19
DA:199,19
DA:200,19
DA:201,19
DA:207,151
DA:208,0
DA:209,0
DA:210,0
DA:211,0
DA:212,0
DA:213,0
DA:216,0
DA:219,0
DA:220,0
DA:221,0
DA:222,0
DA:223,0
DA:226,0
DA:227,0
DA:233,151
DA:234,65
DA:235,65
DA:236,65
DA:237,65
DA:238,65
DA:240,65
DA:241,11
DA:244,65
DA:245,65
DA:246,65
DA:247,11
DA:248,11
DA:250,65
DA:251,65
DA:255,151
DA:256,84
DA:257,11
DA:258,0
DA:260,11
DA:262,73
DA:263,54
DA:265,19
DA:266,19
DA:267,19
DA:268,19
DA:269,19
DA:270,19
DA:271,19
DA:272,0
DA:274,19
DA:275,19
DA:276,19
DA:278,19
DA:284,19
DA:287,19
DA:288,19
DA:293,19
DA:298,151
DA:299,0
DA:300,0
DA:301,0
DA:303,0
DA:308,174
DA:310,174
DA:315,174
DA:317,174
DA:318,23
DA:319,23
DA:320,23
DA:321,23
DA:324,23
DA:326,151
DA:327,151
DA:328,151
DA:329,151
DA:332,151
DA:336,0
DA:341,151
DA:344,18
DA:345,0
DA:347,0
DA:355,0
DA:356,0
DA:357,0
DA:359,0
DA:360,0
DA:361,0
DA:362,0
DA:366,0
DA:370,18
DA:375,18
DA:377,18
DA:378,18
DA:380,18
DA:381,18
DA:382,18
DA:383,18
DA:386,0
DA:392,151
DA:393,78
DA:394,78
DA:395,78
DA:396,78
DA:397,78
DA:398,78
DA:399,78
DA:400,78
DA:401,78
DA:404,78
DA:405,78
DA:406,78
DA:408,78
DA:409,78
DA:410,78
DA:411,78
DA:412,78
DA:413,78
DA:414,78
DA:415,10
DA:416,10
DA:417,10
DA:418,10
DA:419,30
DA:420,30
DA:421,0
DA:422,0
DA:423,0
DA:424,0
DA:425,0
DA:426,0
DA:427,0
DA:431,30
DA:436,30
DA:439,10
DA:440,10
DA:441,68
DA:442,50
DA:443,50
DA:444,50
DA:445,150
DA:447,50
DA:448,50
DA:449,50
DA:451,18
DA:452,18
DA:453,18
DA:454,18
DA:455,18
DA:457,0
DA:465,151
DA:466,0
DA:467,0
DA:468,0
DA:469,0
DA:470,0
DA:472,0
DA:473,0
DA:474,0
DA:475,0
DA:476,0
DA:477,0
DA:478,0
DA:479,0
DA:480,0
DA:481,0
DA:483,0
DA:484,0
DA:486,0
DA:489,0
DA:490,0
DA:491,0
DA:492,0
DA:493,0
DA:494,0
DA:495,0
DA:496,0
DA:500,0
DA:501,0
DA:502,0
DA:506,0
DA:507,0
DA:508,0
DA:509,0
DA:510,0
DA:511,0
DA:512,0
DA:518,0
DA:519,0
DA:525,0
DA:528,0
DA:529,0
DA:531,0
DA:532,0
DA:533,0
DA:534,0
DA:535,0
DA:536,0
DA:538,0
DA:539,0
DA:540,0
DA:541,0
DA:542,0
DA:543,0
DA:547,0
DA:549,0
DA:553,151
DA:555,0
DA:563,0
DA:564,0
DA:565,0
DA:566,0
DA:567,0
DA:568,0
DA:569,0
DA:570,0
DA:571,0
DA:573,0
DA:574,0
DA:578,151
DA:579,78
DA:580,78
DA:581,78
DA:582,78
DA:583,78
DA:584,78
DA:589,78
DA:591,0
DA:592,0
DA:594,0
DA:600,151
DA:601,0
DA:602,0
DA:603,0
DA:604,0
DA:605,0
DA:606,0
DA:607,0
DA:609,0
DA:610,0
DA:617,0
DA:618,0
DA:619,0
DA:621,0
DA:622,0
DA:623,0
DA:624,0
DA:627,0
DA:628,0
DA:629,0
DA:633,0
DA:638,0
DA:639,0
DA:645,0
DA:646,0
DA:647,0
DA:649,0
DA:650,0
DA:651,0
DA:656,151
DA:657,0
DA:658,0
DA:671,0
DA:672,0
DA:676,0
DA:677,0
DA:678,0
DA:679,0
DA:681,0
DA:682,0
DA:683,0
DA:684,0
DA:685,0
DA:686,0
DA:687,0
DA:689,0
DA:690,0
DA:691,0
DA:692,0
DA:693,0
DA:695,0
DA:698,0
DA:699,0
DA:700,0
DA:702,0
DA:705,0
DA:708,151
DA:710,0
DA:711,0
DA:713,0
DA:715,0
DA:717,0
DA:722,0
DA:723,0
DA:724,0
DA:726,0
DA:727,0
DA:729,0
DA:732,0
DA:733,0
DA:734,0
DA:735,0
DA:737,0
DA:738,0
DA:743,151
DA:744,0
DA:746,0
DA:753,0
DA:754,0
DA:758,0
DA:759,0
DA:760,0
DA:761,0
DA:762,0
DA:763,0
DA:764,0
DA:770,0
DA:771,0
DA:772,0
DA:777,0
DA:778,0
DA:783,0
DA:786,162
DA:787,162
DA:788,162
DA:790,162
DA:791,162
DA:792,162
DA:793,162
DA:794,162
DA:795,162
DA:796,162
DA:797,162
DA:798,162
DA:799,162
DA:800,162
DA:801,162
DA:804,0
DA:805,0
DA:810,151
DA:811,11
DA:812,11
DA:813,11
DA:814,11
DA:815,11
DA:816,11
DA:817,11
DA:818,11
DA:819,11
DA:820,11
DA:821,11
DA:822,11
DA:825,0
DA:826,0
DA:827,0
DA:828,0
DA:829,0
DA:830,0
DA:835,151
DA:836,12
DA:837,0
DA:838,0
DA:839,0
DA:840,0
DA:844,151
DA:845,0
DA:846,0
DA:847,0
DA:848,0
DA:849,0
DA:853,151
DA:855,0
DA:856,0
DA:857,0
DA:858,0
DA:859,0
DA:860,0
DA:861,0
DA:862,0
DA:864,0
DA:865,0
DA:866,0
DA:867,0
DA:868,0
DA:869,0
DA:870,0
DA:871,0
DA:872,0
DA:873,0
DA:878,0
DA:883,0
DA:884,0
DA:885,0
DA:886,0
DA:887,0
DA:891,0
DA:892,0
DA:894,0
DA:895,0
DA:905,0
DA:914,151
DA:915,0
DA:916,0
DA:917,0
DA:918,0
DA:919,0
DA:924,0
DA:925,0
DA:926,0
DA:928,0
DA:929,0
DA:934,0
DA:935,0
DA:936,0
DA:942,0
DA:949,151
DA:950,78
DA:951,78
DA:952,78
DA:953,78
DA:954,78
DA:957,151
DA:958,0
DA:959,0
DA:961,0
DA:967,0
DA:968,0
DA:969,0
DA:970,0
DA:973,151
DA:974,0
DA:975,0
DA:976,0
DA:982,0
DA:988,0
DA:992,151
DA:993,156
DA:997,156
DA:999,0
DA:1002,151
DA:1003,54
DA:1004,54
DA:1005,54
DA:1006,54
DA:1007,0
DA:1008,0
DA:1009,0
DA:1010,0
DA:1011,0
DA:1012,0
DA:1013,0
DA:1014,0
DA:1017,54
DA:1018,54
DA:1019,54
DA:1020,54
DA:1021,54
DA:1022,54
DA:1023,54
DA:1024,54
DA:1025,54
DA:1026,54
DA:1029,0
DA:1030,0
DA:1031,0
DA:1032,0
DA:1033,0
DA:1034,0
DA:1038,151
LF:555
LH:261
BRDA:82,0,0,0
BRDA:82,0,1,0
BRDA:102,1,0,174
BRDA:102,1,1,0
BRDA:117,2,0,23
BRDA:117,2,1,151
BRDA:121,3,0,112
BRDA:121,3,1,39
BRDA:156,4,0,13
BRDA:156,4,1,83
BRDA:165,5,0,62
BRDA:165,5,1,21
BRDA:184,6,0,90
BRDA:184,6,1,0
BRDA:190,7,0,0
BRDA:190,7,1,19
BRDA:193,8,0,0
BRDA:193,8,1,0
BRDA:200,9,0,19
BRDA:200,9,1,0
BRDA:212,10,0,0
BRDA:212,10,1,0
BRDA:220,11,0,0
BRDA:220,11,1,0
BRDA:222,12,0,0
BRDA:222,12,1,0
BRDA:222,13,0,0
BRDA:222,13,1,0
BRDA:226,14,0,0
BRDA:226,14,1,0
BRDA:237,15,0,65
BRDA:237,15,1,0
BRDA:237,16,0,65
BRDA:237,16,1,65
BRDA:240,17,0,11
BRDA:240,17,1,54
BRDA:246,18,0,11
BRDA:246,18,1,54
BRDA:250,19,0,65
BRDA:250,19,1,0
BRDA:256,20,0,11
BRDA:256,20,1,73
BRDA:257,21,0,0
BRDA:257,21,1,11
BRDA:262,22,0,54
BRDA:262,22,1,19
BRDA:271,23,0,0
BRDA:271,23,1,19
BRDA:278,24,0,19
BRDA:278,24,1,0
BRDA:287,25,0,19
BRDA:287,25,1,0
BRDA:287,26,0,19
BRDA:287,26,1,19
BRDA:300,27,0,0
BRDA:300,27,1,0
BRDA:311,28,0,39
BRDA:311,28,1,135
BRDA:310,29,0,174
BRDA:310,29,1,135
BRDA:310,29,2,135
BRDA:313,30,0,23
BRDA:313,30,1,112
BRDA:317,31,0,23
BRDA:317,31,1,151
BRDA:320,32,0,23
BRDA:320,32,1,0
BRDA:328,33,0,151
BRDA:328,33,1,0
BRDA:344,34,0,0
BRDA:344,34,1,18
BRDA:356,35,0,0
BRDA:356,35,1,0
BRDA:377,36,0,18
BRDA:377,36,1,0
BRDA:409,37,0,78
BRDA:409,37,1,0
BRDA:414,38,0,10
BRDA:414,38,1,68
BRDA:414,39,0,78
BRDA:414,39,1,10
BRDA:420,40,0,0
BRDA:420,40,1,30
BRDA:426,41,0,0
BRDA:426,41,1,0
BRDA:441,42,0,50
BRDA:441,42,1,18
BRDA:454,43,0,18
BRDA:454,43,1,0
BRDA:466,44,0,0
BRDA:466,44,1,0
BRDA:483,45,0,0
BRDA:483,45,1,0
BRDA:496,46,0,0
BRDA:496,46,1,0
BRDA:497,47,0,0
BRDA:497,47,1,0
BRDA:501,48,0,0
BRDA:501,48,1,0
BRDA:528,49,0,0
BRDA:528,49,1,0
BRDA:531,50,0,0
BRDA:531,50,1,0
BRDA:538,51,0,0
BRDA:538,51,1,0
BRDA:568,52,0,0
BRDA:568,52,1,0
BRDA:581,53,0,78
BRDA:581,53,1,0
BRDA:581,54,0,78
BRDA:581,54,1,78
BRDA:581,54,2,78
BRDA:583,55,0,78
BRDA:583,55,1,0
BRDA:591,56,0,0
BRDA:591,56,1,0
BRDA:604,57,0,0
BRDA:604,57,1,0
BRDA:617,58,0,0
BRDA:617,58,1,0
BRDA:618,59,0,0
BRDA:618,59,1,0
BRDA:623,60,0,0
BRDA:623,60,1,0
BRDA:623,61,0,0
BRDA:623,61,1,0
BRDA:623,61,2,0
BRDA:628,62,0,0
BRDA:628,62,1,0
BRDA:660,63,0,0
BRDA:660,63,1,0
BRDA:661,64,0,0
BRDA:661,64,1,0
BRDA:662,65,0,0
BRDA:662,65,1,0
BRDA:671,66,0,0
BRDA:671,66,1,0
BRDA:674,67,0,0
BRDA:674,67,1,0
BRDA:676,68,0,0
BRDA:676,68,1,0
BRDA:677,69,0,0
BRDA:677,69,1,0
BRDA:681,70,0,0
BRDA:681,70,1,0
BRDA:688,71,0,0
BRDA:688,71,1,0
BRDA:688,72,0,0
BRDA:688,72,1,0
BRDA:689,73,0,0
BRDA:689,73,1,0
BRDA:710,74,0,0
BRDA:710,74,1,0
BRDA:711,75,0,0
BRDA:711,75,1,0
BRDA:722,76,0,0
BRDA:722,76,1,0
BRDA:726,77,0,0
BRDA:726,77,1,0
BRDA:726,78,0,0
BRDA:726,78,1,0
BRDA:747,79,0,0
BRDA:747,79,1,0
BRDA:749,80,0,0
BRDA:749,80,1,0
BRDA:751,81,0,0
BRDA:751,81,1,0
BRDA:756,82,0,0
BRDA:756,82,1,0
BRDA:761,83,0,0
BRDA:761,83,1,0
BRDA:772,84,0,0
BRDA:772,84,1,0
BRDA:773,85,0,0
BRDA:773,85,1,0
BRDA:773,85,2,0
BRDA:811,86,0,11
BRDA:811,86,1,0
BRDA:811,87,0,11
BRDA:811,87,1,11
BRDA:812,88,0,11
BRDA:812,88,1,0
BRDA:836,89,0,0
BRDA:836,89,1,12
BRDA:845,90,0,0
BRDA:845,90,1,0
BRDA:859,91,0,0
BRDA:859,91,1,0
BRDA:870,92,0,0
BRDA:870,92,1,0
BRDA:870,93,0,0
BRDA:870,93,1,0
BRDA:883,94,0,0
BRDA:883,94,1,0
BRDA:884,95,0,0
BRDA:884,95,1,0
BRDA:887,96,0,0
BRDA:891,97,0,0
BRDA:891,97,1,0
BRDA:894,98,0,0
BRDA:894,98,1,0
BRDA:925,99,0,0
BRDA:925,99,1,0
BRDA:928,100,0,0
BRDA:928,100,1,0
BRDA:935,101,0,0
BRDA:935,101,1,0
BRDA:958,102,0,0
BRDA:958,102,1,0
BRDA:975,103,0,0
BRDA:975,103,1,0
BRDA:993,104,0,156
BRDA:993,104,1,0
BRDA:994,105,0,156
BRDA:994,105,1,156
BRDA:1003,106,0,54
BRDA:1003,106,1,0
BRDA:1003,107,0,54
BRDA:1003,107,1,54
BRDA:1004,108,0,54
BRDA:1004,108,1,0
BRDA:1006,109,0,0
BRDA:1006,109,1,54
BRF:223
BRH:70
end_of_record
TN:
SF:dist\root\src\app\components\projects\create-project.component.ts
FN:1,(anonymous_671)
FN:37,(anonymous_677)
FN:123,CreateNewComponent
FN:139,(anonymous_679)
FN:147,(anonymous_680)
FN:156,(anonymous_681)
FN:184,(anonymous_682)
FN:217,(anonymous_683)
FN:221,(anonymous_684)
FN:264,(anonymous_685)
FN:277,(anonymous_686)
FN:281,(anonymous_687)
FN:285,(anonymous_688)
FN:293,(anonymous_689)
FN:349,(anonymous_690)
FN:365,(anonymous_691)
FN:372,(anonymous_692)
FN:375,(anonymous_693)
FN:381,(anonymous_694)
FN:385,(anonymous_695)
FN:390,(anonymous_696)
FN:402,(anonymous_697)
FN:415,(anonymous_698)
FN:429,(anonymous_699)
FN:433,(anonymous_700)
FN:437,(anonymous_701)
FN:441,(anonymous_702)
FN:448,(anonymous_703)
FN:464,(anonymous_704)
FN:468,(anonymous_705)
FN:482,(anonymous_706)
FN:491,(anonymous_707)
FN:496,(anonymous_708)
FN:499,(anonymous_709)
FN:504,(anonymous_710)
FN:508,(anonymous_711)
FN:553,(anonymous_712)
FN:589,(anonymous_713)
FN:599,(anonymous_714)
FN:604,(anonymous_715)
FN:633,(anonymous_716)
FN:648,(anonymous_717)
FN:654,(anonymous_718)
FN:702,(anonymous_719)
FN:717,(anonymous_720)
FN:742,(anonymous_721)
FN:751,(anonymous_722)
FN:770,(anonymous_723)
FN:776,(anonymous_724)
FN:790,(anonymous_725)
FN:794,(anonymous_726)
FN:805,(anonymous_727)
FN:817,(anonymous_728)
FN:822,(anonymous_729)
FN:867,(anonymous_730)
FN:876,(anonymous_731)
FN:886,(anonymous_732)
FN:895,(anonymous_733)
FN:912,(anonymous_734)
FN:927,(anonymous_735)
FN:968,(anonymous_736)
FN:980,(anonymous_737)
FN:984,(anonymous_738)
FN:1006,(anonymous_739)
FN:1013,(anonymous_740)
FN:1029,(anonymous_741)
FN:1042,(anonymous_742)
FN:1050,(anonymous_743)
FN:1078,(anonymous_744)
FN:1081,(anonymous_745)
FN:1098,(anonymous_746)
FN:1134,(anonymous_747)
FN:1144,(anonymous_748)
FN:1152,(anonymous_749)
FN:1156,(anonymous_750)
FN:1173,(anonymous_751)
FN:1182,(anonymous_752)
FN:1190,(anonymous_753)
FN:1198,(anonymous_754)
FN:1204,(anonymous_755)
FN:1218,(anonymous_756)
FN:1219,(anonymous_757)
FN:1228,(anonymous_758)
FN:1236,(anonymous_759)
FN:1239,(anonymous_760)
FN:1247,(anonymous_761)
FN:1255,(anonymous_762)
FN:1261,(anonymous_763)
FN:1265,(anonymous_764)
FN:1277,(anonymous_765)
FN:1283,(anonymous_766)
FN:1290,(anonymous_767)
FN:1296,(anonymous_768)
FN:1300,(anonymous_769)
FN:1307,(anonymous_770)
FN:1314,(anonymous_771)
FN:1326,(anonymous_772)
FN:1331,(anonymous_773)
FN:1346,(anonymous_774)
FN:1355,(anonymous_775)
FN:1360,(anonymous_776)
FN:1365,(anonymous_777)
FN:1367,(anonymous_778)
FNF:103
FNH:56
FNDA:302,(anonymous_671)
FNDA:151,(anonymous_677)
FNDA:258,CreateNewComponent
FNDA:258,(anonymous_679)
FNDA:0,(anonymous_680)
FNDA:258,(anonymous_681)
FNDA:258,(anonymous_682)
FNDA:255,(anonymous_683)
FNDA:255,(anonymous_684)
FNDA:255,(anonymous_685)
FNDA:0,(anonymous_686)
FNDA:0,(anonymous_687)
FNDA:255,(anonymous_688)
FNDA:255,(anonymous_689)
FNDA:34,(anonymous_690)
FNDA:0,(anonymous_691)
FNDA:0,(anonymous_692)
FNDA:0,(anonymous_693)
FNDA:12745,(anonymous_694)
FNDA:258,(anonymous_695)
FNDA:258,(anonymous_696)
FNDA:415,(anonymous_697)
FNDA:216,(anonymous_698)
FNDA:255,(anonymous_699)
FNDA:255,(anonymous_700)
FNDA:510,(anonymous_701)
FNDA:255,(anonymous_702)
FNDA:255,(anonymous_703)
FNDA:0,(anonymous_704)
FNDA:0,(anonymous_705)
FNDA:0,(anonymous_706)
FNDA:196,(anonymous_707)
FNDA:0,(anonymous_708)
FNDA:0,(anonymous_709)
FNDA:0,(anonymous_710)
FNDA:193,(anonymous_711)
FNDA:45,(anonymous_712)
FNDA:0,(anonymous_713)
FNDA:184,(anonymous_714)
FNDA:62,(anonymous_715)
FNDA:62,(anonymous_716)
FNDA:0,(anonymous_717)
FNDA:0,(anonymous_718)
FNDA:0,(anonymous_719)
FNDA:105,(anonymous_720)
FNDA:183,(anonymous_721)
FNDA:17,(anonymous_722)
FNDA:17,(anonymous_723)
FNDA:34,(anonymous_724)
FNDA:183,(anonymous_725)
FNDA:300,(anonymous_726)
FNDA:0,(anonymous_727)
FNDA:305,(anonymous_728)
FNDA:0,(anonymous_729)
FNDA:17,(anonymous_730)
FNDA:0,(anonymous_731)
FNDA:17,(anonymous_732)
FNDA:0,(anonymous_733)
FNDA:0,(anonymous_734)
FNDA:0,(anonymous_735)
FNDA:0,(anonymous_736)
FNDA:0,(anonymous_737)
FNDA:0,(anonymous_738)
FNDA:0,(anonymous_739)
FNDA:0,(anonymous_740)
FNDA:0,(anonymous_741)
FNDA:122,(anonymous_742)
FNDA:0,(anonymous_743)
FNDA:0,(anonymous_744)
FNDA:0,(anonymous_745)
FNDA:122,(anonymous_746)
FNDA:0,(anonymous_747)
FNDA:0,(anonymous_748)
FNDA:2490,(anonymous_749)
FNDA:119,(anonymous_750)
FNDA:4845,(anonymous_751)
FNDA:0,(anonymous_752)
FNDA:0,(anonymous_753)
FNDA:0,(anonymous_754)
FNDA:0,(anonymous_755)
FNDA:0,(anonymous_756)
FNDA:0,(anonymous_757)
FNDA:451,(anonymous_758)
FNDA:451,(anonymous_759)
FNDA:15,(anonymous_760)
FNDA:277,(anonymous_761)
FNDA:0,(anonymous_762)
FNDA:0,(anonymous_763)
FNDA:0,(anonymous_764)
FNDA:0,(anonymous_765)
FNDA:0,(anonymous_766)
FNDA:0,(anonymous_767)
FNDA:0,(anonymous_768)
FNDA:39,(anonymous_769)
FNDA:117,(anonymous_770)
FNDA:39,(anonymous_771)
FNDA:23,(anonymous_772)
FNDA:39,(anonymous_773)
FNDA:173,(anonymous_774)
FNDA:135,(anonymous_775)
FNDA:15,(anonymous_776)
FNDA:210,(anonymous_777)
FNDA:0,(anonymous_778)
DA:1,3020
DA:37,151
DA:39,258
DA:41,258
DA:43,151
DA:45,151
DA:59,258
DA:60,258
DA:61,258
DA:62,258
DA:65,258
DA:66,258
DA:67,258
DA:68,258
DA:69,258
DA:70,258
DA:71,258
DA:75,258
DA:76,258
DA:77,258
DA:88,258
DA:91,258
DA:92,258
DA:93,258
DA:94,258
DA:95,258
DA:96,258
DA:97,258
DA:98,258
DA:99,258
DA:103,258
DA:106,258
DA:113,258
DA:120,258
DA:121,258
DA:123,258
DA:124,258
DA:125,258
DA:126,258
DA:127,258
DA:128,258
DA:129,258
DA:130,258
DA:131,258
DA:132,258
DA:133,258
DA:134,258
DA:136,258
DA:137,258
DA:138,258
DA:139,258
DA:140,258
DA:141,258
DA:147,258
DA:148,0
DA:149,0
DA:151,0
DA:156,151
DA:157,258
DA:158,258
DA:159,258
DA:160,258
DA:161,258
DA:162,258
DA:163,258
DA:164,258
DA:165,258
DA:166,258
DA:167,258
DA:168,258
DA:169,258
DA:170,258
DA:171,258
DA:176,258
DA:180,258
DA:181,258
DA:184,151
DA:185,258
DA:186,258
DA:188,258
DA:217,151
DA:218,255
DA:221,255
DA:222,255
DA:223,255
DA:224,255
DA:225,39
DA:226,39
DA:227,39
DA:229,216
DA:230,216
DA:231,216
DA:232,216
DA:235,216
DA:236,216
DA:237,216
DA:238,216
DA:239,66
DA:240,66
DA:241,66
DA:243,216
DA:244,0
DA:245,0
DA:247,216
DA:248,135
DA:250,216
DA:251,15
DA:253,216
DA:254,23
DA:256,216
DA:258,255
DA:259,255
DA:260,255
DA:261,255
DA:262,255
DA:263,255
DA:265,255
DA:266,255
DA:267,255
DA:268,255
DA:269,255
DA:271,255
DA:272,0
DA:274,255
DA:278,0
DA:279,0
DA:280,0
DA:281,0
DA:282,0
DA:286,255
DA:293,151
DA:294,255
DA:296,255
DA:303,255
DA:304,255
DA:305,255
DA:306,255
DA:307,255
DA:308,255
DA:314,255
DA:321,255
DA:325,255
DA:326,255
DA:327,255
DA:328,255
DA:329,255
DA:330,255
DA:331,255
DA:332,255
DA:333,255
DA:334,255
DA:335,255
DA:336,255
DA:337,255
DA:338,255
DA:339,255
DA:340,255
DA:346,255
DA:347,17
DA:348,17
DA:349,17
DA:350,34
DA:352,17
DA:354,238
DA:356,255
DA:357,118
DA:362,255
DA:365,151
DA:366,0
DA:371,0
DA:373,0
DA:376,0
DA:381,151
DA:382,12745
DA:385,258
DA:386,258
DA:389,258
DA:390,258
DA:391,258
DA:392,0
DA:394,258
DA:398,0
DA:402,151
DA:403,415
DA:404,415
DA:405,17
DA:406,17
DA:408,398
DA:409,398
DA:411,415
DA:415,151
DA:416,216
DA:417,216
DA:418,0
DA:419,0
DA:420,0
DA:422,0
DA:423,0
DA:425,0
DA:429,151
DA:430,255
DA:433,151
DA:434,255
DA:437,510
DA:438,510
DA:439,510
DA:440,510
DA:441,255
DA:442,255
DA:443,255
DA:446,255
DA:447,255
DA:448,255
DA:449,255
DA:451,255
DA:457,255
DA:459,510
DA:460,510
DA:464,151
DA:465,0
DA:466,0
DA:467,0
DA:468,0
DA:469,0
DA:471,0
DA:477,0
DA:478,0
DA:482,151
DA:483,0
DA:491,151
DA:492,196
DA:493,196
DA:496,151
DA:497,0
DA:498,0
DA:499,0
DA:500,0
DA:504,151
DA:505,0
DA:508,193
DA:509,193
DA:510,193
DA:511,193
DA:512,193
DA:513,193
DA:514,193
DA:515,193
DA:516,193
DA:517,193
DA:518,193
DA:519,193
DA:520,193
DA:521,193
DA:522,193
DA:523,193
DA:524,193
DA:525,193
DA:527,193
DA:528,193
DA:529,193
DA:530,193
DA:531,193
DA:532,193
DA:533,193
DA:534,193
DA:535,193
DA:536,193
DA:537,193
DA:538,193
DA:539,193
DA:540,193
DA:541,193
DA:543,193
DA:544,193
DA:545,193
DA:546,193
DA:547,193
DA:548,193
DA:549,193
DA:550,193
DA:551,193
DA:552,193
DA:553,15
DA:554,45
DA:555,45
DA:556,45
DA:563,15
DA:564,178
DA:565,118
DA:566,118
DA:568,60
DA:569,60
DA:570,60
DA:571,60
DA:572,0
DA:573,60
DA:574,60
DA:575,455
DA:588,193
DA:589,0
DA:590,0
DA:592,0
DA:598,193
DA:599,193
DA:600,184
DA:604,151
DA:605,62
DA:606,62
DA:607,62
DA:608,62
DA:609,62
DA:610,62
DA:611,62
DA:612,62
DA:613,62
DA:614,62
DA:615,62
DA:616,62
DA:617,62
DA:618,62
DA:619,62
DA:620,62
DA:621,62
DA:622,62
DA:623,62
DA:624,62
DA:625,62
DA:626,62
DA:627,62
DA:628,62
DA:629,62
DA:630,62
DA:631,62
DA:633,62
DA:634,62
DA:635,62
DA:636,62
DA:637,62
DA:638,62
DA:639,62
DA:640,62
DA:641,62
DA:642,62
DA:644,62
DA:645,0
DA:646,0
DA:647,0
DA:648,0
DA:649,0
DA:650,0
DA:651,0
DA:652,0
DA:653,0
DA:654,0
DA:655,0
DA:656,0
DA:657,0
DA:661,0
DA:666,0
DA:669,0
DA:670,0
DA:671,62
DA:672,0
DA:673,0
DA:674,0
DA:675,0
DA:676,0
DA:678,62
DA:679,62
DA:680,62
DA:681,62
DA:682,62
DA:683,0
DA:684,62
DA:685,62
DA:686,558
DA:698,62
DA:699,62
DA:701,62
DA:702,0
DA:703,0
DA:705,0
DA:711,62
DA:712,62
DA:717,151
DA:718,105
DA:719,105
DA:720,105
DA:721,105
DA:722,105
DA:723,105
DA:724,105
DA:726,105
DA:727,105
DA:728,105
DA:729,105
DA:730,105
DA:731,105
DA:732,105
DA:733,105
DA:734,105
DA:735,105
DA:736,105
DA:737,105
DA:739,0
DA:741,105
DA:742,105
DA:743,183
DA:748,105
DA:751,151
DA:752,17
DA:753,17
DA:755,17
DA:760,0
DA:761,0
DA:762,0
DA:763,0
DA:766,0
DA:768,17
DA:769,17
DA:770,17
DA:771,17
DA:773,17
DA:776,151
DA:777,34
DA:778,34
DA:780,34
DA:785,0
DA:787,34
DA:790,183
DA:791,183
DA:792,183
DA:793,183
DA:794,183
DA:795,300
DA:797,183
DA:798,183
DA:799,183
DA:800,183
DA:801,183
DA:802,183
DA:803,183
DA:804,183
DA:805,0
DA:806,0
DA:808,0
DA:817,151
DA:818,305
DA:819,17
DA:820,17
DA:821,17
DA:822,17
DA:823,0
DA:825,17
DA:826,17
DA:827,17
DA:828,17
DA:829,17
DA:830,17
DA:834,17
DA:835,0
DA:840,17
DA:841,17
DA:842,0
DA:846,288
DA:847,288
DA:848,2592
DA:850,288
DA:851,288
DA:852,483
DA:853,0
DA:854,0
DA:855,0
DA:860,0
DA:867,151
DA:868,17
DA:869,17
DA:870,17
DA:871,17
DA:872,17
DA:873,17
DA:874,17
DA:875,17
DA:876,0
DA:877,0
DA:879,0
DA:885,17
DA:886,17
DA:887,17
DA:892,17
DA:895,151
DA:896,0
DA:897,0
DA:898,0
DA:899,0
DA:901,0
DA:902,0
DA:903,0
DA:904,0
DA:909,0
DA:912,151
DA:913,0
DA:914,0
DA:915,0
DA:916,0
DA:917,0
DA:918,0
DA:919,0
DA:920,0
DA:921,0
DA:922,0
DA:927,151
DA:928,0
DA:929,0
DA:930,0
DA:931,0
DA:932,0
DA:933,0
DA:934,0
DA:936,0
DA:937,0
DA:938,0
DA:939,0
DA:940,0
DA:943,0
DA:944,0
DA:948,0
DA:949,0
DA:950,0
DA:952,0
DA:953,0
DA:954,0
DA:956,0
DA:958,0
DA:959,0
DA:960,0
DA:961,0
DA:962,0
DA:963,0
DA:964,0
DA:968,151
DA:969,0
DA:970,0
DA:971,0
DA:972,0
DA:973,0
DA:974,0
DA:981,0
DA:982,0
DA:985,0
DA:986,0
DA:987,0
DA:989,0
DA:990,0
DA:991,0
DA:992,0
DA:994,0
DA:996,0
DA:1001,0
DA:1004,0
DA:1007,0
DA:1008,0
DA:1009,0
DA:1012,0
DA:1013,0
DA:1014,0
DA:1015,0
DA:1020,0
DA:1021,0
DA:1022,0
DA:1023,0
DA:1024,0
DA:1025,0
DA:1026,0
DA:1027,0
DA:1028,0
DA:1029,0
DA:1030,0
DA:1032,0
DA:1042,151
DA:1043,122
DA:1044,122
DA:1045,122
DA:1046,122
DA:1047,122
DA:1048,122
DA:1049,122
DA:1050,0
DA:1051,0
DA:1053,0
DA:1059,122
DA:1060,105
DA:1061,105
DA:1063,122
DA:1064,122
DA:1065,122
DA:1066,122
DA:1068,122
DA:1069,122
DA:1070,17
DA:1072,122
DA:1073,200
DA:1076,122
DA:1077,0
DA:1079,0
DA:1082,0
DA:1083,0
DA:1091,122
DA:1097,122
DA:1099,122
DA:1100,0
DA:1101,0
DA:1102,0
DA:1103,0
DA:1105,122
DA:1106,0
DA:1107,0
DA:1109,122
DA:1110,122
DA:1112,0
DA:1113,0
DA:1114,0
DA:1115,0
DA:1116,0
DA:1117,0
DA:1120,122
DA:1121,17
DA:1125,105
DA:1127,122
DA:1128,122
DA:1129,122
DA:1130,122
DA:1131,122
DA:1132,122
DA:1133,122
DA:1134,0
DA:1135,0
DA:1137,0
DA:1145,0
DA:1152,151
DA:1153,2490
DA:1154,102
DA:1155,102
DA:1156,102
DA:1157,119
DA:1159,102
DA:1160,0
DA:1162,102
DA:1165,2388
DA:1166,0
DA:1168,2388
DA:1173,151
DA:1174,4845
DA:1175,4845
DA:1176,0
DA:1178,4845
DA:1182,151
DA:1183,0
DA:1184,0
DA:1186,0
DA:1190,151
DA:1191,0
DA:1192,0
DA:1194,0
DA:1198,151
DA:1199,0
DA:1200,0
DA:1202,0
DA:1203,0
DA:1204,0
DA:1205,0
DA:1207,0
DA:1209,0
DA:1218,151
DA:1219,0
DA:1220,0
DA:1221,0
DA:1223,0
DA:1228,451
DA:1230,451
DA:1235,451
DA:1237,451
DA:1238,30
DA:1239,30
DA:1240,15
DA:1241,15
DA:1244,30
DA:1246,421
DA:1247,421
DA:1248,277
DA:1249,277
DA:1252,421
DA:1256,0
DA:1261,151
DA:1262,0
DA:1265,151
DA:1266,0
DA:1267,0
DA:1271,0
DA:1276,0
DA:1278,0
DA:1279,0
DA:1280,0
DA:1281,0
DA:1284,0
DA:1288,0
DA:1289,0
DA:1290,0
DA:1291,0
DA:1296,151
DA:1297,0
DA:1300,151
DA:1301,39
DA:1302,39
DA:1307,151
DA:1308,117
DA:1309,117
DA:1314,151
DA:1315,39
DA:1316,39
DA:1317,39
DA:1319,0
DA:1320,0
DA:1321,0
DA:1322,0
DA:1326,151
DA:1327,23
DA:1328,23
DA:1331,151
DA:1332,39
DA:1333,39
DA:1334,39
DA:1335,39
DA:1336,39
DA:1337,39
DA:1338,39
DA:1339,39
DA:1340,39
DA:1341,39
DA:1342,39
DA:1343,39
DA:1346,151
DA:1347,173
DA:1348,173
DA:1349,173
DA:1350,173
DA:1351,173
DA:1352,173
DA:1355,151
DA:1356,135
DA:1357,135
DA:1360,151
DA:1361,15
DA:1362,15
DA:1365,151
DA:1366,210
DA:1367,0
DA:1368,0
DA:1370,0
DA:1377,151
LF:760
LH:521
BRDA:148,0,0,0
BRDA:148,0,1,0
BRDA:185,1,0,258
BRDA:185,1,1,0
BRDA:189,2,0,258
BRDA:189,2,1,258
BRDA:201,3,0,17
BRDA:201,3,1,241
BRDA:222,4,0,255
BRDA:222,4,1,0
BRDA:222,5,0,255
BRDA:222,5,1,255
BRDA:224,6,0,39
BRDA:224,6,1,216
BRDA:227,7,0,39
BRDA:227,7,1,39
BRDA:227,7,2,39
BRDA:238,8,0,66
BRDA:238,8,1,150
BRDA:243,9,0,0
BRDA:243,9,1,216
BRDA:247,10,0,135
BRDA:247,10,1,81
BRDA:247,11,0,216
BRDA:247,11,1,199
BRDA:250,12,0,15
BRDA:250,12,1,201
BRDA:253,13,0,23
BRDA:253,13,1,193
BRDA:256,14,0,216
BRDA:256,14,1,216
BRDA:259,15,0,255
BRDA:259,15,1,0
BRDA:265,16,0,255
BRDA:265,16,1,0
BRDA:271,17,0,0
BRDA:271,17,1,255
BRDA:300,18,0,17
BRDA:300,18,1,238
BRDA:311,19,0,17
BRDA:311,19,1,238
BRDA:317,20,0,17
BRDA:317,20,1,238
BRDA:343,21,0,150
BRDA:343,21,1,105
BRDA:342,22,0,255
BRDA:342,22,1,238
BRDA:342,22,2,223
BRDA:346,23,0,17
BRDA:346,23,1,238
BRDA:347,24,0,17
BRDA:347,24,1,0
BRDA:356,25,0,118
BRDA:356,25,1,137
BRDA:389,26,0,258
BRDA:389,26,1,0
BRDA:391,27,0,0
BRDA:391,27,1,258
BRDA:403,28,0,415
BRDA:403,28,1,0
BRDA:403,29,0,415
BRDA:403,29,1,415
BRDA:404,30,0,17
BRDA:404,30,1,398
BRDA:417,31,0,0
BRDA:417,31,1,216
BRDA:417,32,0,216
BRDA:417,32,1,0
BRDA:418,33,0,0
BRDA:418,33,1,0
BRDA:440,34,0,255
BRDA:440,34,1,255
BRDA:440,35,0,510
BRDA:440,35,1,255
BRDA:442,36,0,255
BRDA:442,36,1,0
BRDA:447,37,0,255
BRDA:447,37,1,0
BRDA:459,38,0,510
BRDA:459,38,1,0
BRDA:467,39,0,0
BRDA:467,39,1,0
BRDA:477,40,0,0
BRDA:477,40,1,0
BRDA:552,41,0,15
BRDA:552,41,1,178
BRDA:552,42,0,193
BRDA:552,42,1,15
BRDA:552,42,2,15
BRDA:555,43,0,45
BRDA:555,43,1,0
BRDA:564,44,0,118
BRDA:564,44,1,60
BRDA:571,45,0,0
BRDA:571,45,1,60
BRDA:571,46,0,60
BRDA:571,46,1,0
BRDA:573,47,0,60
BRDA:573,47,1,0
BRDA:573,48,0,60
BRDA:573,48,1,0
BRDA:588,49,0,0
BRDA:588,49,1,193
BRDA:634,50,0,62
BRDA:634,50,1,0
BRDA:644,51,0,0
BRDA:644,51,1,62
BRDA:644,52,0,62
BRDA:644,52,1,0
BRDA:650,53,0,0
BRDA:650,53,1,0
BRDA:656,54,0,0
BRDA:656,54,1,0
BRDA:671,55,0,0
BRDA:671,55,1,62
BRDA:682,56,0,0
BRDA:682,56,1,62
BRDA:682,57,0,62
BRDA:682,57,1,0
BRDA:684,58,0,62
BRDA:684,58,1,0
BRDA:684,59,0,62
BRDA:684,59,1,0
BRDA:701,60,0,0
BRDA:701,60,1,62
BRDA:736,61,0,105
BRDA:736,61,1,0
BRDA:741,62,0,105
BRDA:741,62,1,0
BRDA:744,63,0,0
BRDA:744,63,1,183
BRDA:752,64,0,17
BRDA:752,64,1,0
BRDA:752,65,0,17
BRDA:752,65,1,17
BRDA:755,66,0,0
BRDA:755,66,1,17
BRDA:756,67,0,17
BRDA:756,67,1,0
BRDA:756,67,2,0
BRDA:761,68,0,0
BRDA:761,68,1,0
BRDA:777,69,0,34
BRDA:777,69,1,0
BRDA:780,70,0,0
BRDA:780,70,1,34
BRDA:781,71,0,34
BRDA:781,71,1,0
BRDA:781,71,2,0
BRDA:799,72,0,183
BRDA:799,72,1,0
BRDA:804,73,0,0
BRDA:804,73,1,183
BRDA:818,74,0,17
BRDA:818,74,1,288
BRDA:826,75,0,17
BRDA:826,75,1,0
BRDA:834,76,0,0
BRDA:834,76,1,17
BRDA:841,77,0,0
BRDA:841,77,1,17
BRDA:850,78,0,288
BRDA:850,78,1,0
BRDA:852,79,0,0
BRDA:852,79,1,483
BRDA:875,80,0,0
BRDA:875,80,1,17
BRDA:885,81,0,17
BRDA:885,81,1,0
BRDA:888,82,0,0
BRDA:888,82,1,17
BRDA:898,83,0,0
BRDA:898,83,1,0
BRDA:898,84,0,0
BRDA:898,84,1,0
BRDA:902,85,0,0
BRDA:902,85,1,0
BRDA:920,86,0,0
BRDA:920,86,1,0
BRDA:928,87,0,0
BRDA:928,87,1,0
BRDA:928,88,0,0
BRDA:928,88,1,0
BRDA:930,89,0,0
BRDA:930,89,1,0
BRDA:937,90,0,0
BRDA:937,90,1,0
BRDA:943,91,0,0
BRDA:943,91,1,0
BRDA:948,92,0,0
BRDA:948,92,1,0
BRDA:948,93,0,0
BRDA:948,93,1,0
BRDA:953,94,0,0
BRDA:953,94,1,0
BRDA:958,95,0,0
BRDA:958,95,1,0
BRDA:958,96,0,0
BRDA:958,96,1,0
BRDA:996,97,0,0
BRDA:996,97,1,0
BRDA:997,98,0,0
BRDA:997,98,1,0
BRDA:997,98,2,0
BRDA:1007,99,0,0
BRDA:1007,99,1,0
BRDA:1014,100,0,0
BRDA:1014,100,1,0
BRDA:1028,101,0,0
BRDA:1028,101,1,0
BRDA:1043,102,0,122
BRDA:1043,102,1,0
BRDA:1043,103,0,122
BRDA:1043,103,1,17
BRDA:1043,103,2,17
BRDA:1049,104,0,0
BRDA:1049,104,1,122
BRDA:1059,105,0,105
BRDA:1059,105,1,17
BRDA:1069,106,0,17
BRDA:1069,106,1,105
BRDA:1076,107,0,0
BRDA:1076,107,1,122
BRDA:1092,108,0,17
BRDA:1092,108,1,105
BRDA:1099,109,0,0
BRDA:1099,109,1,122
BRDA:1105,110,0,0
BRDA:1105,110,1,122
BRDA:1109,111,0,122
BRDA:1109,111,1,0
BRDA:1120,112,0,17
BRDA:1120,112,1,105
BRDA:1133,113,0,0
BRDA:1133,113,1,122
BRDA:1153,114,0,102
BRDA:1153,114,1,2388
BRDA:1159,115,0,0
BRDA:1159,115,1,102
BRDA:1165,116,0,0
BRDA:1165,116,1,2388
BRDA:1175,117,0,0
BRDA:1175,117,1,4845
BRDA:1183,118,0,0
BRDA:1183,118,1,0
BRDA:1191,119,0,0
BRDA:1191,119,1,0
BRDA:1199,120,0,0
BRDA:1199,120,1,0
BRDA:1213,121,0,0
BRDA:1213,121,1,0
BRDA:1220,122,0,0
BRDA:1220,122,1,0
BRDA:1231,123,0,185
BRDA:1231,123,1,266
BRDA:1230,124,0,451
BRDA:1230,124,1,339
BRDA:1230,124,2,300
BRDA:1233,125,0,30
BRDA:1233,125,1,236
BRDA:1237,126,0,30
BRDA:1237,126,1,421
BRDA:1240,127,0,15
BRDA:1240,127,1,0
BRDA:1248,128,0,277
BRDA:1248,128,1,0
BRDA:1266,129,0,0
BRDA:1266,129,1,0
BRDA:1266,130,0,0
BRDA:1266,130,1,0
BRDA:1272,131,0,0
BRDA:1272,131,1,0
BRDA:1271,132,0,0
BRDA:1271,132,1,0
BRDA:1271,132,2,0
BRDA:1274,133,0,0
BRDA:1274,133,1,0
BRDA:1303,134,0,39
BRDA:1303,134,1,0
BRDA:1310,135,0,39
BRDA:1310,135,1,78
BRDA:1315,136,0,39
BRDA:1315,136,1,0
BRDA:1366,137,0,0
BRDA:1366,137,1,210
BRF:285
BRH:145
end_of_record
TN:
SF:dist\root\src\app\components\projects\projects.component.ts
FN:1,(anonymous_886)
FN:22,(anonymous_890)
FN:66,ProjectsComponent
FN:79,(anonymous_892)
FN:84,(anonymous_893)
FN:91,(anonymous_894)
FN:93,(anonymous_895)
FN:98,(anonymous_896)
FN:105,(anonymous_897)
FN:109,(anonymous_898)
FN:113,(anonymous_899)
FN:116,(anonymous_900)
FN:123,(anonymous_901)
FN:126,(anonymous_902)
FN:135,(anonymous_903)
FN:143,(anonymous_904)
FN:148,(anonymous_905)
FN:156,(anonymous_906)
FN:176,(anonymous_907)
FN:181,(anonymous_908)
FN:191,(anonymous_909)
FN:197,(anonymous_910)
FN:208,(anonymous_911)
FN:211,(anonymous_912)
FN:231,(anonymous_913)
FN:238,(anonymous_914)
FN:243,(anonymous_915)
FN:251,(anonymous_916)
FN:259,(anonymous_917)
FN:272,(anonymous_918)
FN:275,(anonymous_919)
FN:289,(anonymous_920)
FN:296,(anonymous_921)
FN:313,(anonymous_922)
FN:317,(anonymous_923)
FN:331,(anonymous_924)
FN:338,(anonymous_925)
FN:355,(anonymous_926)
FN:359,(anonymous_927)
FN:365,(anonymous_928)
FN:379,(anonymous_929)
FN:386,(anonymous_930)
FN:392,(anonymous_931)
FN:396,(anonymous_932)
FN:418,(anonymous_933)
FN:426,(anonymous_934)
FN:441,(anonymous_935)
FN:445,(anonymous_936)
FN:449,(anonymous_937)
FN:455,(anonymous_938)
FNF:50
FNH:26
FNDA:302,(anonymous_886)
FNDA:151,(anonymous_890)
FNDA:790,ProjectsComponent
FNDA:790,(anonymous_892)
FNDA:790,(anonymous_893)
FNDA:0,(anonymous_894)
FNDA:0,(anonymous_895)
FNDA:24,(anonymous_896)
FNDA:24,(anonymous_897)
FNDA:23,(anonymous_898)
FNDA:0,(anonymous_899)
FNDA:0,(anonymous_900)
FNDA:868,(anonymous_901)
FNDA:868,(anonymous_902)
FNDA:0,(anonymous_903)
FNDA:0,(anonymous_904)
FNDA:28,(anonymous_905)
FNDA:0,(anonymous_906)
FNDA:0,(anonymous_907)
FNDA:0,(anonymous_908)
FNDA:0,(anonymous_909)
FNDA:0,(anonymous_910)
FNDA:27,(anonymous_911)
FNDA:27,(anonymous_912)
FNDA:0,(anonymous_913)
FNDA:28,(anonymous_914)
FNDA:0,(anonymous_915)
FNDA:26,(anonymous_916)
FNDA:26,(anonymous_917)
FNDA:26,(anonymous_918)
FNDA:25,(anonymous_919)
FNDA:0,(anonymous_920)
FNDA:78,(anonymous_921)
FNDA:18,(anonymous_922)
FNDA:0,(anonymous_923)
FNDA:0,(anonymous_924)
FNDA:96,(anonymous_925)
FNDA:21,(anonymous_926)
FNDA:0,(anonymous_927)
FNDA:0,(anonymous_928)
FNDA:0,(anonymous_929)
FNDA:27,(anonymous_930)
FNDA:0,(anonymous_931)
FNDA:28,(anonymous_932)
FNDA:28,(anonymous_933)
FNDA:27,(anonymous_934)
FNDA:0,(anonymous_935)
FNDA:0,(anonymous_936)
FNDA:0,(anonymous_937)
FNDA:0,(anonymous_938)
DA:1,1812
DA:22,151
DA:23,151
DA:26,790
DA:29,790
DA:30,790
DA:32,790
DA:34,790
DA:35,790
DA:36,790
DA:37,790
DA:40,790
DA:41,790
DA:49,790
DA:50,790
DA:51,790
DA:52,790
DA:53,790
DA:57,790
DA:58,790
DA:61,790
DA:62,790
DA:66,790
DA:67,790
DA:68,790
DA:69,790
DA:70,790
DA:71,790
DA:72,790
DA:74,790
DA:75,790
DA:76,790
DA:77,790
DA:78,790
DA:79,790
DA:80,790
DA:84,151
DA:85,790
DA:86,790
DA:87,790
DA:88,790
DA:91,151
DA:92,0
DA:93,0
DA:94,0
DA:98,151
DA:99,24
DA:103,24
DA:104,24
DA:106,24
DA:107,24
DA:108,24
DA:109,24
DA:110,23
DA:114,0
DA:115,0
DA:116,0
DA:117,0
DA:123,868
DA:124,868
DA:125,868
DA:127,868
DA:128,868
DA:129,1805
DA:131,868
DA:132,868
DA:136,0
DA:137,0
DA:138,0
DA:143,151
DA:144,0
DA:145,0
DA:148,151
DA:149,28
DA:150,0
DA:151,0
DA:152,0
DA:155,0
DA:157,0
DA:158,0
DA:159,0
DA:161,0
DA:162,0
DA:163,0
DA:164,0
DA:167,0
DA:170,0
DA:171,0
DA:172,0
DA:174,0
DA:176,0
DA:177,0
DA:182,0
DA:183,0
DA:187,28
DA:188,28
DA:189,28
DA:190,0
DA:192,0
DA:193,0
DA:194,0
DA:198,0
DA:199,0
DA:203,28
DA:208,151
DA:209,27
DA:210,27
DA:212,27
DA:213,27
DA:232,0
DA:233,0
DA:238,151
DA:239,28
DA:240,28
DA:243,151
DA:244,0
DA:245,0
DA:246,0
DA:251,151
DA:252,26
DA:253,0
DA:255,26
DA:259,151
DA:260,26
DA:261,26
DA:262,0
DA:263,0
DA:264,0
DA:265,26
DA:266,26
DA:267,26
DA:272,26
DA:273,26
DA:274,26
DA:275,26
DA:276,25
DA:279,26
DA:280,26
DA:281,26
DA:282,26
DA:283,26
DA:284,26
DA:289,151
DA:290,0
DA:291,0
DA:292,0
DA:293,0
DA:296,151
DA:297,78
DA:298,78
DA:299,78
DA:300,78
DA:303,78
DA:304,10
DA:307,68
DA:308,50
DA:312,18
DA:314,18
DA:315,0
DA:316,0
DA:317,0
DA:318,0
DA:320,18
DA:321,18
DA:332,0
DA:338,151
DA:339,96
DA:340,96
DA:341,96
DA:342,96
DA:345,96
DA:346,13
DA:349,83
DA:350,62
DA:354,21
DA:356,21
DA:357,0
DA:358,0
DA:359,0
DA:360,0
DA:362,21
DA:363,0
DA:364,0
DA:365,0
DA:366,0
DA:368,21
DA:369,21
DA:380,0
DA:386,151
DA:387,27
DA:388,27
DA:389,27
DA:392,151
DA:393,0
DA:396,151
DA:397,28
DA:398,28
DA:401,28
DA:402,0
DA:404,0
DA:405,28
DA:406,28
DA:408,28
DA:411,28
DA:412,28
DA:413,0
DA:414,0
DA:416,0
DA:418,28
DA:419,28
DA:421,28
DA:422,28
DA:426,151
DA:427,27
DA:441,151
DA:442,0
DA:445,151
DA:446,0
DA:447,0
DA:448,0
DA:449,0
DA:450,0
DA:451,0
DA:455,151
DA:456,0
DA:458,151
LF:226
LH:147
BRDA:149,0,0,0
BRDA:149,0,1,28
BRDA:151,1,0,0
BRDA:151,1,1,0
BRDA:157,2,0,0
BRDA:157,2,1,0
BRDA:157,3,0,0
BRDA:157,3,1,0
BRDA:158,4,0,0
BRDA:158,4,1,0
BRDA:161,5,0,0
BRDA:161,5,1,0
BRDA:163,6,0,0
BRDA:163,6,1,0
BRDA:168,7,0,0
BRDA:168,7,1,0
BRDA:171,8,0,0
BRDA:171,8,1,0
BRDA:189,9,0,0
BRDA:189,9,1,28
BRDA:192,10,0,0
BRDA:192,10,1,0
BRDA:212,11,0,27
BRDA:212,11,1,0
BRDA:219,12,0,0
BRDA:219,12,1,27
BRDA:245,13,0,0
BRDA:245,13,1,0
BRDA:252,14,0,0
BRDA:252,14,1,26
BRDA:261,15,0,0
BRDA:261,15,1,26
BRDA:261,16,0,26
BRDA:261,16,1,26
BRDA:265,17,0,26
BRDA:265,17,1,0
BRDA:265,18,0,26
BRDA:265,18,1,26
BRDA:265,18,2,0
BRDA:273,19,0,26
BRDA:273,19,1,0
BRDA:273,20,0,26
BRDA:273,20,1,26
BRDA:298,21,0,78
BRDA:298,21,1,0
BRDA:303,22,0,10
BRDA:303,22,1,68
BRDA:307,23,0,50
BRDA:307,23,1,18
BRDA:314,24,0,0
BRDA:314,24,1,18
BRDA:320,25,0,18
BRDA:320,25,1,0
BRDA:320,26,0,18
BRDA:320,26,1,18
BRDA:340,27,0,96
BRDA:340,27,1,0
BRDA:345,28,0,13
BRDA:345,28,1,83
BRDA:349,29,0,62
BRDA:349,29,1,21
BRDA:356,30,0,0
BRDA:356,30,1,21
BRDA:362,31,0,0
BRDA:362,31,1,21
BRDA:368,32,0,21
BRDA:368,32,1,0
BRDA:397,33,0,28
BRDA:397,33,1,0
BRDA:397,34,0,28
BRDA:397,34,1,28
BRDA:399,35,0,0
BRDA:399,35,1,28
BRDA:401,36,0,0
BRDA:401,36,1,28
BRDA:405,37,0,28
BRDA:405,37,1,0
BRDA:409,38,0,0
BRDA:409,38,1,28
BRDA:413,39,0,0
BRDA:413,39,1,0
BRDA:447,40,0,0
BRDA:447,40,1,0
BRF:83
BRH:38
end_of_record
TN:
SF:dist\root\src\app\components\projects\annotate\annotate.component.ts
FN:1,(anonymous_361)
FN:32,(anonymous_367)
FN:127,AnnotateComponent
FN:144,(anonymous_369)
FN:146,(anonymous_370)
FN:159,(anonymous_371)
FN:171,(anonymous_372)
FN:199,(anonymous_373)
FN:207,(anonymous_374)
FN:227,(anonymous_375)
FN:263,(anonymous_376)
FN:282,(anonymous_377)
FN:287,(anonymous_378)
FN:293,(anonymous_379)
FN:305,(anonymous_380)
FN:325,(anonymous_381)
FN:334,(anonymous_382)
FN:354,(anonymous_383)
FN:358,(anonymous_384)
FN:364,(anonymous_385)
FN:369,(anonymous_386)
FN:373,(anonymous_387)
FN:377,(anonymous_388)
FN:381,(anonymous_389)
FN:450,(anonymous_390)
FN:455,(anonymous_391)
FN:463,(anonymous_392)
FN:471,(anonymous_393)
FN:485,(anonymous_394)
FN:490,(anonymous_395)
FN:504,(anonymous_396)
FN:555,(anonymous_397)
FN:564,(anonymous_398)
FN:631,(anonymous_399)
FN:636,(anonymous_400)
FN:644,(anonymous_401)
FN:648,(anonymous_402)
FN:651,(anonymous_403)
FN:661,(anonymous_404)
FN:685,(anonymous_405)
FN:725,(anonymous_406)
FN:756,(anonymous_407)
FN:763,(anonymous_408)
FN:771,(anonymous_409)
FN:825,(anonymous_410)
FN:842,(anonymous_411)
FN:889,(anonymous_412)
FN:929,(anonymous_413)
FN:935,(anonymous_414)
FN:940,(anonymous_415)
FN:943,(anonymous_416)
FN:954,(anonymous_417)
FN:957,(anonymous_418)
FN:966,(anonymous_419)
FN:974,(anonymous_420)
FN:976,(anonymous_421)
FN:979,(anonymous_422)
FN:985,(anonymous_423)
FN:1021,(anonymous_424)
FN:1023,(anonymous_425)
FN:1043,(anonymous_426)
FN:1050,(anonymous_427)
FN:1056,(anonymous_428)
FN:1074,(anonymous_429)
FN:1080,(anonymous_430)
FN:1117,(anonymous_431)
FN:1157,(anonymous_432)
FN:1172,(anonymous_433)
FN:1183,(anonymous_434)
FN:1192,(anonymous_435)
FN:1266,(anonymous_436)
FN:1290,(anonymous_437)
FN:1299,(anonymous_438)
FN:1383,(anonymous_439)
FN:1408,(anonymous_440)
FN:1427,(anonymous_441)
FN:1467,(anonymous_442)
FN:1474,(anonymous_443)
FN:1479,(anonymous_444)
FN:1483,(anonymous_445)
FN:1489,(anonymous_446)
FN:1500,(anonymous_447)
FN:1508,(anonymous_448)
FN:1524,(anonymous_449)
FN:1530,(anonymous_450)
FN:1540,(anonymous_451)
FN:1579,(anonymous_452)
FN:1590,(anonymous_453)
FN:1602,(anonymous_454)
FN:1613,(anonymous_455)
FN:1673,(anonymous_456)
FN:1692,(anonymous_457)
FN:1725,(anonymous_458)
FN:1726,(anonymous_459)
FN:1727,(anonymous_460)
FN:1740,(anonymous_461)
FN:1742,(anonymous_462)
FN:1765,(anonymous_463)
FN:1780,(anonymous_464)
FN:1781,(anonymous_465)
FN:1787,(anonymous_466)
FN:1796,(anonymous_467)
FN:1873,(anonymous_468)
FN:1878,(anonymous_469)
FN:1883,(anonymous_470)
FN:1898,(anonymous_471)
FN:1922,(anonymous_472)
FN:1933,(anonymous_473)
FN:1939,(anonymous_474)
FN:1951,(anonymous_475)
FN:1979,(anonymous_476)
FN:1981,(anonymous_477)
FN:1991,(anonymous_478)
FN:1992,(anonymous_479)
FN:2008,(anonymous_480)
FN:2037,(anonymous_481)
FN:2061,(anonymous_482)
FN:2069,(anonymous_483)
FN:2076,(anonymous_484)
FN:2080,(anonymous_485)
FN:2123,(anonymous_486)
FN:2128,(anonymous_487)
FN:2129,(anonymous_488)
FN:2147,(anonymous_489)
FN:2155,(anonymous_490)
FN:2161,(anonymous_491)
FN:2174,(anonymous_492)
FN:2183,(anonymous_493)
FN:2187,(anonymous_494)
FN:2197,(anonymous_495)
FN:2201,(anonymous_496)
FN:2207,(anonymous_497)
FN:2213,(anonymous_498)
FN:2215,(anonymous_499)
FN:2229,(anonymous_500)
FN:2246,(anonymous_501)
FN:2250,(anonymous_502)
FN:2295,(anonymous_503)
FN:2325,(anonymous_504)
FN:2384,(anonymous_505)
FN:2413,(anonymous_506)
FN:2463,(anonymous_507)
FN:2492,(anonymous_508)
FN:2504,(anonymous_509)
FN:2506,(anonymous_510)
FN:2512,(anonymous_511)
FN:2523,(anonymous_512)
FN:2525,(anonymous_513)
FN:2529,(anonymous_514)
FN:2531,(anonymous_515)
FN:2557,(anonymous_516)
FN:2559,(anonymous_517)
FN:2579,(anonymous_518)
FN:2584,(anonymous_519)
FN:2588,(anonymous_520)
FN:2592,(anonymous_521)
FN:2596,(anonymous_522)
FN:2601,(anonymous_523)
FN:2621,(anonymous_524)
FN:2641,(anonymous_525)
FN:2663,(anonymous_526)
FN:2671,(anonymous_527)
FN:2676,(anonymous_528)
FN:2677,(anonymous_529)
FN:2678,(anonymous_530)
FN:2694,(anonymous_531)
FN:2704,(anonymous_532)
FN:2708,(anonymous_533)
FN:2713,(anonymous_534)
FN:2715,(anonymous_535)
FN:2717,(anonymous_536)
FN:2723,(anonymous_537)
FN:2728,(anonymous_538)
FN:2734,(anonymous_539)
FN:2742,(anonymous_540)
FN:2768,(anonymous_541)
FN:2775,(anonymous_542)
FN:2779,(anonymous_543)
FN:2783,(anonymous_544)
FN:2792,(anonymous_545)
FN:2796,(anonymous_546)
FN:2801,(anonymous_547)
FN:2805,(anonymous_548)
FN:2829,(anonymous_549)
FN:2831,(anonymous_550)
FN:2837,(anonymous_551)
FN:2842,(anonymous_552)
FNF:187
FNH:128
FNDA:302,(anonymous_361)
FNDA:151,(anonymous_367)
FNDA:341,AnnotateComponent
FNDA:341,(anonymous_369)
FNDA:341,(anonymous_370)
FNDA:341,(anonymous_371)
FNDA:341,(anonymous_372)
FNDA:271,(anonymous_373)
FNDA:271,(anonymous_374)
FNDA:14,(anonymous_375)
FNDA:37,(anonymous_376)
FNDA:0,(anonymous_377)
FNDA:271,(anonymous_378)
FNDA:112,(anonymous_379)
FNDA:451,(anonymous_380)
FNDA:210,(anonymous_381)
FNDA:210,(anonymous_382)
FNDA:0,(anonymous_383)
FNDA:210,(anonymous_384)
FNDA:41,(anonymous_385)
FNDA:29,(anonymous_386)
FNDA:70,(anonymous_387)
FNDA:0,(anonymous_388)
FNDA:467,(anonymous_389)
FNDA:327,(anonymous_390)
FNDA:0,(anonymous_391)
FNDA:0,(anonymous_392)
FNDA:140,(anonymous_393)
FNDA:140,(anonymous_394)
FNDA:688,(anonymous_395)
FNDA:338,(anonymous_396)
FNDA:0,(anonymous_397)
FNDA:0,(anonymous_398)
FNDA:327,(anonymous_399)
FNDA:327,(anonymous_400)
FNDA:0,(anonymous_401)
FNDA:327,(anonymous_402)
FNDA:152,(anonymous_403)
FNDA:537,(anonymous_404)
FNDA:584,(anonymous_405)
FNDA:14,(anonymous_406)
FNDA:37,(anonymous_407)
FNDA:0,(anonymous_408)
FNDA:221,(anonymous_409)
FNDA:221,(anonymous_410)
FNDA:221,(anonymous_411)
FNDA:0,(anonymous_412)
FNDA:37,(anonymous_413)
FNDA:0,(anonymous_414)
FNDA:221,(anonymous_415)
FNDA:76,(anonymous_416)
FNDA:221,(anonymous_417)
FNDA:37,(anonymous_418)
FNDA:0,(anonymous_419)
FNDA:341,(anonymous_420)
FNDA:341,(anonymous_421)
FNDA:0,(anonymous_422)
FNDA:0,(anonymous_423)
FNDA:341,(anonymous_424)
FNDA:341,(anonymous_425)
FNDA:0,(anonymous_426)
FNDA:927,(anonymous_427)
FNDA:927,(anonymous_428)
FNDA:0,(anonymous_429)
FNDA:0,(anonymous_430)
FNDA:0,(anonymous_431)
FNDA:140,(anonymous_432)
FNDA:0,(anonymous_433)
FNDA:0,(anonymous_434)
FNDA:0,(anonymous_435)
FNDA:86,(anonymous_436)
FNDA:0,(anonymous_437)
FNDA:0,(anonymous_438)
FNDA:221,(anonymous_439)
FNDA:221,(anonymous_440)
FNDA:0,(anonymous_441)
FNDA:76,(anonymous_442)
FNDA:35,(anonymous_443)
FNDA:0,(anonymous_444)
FNDA:221,(anonymous_445)
FNDA:37,(anonymous_446)
FNDA:74,(anonymous_447)
FNDA:44,(anonymous_448)
FNDA:0,(anonymous_449)
FNDA:74,(anonymous_450)
FNDA:1403,(anonymous_451)
FNDA:1600,(anonymous_452)
FNDA:0,(anonymous_453)
FNDA:345,(anonymous_454)
FNDA:0,(anonymous_455)
FNDA:0,(anonymous_456)
FNDA:0,(anonymous_457)
FNDA:16,(anonymous_458)
FNDA:16,(anonymous_459)
FNDA:32,(anonymous_460)
FNDA:329,(anonymous_461)
FNDA:658,(anonymous_462)
FNDA:1028,(anonymous_463)
FNDA:909,(anonymous_464)
FNDA:44,(anonymous_465)
FNDA:64,(anonymous_466)
FNDA:64,(anonymous_467)
FNDA:48,(anonymous_468)
FNDA:32,(anonymous_469)
FNDA:16,(anonymous_470)
FNDA:48,(anonymous_471)
FNDA:16,(anonymous_472)
FNDA:16,(anonymous_473)
FNDA:0,(anonymous_474)
FNDA:64,(anonymous_475)
FNDA:86,(anonymous_476)
FNDA:86,(anonymous_477)
FNDA:0,(anonymous_478)
FNDA:0,(anonymous_479)
FNDA:0,(anonymous_480)
FNDA:70,(anonymous_481)
FNDA:0,(anonymous_482)
FNDA:0,(anonymous_483)
FNDA:96,(anonymous_484)
FNDA:192,(anonymous_485)
FNDA:516,(anonymous_486)
FNDA:812,(anonymous_487)
FNDA:812,(anonymous_488)
FNDA:28,(anonymous_489)
FNDA:955,(anonymous_490)
FNDA:22350,(anonymous_491)
FNDA:28,(anonymous_492)
FNDA:0,(anonymous_493)
FNDA:14,(anonymous_494)
FNDA:0,(anonymous_495)
FNDA:0,(anonymous_496)
FNDA:0,(anonymous_497)
FNDA:385,(anonymous_498)
FNDA:770,(anonymous_499)
FNDA:2187,(anonymous_500)
FNDA:1762,(anonymous_501)
FNDA:1762,(anonymous_502)
FNDA:0,(anonymous_503)
FNDA:0,(anonymous_504)
FNDA:0,(anonymous_505)
FNDA:0,(anonymous_506)
FNDA:0,(anonymous_507)
FNDA:0,(anonymous_508)
FNDA:1762,(anonymous_509)
FNDA:2009,(anonymous_510)
FNDA:3506,(anonymous_511)
FNDA:857,(anonymous_512)
FNDA:25710,(anonymous_513)
FNDA:3360,(anonymous_514)
FNDA:3360,(anonymous_515)
FNDA:857,(anonymous_516)
FNDA:658,(anonymous_517)
FNDA:0,(anonymous_518)
FNDA:860,(anonymous_519)
FNDA:112,(anonymous_520)
FNDA:0,(anonymous_521)
FNDA:112,(anonymous_522)
FNDA:112,(anonymous_523)
FNDA:112,(anonymous_524)
FNDA:285,(anonymous_525)
FNDA:0,(anonymous_526)
FNDA:80,(anonymous_527)
FNDA:80,(anonymous_528)
FNDA:80,(anonymous_529)
FNDA:0,(anonymous_530)
FNDA:0,(anonymous_531)
FNDA:0,(anonymous_532)
FNDA:0,(anonymous_533)
FNDA:210,(anonymous_534)
FNDA:210,(anonymous_535)
FNDA:420,(anonymous_536)
FNDA:210,(anonymous_537)
FNDA:0,(anonymous_538)
FNDA:70,(anonymous_539)
FNDA:49,(anonymous_540)
FNDA:0,(anonymous_541)
FNDA:21,(anonymous_542)
FNDA:70,(anonymous_543)
FNDA:259,(anonymous_544)
FNDA:212,(anonymous_545)
FNDA:0,(anonymous_546)
FNDA:0,(anonymous_547)
FNDA:0,(anonymous_548)
FNDA:812,(anonymous_549)
FNDA:812,(anonymous_550)
FNDA:0,(anonymous_551)
FNDA:285,(anonymous_552)
DA:1,2416
DA:32,151
DA:33,151
DA:48,341
DA:63,341
DA:66,341
DA:67,341
DA:73,341
DA:74,341
DA:77,341
DA:79,341
DA:80,341
DA:81,341
DA:82,341
DA:83,341
DA:84,341
DA:117,341
DA:118,341
DA:121,341
DA:123,341
DA:125,341
DA:128,341
DA:129,341
DA:130,341
DA:131,341
DA:132,341
DA:133,341
DA:134,341
DA:135,341
DA:136,341
DA:137,341
DA:138,341
DA:139,341
DA:141,341
DA:144,151
DA:146,341
DA:147,341
DA:148,341
DA:149,341
DA:150,341
DA:151,341
DA:152,341
DA:153,341
DA:154,341
DA:155,341
DA:156,341
DA:157,341
DA:159,341
DA:160,341
DA:161,341
DA:162,341
DA:163,341
DA:164,341
DA:165,341
DA:167,341
DA:168,341
DA:171,151
DA:172,341
DA:173,341
DA:184,341
DA:185,341
DA:199,271
DA:200,271
DA:201,271
DA:202,271
DA:205,271
DA:206,271
DA:208,271
DA:209,271
DA:210,0
DA:211,0
DA:213,271
DA:218,129
DA:219,129
DA:221,271
DA:222,16
DA:223,16
DA:225,271
DA:226,14
DA:227,14
DA:228,14
DA:229,14
DA:245,14
DA:248,271
DA:249,112
DA:250,112
DA:255,271
DA:256,0
DA:259,271
DA:260,37
DA:261,37
DA:263,37
DA:264,37
DA:267,234
DA:268,112
DA:270,234
DA:271,234
DA:277,29
DA:283,0
DA:284,0
DA:285,0
DA:288,271
DA:289,271
DA:292,271
DA:293,112
DA:294,112
DA:298,112
DA:305,151
DA:306,451
DA:307,0
DA:308,0
DA:309,0
DA:310,0
DA:311,0
DA:312,0
DA:313,0
DA:315,0
DA:316,0
DA:317,0
DA:318,0
DA:325,210
DA:326,210
DA:327,210
DA:335,210
DA:336,210
DA:337,0
DA:338,0
DA:340,210
DA:341,210
DA:342,210
DA:343,210
DA:344,210
DA:345,0
DA:347,210
DA:348,210
DA:349,210
DA:350,210
DA:351,210
DA:355,0
DA:356,0
DA:359,210
DA:364,151
DA:365,41
DA:366,41
DA:369,151
DA:370,29
DA:373,151
DA:374,70
DA:377,151
DA:378,0
DA:381,467
DA:382,467
DA:383,467
DA:384,467
DA:385,467
DA:386,467
DA:387,467
DA:388,140
DA:390,327
DA:400,327
DA:407,22
DA:408,0
DA:409,0
DA:410,0
DA:411,0
DA:412,0
DA:415,0
DA:416,0
DA:418,0
DA:420,305
DA:421,32
DA:422,273
DA:423,14
DA:424,14
DA:425,14
DA:426,259
DA:427,152
DA:428,152
DA:432,107
DA:433,0
DA:434,0
DA:435,0
DA:436,0
DA:437,0
DA:438,0
DA:439,0
DA:442,0
DA:443,0
DA:444,0
DA:448,327
DA:449,327
DA:451,327
DA:452,0
DA:453,0
DA:455,0
DA:456,0
DA:459,327
DA:460,327
DA:464,0
DA:465,0
DA:471,151
DA:472,140
DA:473,140
DA:474,140
DA:478,140
DA:479,70
DA:481,70
DA:482,70
DA:483,70
DA:485,140
DA:486,140
DA:490,151
DA:492,688
DA:493,688
DA:494,297
DA:495,373
DA:496,0
DA:497,0
DA:500,297
DA:504,151
DA:505,338
DA:506,162
DA:508,0
DA:512,0
DA:513,0
DA:514,0
DA:516,162
DA:522,0
DA:523,0
DA:524,0
DA:525,0
DA:527,162
DA:532,0
DA:533,0
DA:534,0
DA:535,0
DA:537,0
DA:539,0
DA:540,0
DA:541,0
DA:542,0
DA:545,162
DA:550,162
DA:551,162
DA:552,162
DA:553,86
DA:554,70
DA:555,0
DA:556,0
DA:557,0
DA:558,0
DA:559,0
DA:560,0
DA:561,0
DA:564,0
DA:565,0
DA:566,0
DA:567,0
DA:568,0
DA:569,0
DA:570,0
DA:574,70
DA:584,70
DA:595,70
DA:596,140
DA:597,140
DA:598,140
DA:599,0
DA:600,0
DA:601,140
DA:602,140
DA:603,140
DA:604,0
DA:605,0
DA:606,0
DA:608,140
DA:609,0
DA:610,0
DA:611,0
DA:614,140
DA:615,70
DA:616,70
DA:617,70
DA:622,16
DA:623,16
DA:631,327
DA:632,327
DA:635,327
DA:637,327
DA:638,327
DA:639,0
DA:640,0
DA:642,327
DA:645,0
DA:646,0
DA:649,327
DA:650,327
DA:651,152
DA:652,152
DA:661,537
DA:663,537
DA:664,467
DA:665,467
DA:674,467
DA:675,46
DA:676,14
DA:682,46
DA:683,421
DA:684,292
DA:685,292
DA:686,584
DA:687,876
DA:688,584
DA:689,584
DA:693,292
DA:695,0
DA:698,129
DA:700,467
DA:701,467
DA:702,467
DA:704,467
DA:709,537
DA:710,537
DA:711,537
DA:716,129
DA:718,537
DA:719,32
DA:720,32
DA:722,537
DA:723,14
DA:725,14
DA:726,14
DA:741,14
DA:744,537
DA:745,362
DA:746,362
DA:750,362
DA:752,537
DA:753,0
DA:755,537
DA:756,37
DA:757,37
DA:760,537
DA:763,151
DA:764,0
DA:765,0
DA:767,0
DA:771,151
DA:772,221
DA:773,221
DA:774,221
DA:775,221
DA:776,221
DA:778,0
DA:784,0
DA:785,0
DA:786,0
DA:788,0
DA:789,0
DA:790,0
DA:791,0
DA:792,0
DA:797,0
DA:802,0
DA:803,0
DA:805,0
DA:807,0
DA:808,0
DA:813,0
DA:814,0
DA:815,0
DA:816,0
DA:817,0
DA:818,0
DA:820,0
DA:825,221
DA:826,221
DA:827,221
DA:828,221
DA:829,221
DA:830,221
DA:834,221
DA:835,0
DA:836,0
DA:837,0
DA:838,0
DA:841,221
DA:843,221
DA:844,0
DA:845,0
DA:848,221
DA:849,221
DA:850,0
DA:856,221
DA:869,221
DA:870,221
DA:872,221
DA:874,221
DA:875,221
DA:876,221
DA:881,129
DA:883,221
DA:884,16
DA:885,16
DA:887,221
DA:888,0
DA:889,0
DA:890,0
DA:906,0
DA:909,221
DA:910,76
DA:911,76
DA:915,76
DA:916,76
DA:917,76
DA:918,0
DA:919,0
DA:920,0
DA:923,221
DA:924,0
DA:926,221
DA:927,221
DA:928,221
DA:929,37
DA:930,37
DA:933,221
DA:936,0
DA:937,0
DA:938,0
DA:941,221
DA:942,221
DA:943,76
DA:944,76
DA:949,221
DA:954,221
DA:955,221
DA:956,221
DA:957,37
DA:958,37
DA:961,221
DA:962,221
DA:963,221
DA:966,151
DA:967,0
DA:968,0
DA:969,0
DA:970,0
DA:971,0
DA:974,341
DA:975,341
DA:977,341
DA:980,0
DA:985,151
DA:986,0
DA:987,0
DA:988,0
DA:989,0
DA:990,0
DA:991,0
DA:997,0
DA:999,0
DA:1000,0
DA:1001,0
DA:1002,0
DA:1005,0
DA:1006,0
DA:1007,0
DA:1008,0
DA:1009,0
DA:1010,0
DA:1011,0
DA:1012,0
DA:1013,0
DA:1014,0
DA:1015,0
DA:1016,0
DA:1017,0
DA:1021,341
DA:1022,341
DA:1024,341
DA:1025,341
DA:1026,341
DA:1027,341
DA:1028,341
DA:1029,341
DA:1030,341
DA:1031,37
DA:1032,37
DA:1034,304
DA:1036,341
DA:1037,70
DA:1038,70
DA:1040,271
DA:1044,0
DA:1045,0
DA:1050,927
DA:1051,927
DA:1055,927
DA:1057,927
DA:1058,329
DA:1062,927
DA:1063,927
DA:1075,0
DA:1080,151
DA:1081,0
DA:1082,0
DA:1084,0
DA:1086,0
DA:1087,0
DA:1088,0
DA:1089,0
DA:1091,0
DA:1093,0
DA:1094,0
DA:1096,0
DA:1099,0
DA:1100,0
DA:1101,0
DA:1102,0
DA:1104,0
DA:1105,0
DA:1106,0
DA:1107,0
DA:1111,0
DA:1117,151
DA:1118,0
DA:1119,0
DA:1122,0
DA:1123,0
DA:1126,0
DA:1127,0
DA:1133,0
DA:1134,0
DA:1135,0
DA:1136,0
DA:1137,0
DA:1138,0
DA:1139,0
DA:1141,0
DA:1145,0
DA:1148,0
DA:1149,0
DA:1153,0
DA:1157,151
DA:1158,140
DA:1161,140
DA:1162,140
DA:1167,0
DA:1169,140
DA:1170,140
DA:1171,140
DA:1172,0
DA:1173,0
DA:1174,0
DA:1177,0
DA:1179,140
DA:1181,140
DA:1182,140
DA:1183,0
DA:1184,0
DA:1185,0
DA:1186,0
DA:1187,0
DA:1188,0
DA:1189,0
DA:1192,0
DA:1193,0
DA:1194,0
DA:1195,0
DA:1196,0
DA:1197,0
DA:1198,0
DA:1202,140
DA:1208,140
DA:1209,140
DA:1210,0
DA:1212,140
DA:1217,140
DA:1218,280
DA:1219,280
DA:1220,280
DA:1221,0
DA:1222,0
DA:1223,280
DA:1224,280
DA:1225,280
DA:1226,0
DA:1227,0
DA:1228,0
DA:1230,280
DA:1231,0
DA:1233,0
DA:1236,140
DA:1237,140
DA:1238,70
DA:1242,70
DA:1243,70
DA:1244,0
DA:1248,0
DA:1249,70
DA:1250,0
DA:1251,70
DA:1252,70
DA:1255,0
DA:1257,0
DA:1260,0
DA:1262,0
DA:1266,151
DA:1267,86
DA:1268,86
DA:1269,86
DA:1270,86
DA:1271,86
DA:1272,70
DA:1278,0
DA:1279,70
DA:1284,70
DA:1285,70
DA:1286,70
DA:1287,0
DA:1288,0
DA:1289,0
DA:1290,0
DA:1291,0
DA:1292,0
DA:1293,0
DA:1294,0
DA:1295,0
DA:1296,0
DA:1299,0
DA:1300,0
DA:1301,0
DA:1302,0
DA:1303,0
DA:1304,0
DA:1305,0
DA:1309,0
DA:1319,0
DA:1329,0
DA:1330,0
DA:1331,0
DA:1332,0
DA:1333,0
DA:1334,0
DA:1335,0
DA:1336,0
DA:1337,0
DA:1338,0
DA:1339,0
DA:1340,0
DA:1342,0
DA:1343,0
DA:1345,0
DA:1348,0
DA:1349,0
DA:1353,0
DA:1355,0
DA:1357,0
DA:1361,70
DA:1362,70
DA:1365,0
DA:1369,0
DA:1372,16
DA:1376,16
DA:1379,0
DA:1383,221
DA:1384,221
DA:1385,221
DA:1386,221
DA:1387,221
DA:1388,221
DA:1389,221
DA:1390,518
DA:1391,0
DA:1392,0
DA:1396,221
DA:1400,221
DA:1401,0
DA:1402,0
DA:1403,0
DA:1404,0
DA:1407,221
DA:1409,221
DA:1410,221
DA:1411,0
DA:1412,0
DA:1414,221
DA:1419,129
DA:1421,221
DA:1422,16
DA:1423,16
DA:1425,221
DA:1426,0
DA:1427,0
DA:1428,0
DA:1445,0
DA:1448,221
DA:1449,76
DA:1450,76
DA:1454,76
DA:1455,76
DA:1456,76
DA:1457,0
DA:1458,0
DA:1459,0
DA:1462,221
DA:1463,0
DA:1465,221
DA:1466,221
DA:1467,76
DA:1468,76
DA:1473,221
DA:1474,37
DA:1475,35
DA:1480,0
DA:1481,0
DA:1484,221
DA:1489,151
DA:1490,37
DA:1491,0
DA:1492,0
DA:1494,37
DA:1495,37
DA:1496,37
DA:1500,151
DA:1501,74
DA:1502,74
DA:1504,0
DA:1508,151
DA:1509,44
DA:1510,44
DA:1511,44
DA:1512,44
DA:1513,44
DA:1514,44
DA:1515,44
DA:1516,44
DA:1517,44
DA:1519,0
DA:1520,0
DA:1521,0
DA:1522,0
DA:1523,0
DA:1524,0
DA:1530,151
DA:1531,74
DA:1532,74
DA:1533,74
DA:1534,74
DA:1536,0
DA:1540,151
DA:1541,1403
DA:1542,1403
DA:1549,87
DA:1550,58
DA:1552,87
DA:1553,1316
DA:1561,234
DA:1562,156
DA:1564,234
DA:1565,1082
DA:1572,66
DA:1573,66
DA:1574,1016
DA:1575,112
DA:1576,112
DA:1577,904
DA:1578,876
DA:1579,876
DA:1580,1600
DA:1582,876
DA:1583,876
DA:1584,28
DA:1585,28
DA:1586,28
DA:1590,151
DA:1591,0
DA:1592,0
DA:1593,0
DA:1594,0
DA:1597,0
DA:1598,0
DA:1602,345
DA:1603,345
DA:1604,0
DA:1605,345
DA:1613,0
DA:1614,0
DA:1616,0
DA:1618,0
DA:1619,0
DA:1620,0
DA:1622,0
DA:1627,0
DA:1629,0
DA:1634,0
DA:1636,0
DA:1641,0
DA:1643,0
DA:1648,0
DA:1650,0
DA:1655,0
DA:1657,0
DA:1662,0
DA:1664,345
DA:1665,0
DA:1666,345
DA:1673,0
DA:1674,0
DA:1675,0
DA:1676,0
DA:1677,0
DA:1679,0
DA:1680,0
DA:1681,0
DA:1682,0
DA:1683,0
DA:1684,0
DA:1687,0
DA:1688,0
DA:1690,0
DA:1692,0
DA:1693,0
DA:1694,0
DA:1695,0
DA:1700,0
DA:1705,0
DA:1710,0
DA:1716,345
DA:1722,16
DA:1723,16
DA:1724,16
DA:1725,16
DA:1726,16
DA:1727,16
DA:1728,32
DA:1729,32
DA:1730,32
DA:1738,329
DA:1739,329
DA:1740,329
DA:1741,329
DA:1742,329
DA:1743,658
DA:1744,987
DA:1745,658
DA:1746,658
DA:1747,658
DA:1751,329
DA:1760,345
DA:1761,86
DA:1765,151
DA:1766,1028
DA:1769,1028
DA:1770,1028
DA:1771,1028
DA:1772,1028
DA:1773,1028
DA:1774,1028
DA:1775,563
DA:1777,1028
DA:1780,909
DA:1781,909
DA:1782,44
DA:1783,44
DA:1787,151
DA:1788,64
DA:1789,64
DA:1790,32
DA:1792,32
DA:1796,151
DA:1797,64
DA:1799,64
DA:1800,32
DA:1802,32
DA:1805,64
DA:1807,64
DA:1809,64
DA:1810,64
DA:1811,0
DA:1816,64
DA:1817,64
DA:1818,64
DA:1819,64
DA:1820,64
DA:1825,64
DA:1826,64
DA:1827,64
DA:1828,64
DA:1832,64
DA:1833,64
DA:1834,64
DA:1838,64
DA:1839,64
DA:1840,64
DA:1842,64
DA:1843,64
DA:1849,64
DA:1850,64
DA:1851,64
DA:1852,64
DA:1853,64
DA:1854,64
DA:1855,64
DA:1858,64
DA:1861,64
DA:1864,64
DA:1866,64
DA:1867,64
DA:1868,64
DA:1873,151
DA:1874,48
DA:1875,48
DA:1878,151
DA:1879,32
DA:1880,32
DA:1883,151
DA:1884,16
DA:1885,16
DA:1887,16
DA:1891,16
DA:1892,16
DA:1894,16
DA:1895,0
DA:1898,16
DA:1899,48
DA:1900,16
DA:1901,16
DA:1902,16
DA:1903,16
DA:1904,16
DA:1905,16
DA:1909,16
DA:1910,16
DA:1911,16
DA:1912,16
DA:1913,16
DA:1916,16
DA:1920,16
DA:1922,16
DA:1923,16
DA:1924,16
DA:1927,16
DA:1933,151
DA:1934,16
DA:1935,16
DA:1936,16
DA:1937,0
DA:1939,0
DA:1940,0
DA:1941,0
DA:1942,0
DA:1944,0
DA:1945,0
DA:1951,151
DA:1954,64
DA:1955,64
DA:1956,64
DA:1957,0
DA:1958,0
DA:1959,0
DA:1960,0
DA:1962,0
DA:1963,64
DA:1964,0
DA:1965,0
DA:1966,0
DA:1967,0
DA:1969,0
DA:1970,64
DA:1971,64
DA:1972,64
DA:1975,0
DA:1979,151
DA:1980,86
DA:1982,86
DA:1983,86
DA:1984,86
DA:1985,86
DA:1990,0
DA:1991,0
DA:1992,0
DA:1993,0
DA:1994,0
DA:1995,0
DA:1999,86
DA:2000,0
DA:2008,0
DA:2009,0
DA:2021,0
DA:2022,0
DA:2023,0
DA:2028,0
DA:2029,0
DA:2030,0
DA:2031,0
DA:2035,86
DA:2036,70
DA:2037,70
DA:2038,70
DA:2041,86
DA:2042,0
DA:2044,86
DA:2045,16
DA:2047,86
DA:2048,86
DA:2049,86
DA:2050,86
DA:2051,86
DA:2052,86
DA:2056,86
DA:2057,86
DA:2058,86
DA:2060,86
DA:2061,0
DA:2062,0
DA:2066,0
DA:2070,0
DA:2071,0
DA:2076,151
DA:2077,96
DA:2078,96
DA:2079,96
DA:2080,96
DA:2081,192
DA:2082,192
DA:2084,96
DA:2086,96
DA:2091,16
DA:2092,16
DA:2093,16
DA:2094,32
DA:2095,32
DA:2096,48
DA:2097,32
DA:2099,48
DA:2100,32
DA:2101,32
DA:2102,32
DA:2103,32
DA:2105,0
DA:2106,0
DA:2107,0
DA:2109,0
DA:2111,32
DA:2117,96
DA:2119,0
DA:2123,151
DA:2124,516
DA:2125,516
DA:2126,516
DA:2127,516
DA:2128,516
DA:2129,812
DA:2130,812
DA:2133,516
DA:2134,516
DA:2135,516
DA:2136,0
DA:2138,516
DA:2139,516
DA:2141,516
DA:2143,0
DA:2147,151
DA:2148,28
DA:2149,28
DA:2151,0
DA:2155,151
DA:2156,955
DA:2157,955
DA:2158,955
DA:2159,955
DA:2160,745
DA:2161,745
DA:2162,22350
DA:2163,22350
DA:2166,745
DA:2168,955
DA:2170,0
DA:2174,151
DA:2175,28
DA:2176,28
DA:2177,28
DA:2178,28
DA:2179,28
DA:2180,28
DA:2183,151
DA:2184,0
DA:2187,151
DA:2189,14
DA:2193,0
DA:2197,151
DA:2198,0
DA:2201,151
DA:2202,0
DA:2203,0
DA:2204,0
DA:2207,151
DA:2208,0
DA:2209,0
DA:2210,0
DA:2213,385
DA:2214,385
DA:2215,385
DA:2216,770
DA:2217,0
DA:2219,770
DA:2220,742
DA:2222,28
DA:2223,28
DA:2229,151
DA:2230,2187
DA:2234,84
DA:2236,84
DA:2238,84
DA:2239,0
DA:2240,84
DA:2241,0
DA:2246,151
DA:2247,1762
DA:2250,1762
DA:2251,1762
DA:2254,1762
DA:2255,1762
DA:2256,1762
DA:2258,1762
DA:2259,1762
DA:2266,1762
DA:2267,1010
DA:2273,1010
DA:2274,1010
DA:2276,752
DA:2277,94
DA:2278,94
DA:2281,1762
DA:2283,1762
DA:2284,1762
DA:2288,1762
DA:2293,1762
DA:2296,0
DA:2297,0
DA:2299,0
DA:2300,0
DA:2304,0
DA:2305,0
DA:2307,0
DA:2309,1762
DA:2313,1762
DA:2318,1762
DA:2326,0
DA:2327,0
DA:2329,0
DA:2330,0
DA:2334,0
DA:2335,0
DA:2337,0
DA:2340,0
DA:2341,0
DA:2342,0
DA:2343,0
DA:2344,0
DA:2345,0
DA:2346,0
DA:2351,0
DA:2354,0
DA:2360,0
DA:2362,0
DA:2363,0
DA:2364,0
DA:2365,0
DA:2366,0
DA:2372,0
DA:2373,0
DA:2377,0
DA:2382,0
DA:2385,0
DA:2386,0
DA:2388,0
DA:2389,0
DA:2393,0
DA:2394,0
DA:2396,0
DA:2398,0
DA:2402,0
DA:2406,0
DA:2414,0
DA:2415,0
DA:2420,0
DA:2421,0
DA:2422,0
DA:2423,0
DA:2424,0
DA:2429,0
DA:2432,0
DA:2438,0
DA:2440,0
DA:2441,0
DA:2442,0
DA:2443,0
DA:2444,0
DA:2450,0
DA:2451,0
DA:2452,0
DA:2456,0
DA:2461,0
DA:2464,0
DA:2465,0
DA:2467,0
DA:2468,0
DA:2472,0
DA:2473,0
DA:2475,0
DA:2477,0
DA:2481,0
DA:2485,0
DA:2493,0
DA:2494,0
DA:2500,1762
DA:2501,1762
DA:2504,151
DA:2505,1762
DA:2506,1762
DA:2507,2009
DA:2509,1762
DA:2512,151
DA:2513,3506
DA:2514,3506
DA:2515,3506
DA:2516,3506
DA:2517,3506
DA:2523,857
DA:2524,857
DA:2525,857
DA:2526,25710
DA:2528,857
DA:2529,112
DA:2530,3360
DA:2531,3360
DA:2532,3360
DA:2533,3360
[...]
DA:75,0
DA:76,0
DA:79,38
DA:80,0
DA:81,0
DA:82,0
DA:83,0
DA:84,0
DA:85,0
DA:86,0
DA:87,0
DA:90,0
DA:91,0
DA:92,0
DA:93,0
DA:94,0
DA:95,0
DA:96,0
DA:97,0
DA:99,0
DA:100,0
DA:101,0
DA:102,0
DA:104,0
DA:105,0
DA:106,0
DA:111,38
DA:112,38
DA:113,38
DA:114,38
DA:115,38
DA:116,76
DA:117,76
DA:118,76
DA:120,38
DA:121,33
DA:122,33
DA:128,151
LF:82
LH:50
BRDA:14,0,0,38
BRDA:14,0,1,81
BRDA:20,1,0,38
BRDA:20,1,1,43
BRDA:29,2,0,38
BRDA:29,2,1,124
BRDA:34,3,0,0
BRDA:34,3,1,81
BRDA:38,4,0,81
BRDA:38,4,1,0
BRDA:39,5,0,38
BRDA:39,5,1,43
BRDA:53,6,0,0
BRDA:53,6,1,43
BRDA:59,7,0,0
BRDA:59,7,1,366
BRDA:65,8,0,328
BRDA:65,8,1,38
BRDA:74,9,0,0
BRDA:74,9,1,76
BRDA:79,10,0,0
BRDA:79,10,1,38
BRDA:84,11,0,0
BRDA:84,11,1,0
BRDA:95,12,0,0
BRDA:95,12,1,0
BRDA:99,13,0,0
BRDA:99,13,1,0
BRF:28
BRH:16
end_of_record
TN:
SF:dist\root\src\app\services\common\dom.service.ts
FN:1,(anonymous_1217)
FN:11,(anonymous_1221)
FN:14,GetElementService
FN:18,(anonymous_1223)
FN:24,(anonymous_1224)
FN:31,(anonymous_1225)
FN:40,(anonymous_1226)
FN:41,(anonymous_1227)
FN:48,(anonymous_1228)
FN:59,(anonymous_1229)
FN:61,(anonymous_1230)
FN:72,(anonymous_1231)
FN:74,(anonymous_1232)
FN:82,(anonymous_1233)
FN:84,(anonymous_1234)
FN:85,(anonymous_1235)
FN:95,(anonymous_1236)
FN:104,(anonymous_1237)
FN:114,(anonymous_1238)
FN:127,(anonymous_1239)
FN:131,(anonymous_1240)
FN:136,(anonymous_1241)
FN:145,(anonymous_1242)
FNF:23
FNH:17
FNDA:453,(anonymous_1217)
FNDA:151,(anonymous_1221)
FNDA:112,GetElementService
FNDA:1762,(anonymous_1223)
FNDA:1762,(anonymous_1224)
FNDA:1762,(anonymous_1225)
FNDA:1762,(anonymous_1226)
FNDA:0,(anonymous_1227)
FNDA:0,(anonymous_1228)
FNDA:3524,(anonymous_1229)
FNDA:0,(anonymous_1230)
FNDA:3524,(anonymous_1231)
FNDA:428,(anonymous_1232)
FNDA:1762,(anonymous_1233)
FNDA:1762,(anonymous_1234)
FNDA:0,(anonymous_1235)
FNDA:0,(anonymous_1236)
FNDA:540,(anonymous_1237)
FNDA:0,(anonymous_1238)
FNDA:336,(anonymous_1239)
FNDA:336,(anonymous_1240)
FNDA:336,(anonymous_1241)
FNDA:336,(anonymous_1242)
DA:1,906
DA:11,151
DA:14,112
DA:15,112
DA:18,151
DA:19,1762
DA:20,1762
DA:24,151
DA:25,1762
DA:26,1762
DA:27,1762
DA:31,1762
DA:32,1762
DA:33,1762
DA:34,1762
DA:35,1762
DA:36,1762
DA:37,1762
DA:38,1762
DA:39,1762
DA:40,1762
DA:41,1762
DA:42,0
DA:43,0
DA:44,0
DA:45,0
DA:46,0
DA:48,0
DA:49,0
DA:50,0
DA:53,0
DA:59,3524
DA:60,3524
DA:61,3524
DA:62,0
DA:63,0
DA:64,0
DA:66,0
DA:67,0
DA:72,3524
DA:73,3524
DA:74,3524
DA:75,428
DA:76,428
DA:77,428
DA:82,1762
DA:83,1762
DA:84,1762
DA:85,1762
DA:86,0
DA:87,0
DA:88,0
DA:89,0
DA:90,0
DA:91,0
DA:92,0
DA:95,0
DA:96,0
DA:97,0
DA:100,0
DA:104,1762
DA:105,540
DA:106,540
DA:107,0
DA:108,0
DA:109,0
DA:110,0
DA:111,0
DA:114,0
DA:115,0
DA:116,0
DA:120,0
DA:127,151
DA:128,336
DA:129,336
DA:130,336
DA:131,336
DA:132,336
DA:135,336
DA:136,336
DA:137,336
DA:138,0
DA:140,336
DA:145,336
DA:146,336
DA:147,336
DA:150,336
DA:152,151
LF:88
LH:53
BRDA:19,0,0,1762
BRDA:19,0,1,0
BRDA:25,1,0,1762
BRDA:25,1,1,0
BRDA:32,2,0,1762
BRDA:32,2,1,0
BRDA:32,3,0,1762
BRDA:32,3,1,1762
BRDA:49,4,0,0
BRDA:49,4,1,0
BRDA:60,5,0,3524
BRDA:60,5,1,0
BRDA:60,6,0,3524
BRDA:60,6,1,3524
BRDA:63,7,0,0
BRDA:63,7,1,0
BRDA:63,8,0,0
BRDA:63,8,1,0
BRDA:73,9,0,3524
BRDA:73,9,1,0
BRDA:73,10,0,3524
BRDA:73,10,1,3524
BRDA:83,11,0,1762
BRDA:83,11,1,0
BRDA:83,12,0,1762
BRDA:83,12,1,1762
BRDA:87,13,0,0
BRDA:87,13,1,0
BRDA:87,14,0,0
BRDA:87,14,1,0
BRDA:96,15,0,0
BRDA:96,15,1,0
BRDA:106,16,0,0
BRDA:106,16,1,540
BRDA:106,17,0,540
BRDA:106,17,1,0
BRDA:115,18,0,0
BRDA:115,18,1,0
BRDA:137,19,0,0
BRDA:137,19,1,336
BRDA:146,20,0,336
BRDA:146,20,1,0
BRDA:146,21,0,336
BRDA:146,21,1,336
BRF:44
BRH:20
end_of_record
TN:
SF:dist\root\src\app\services\common\download.service.ts
FN:1,(anonymous_1245)
FN:11,(anonymous_1249)
FN:12,DownloadService
FN:14,(anonymous_1251)
FN:15,(anonymous_1252)
FN:31,(anonymous_1253)
FNF:6
FNH:4
FNDA:1661,(anonymous_1245)
FNDA:151,(anonymous_1249)
FNDA:127,DownloadService
FNDA:0,(anonymous_1251)
FNDA:0,(anonymous_1252)
FNDA:104,(anonymous_1253)
DA:1,2265
DA:11,151
DA:12,127
DA:14,151
DA:15,0
DA:16,0
DA:17,0
DA:18,0
DA:19,0
DA:20,0
DA:21,0
DA:31,151
DA:32,104
DA:33,0
DA:35,104
DA:42,151
LF:16
LH:8
BRDA:22,0,0,0
BRDA:22,0,1,0
BRDA:32,1,0,0
BRDA:32,1,1,104
BRF:4
BRH:1
end_of_record
TN:
SF:dist\root\src\app\services\common\markdown-parser.service.ts
FN:1,(anonymous_1256)
FN:10,(anonymous_1260)
FN:12,MarkdownParserService
FN:26,(anonymous_1262)
FNF:4
FNH:4
FNDA:453,(anonymous_1256)
FNDA:151,(anonymous_1260)
FNDA:112,MarkdownParserService
FNDA:812,(anonymous_1262)
DA:1,1208
DA:10,151
DA:13,112
DA:14,112
DA:26,151
DA:27,812
DA:29,151
LF:7
LH:7
BRF:0
BRH:0
end_of_record
TN:
SF:dist\root\src\app\services\common\tool.service.ts
FN:1,(anonymous_1264)
FN:11,(anonymous_1270)
FN:12,ToolService
FN:14,(anonymous_1272)
FN:22,(anonymous_1273)
FN:28,(anonymous_1274)
FN:32,(anonymous_1275)
FN:54,(anonymous_1276)
FN:55,(anonymous_1277)
FNF:9
FNH:8
FNDA:2567,(anonymous_1264)
FNDA:151,(anonymous_1270)
FNDA:128,ToolService
FNDA:1870,(anonymous_1272)
FNDA:0,(anonymous_1273)
FNDA:19,(anonymous_1274)
FNDA:758,(anonymous_1275)
FNDA:819,(anonymous_1276)
FNDA:420,(anonymous_1277)
DA:1,3171
DA:11,151
DA:12,128
DA:14,151
DA:15,1870
DA:16,0
DA:18,1870
DA:19,1870
DA:22,151
DA:23,0
DA:24,0
DA:28,151
DA:29,19
DA:32,151
DA:33,758
DA:34,0
DA:35,0
DA:40,0
DA:43,0
DA:45,758
DA:46,758
DA:47,395
DA:50,363
DA:54,151
DA:55,819
DA:56,420
DA:57,420
DA:59,0
DA:63,151
LF:29
LH:21
BRDA:15,0,0,0
BRDA:15,0,1,1870
BRDA:33,1,0,0
BRDA:33,1,1,758
BRDA:35,2,0,0
BRDA:35,2,1,0
BRDA:46,3,0,395
BRDA:46,3,1,363
BRDA:56,4,0,420
BRDA:56,4,1,0
BRF:10
BRH:5
end_of_record
TN:
SF:dist\root\src\app\services\common\up-zip.service.ts
FN:1,(anonymous_1280)
FN:15,(anonymous_1286)
FN:16,UnZipService
FN:18,(anonymous_1288)
FN:20,(anonymous_1289)
FN:24,(anonymous_1290)
FN:25,(anonymous_1291)
FN:32,(anonymous_1292)
FN:37,success
FN:41,error
FN:47,(anonymous_1295)
FN:54,(anonymous_1296)
FN:56,(anonymous_1297)
FN:59,(anonymous_1298)
FN:67,(anonymous_1299)
FN:70,(anonymous_1300)
FN:79,(anonymous_1301)
FN:80,(anonymous_1302)
FN:85,(anonymous_1303)
FN:93,(anonymous_1304)
FN:95,(anonymous_1305)
FN:97,(anonymous_1306)
FN:99,(anonymous_1307)
FN:110,(anonymous_1308)
FN:111,(anonymous_1309)
FN:114,(anonymous_1310)
FN:121,(anonymous_1311)
FN:136,(anonymous_1312)
FN:150,(anonymous_1313)
FN:157,(anonymous_1314)
FN:164,(anonymous_1315)
FN:168,(anonymous_1316)
FN:212,(anonymous_1317)
FNF:33
FNH:16
FNDA:755,(anonymous_1280)
FNDA:151,(anonymous_1286)
FNDA:125,UnZipService
FNDA:0,(anonymous_1288)
FNDA:0,(anonymous_1289)
FNDA:0,(anonymous_1290)
FNDA:0,(anonymous_1291)
FNDA:0,(anonymous_1292)
FNDA:0,success
FNDA:0,error
FNDA:0,(anonymous_1295)
FNDA:118,(anonymous_1296)
FNDA:118,(anonymous_1297)
FNDA:118,(anonymous_1298)
FNDA:118,(anonymous_1299)
FNDA:5428,(anonymous_1300)
FNDA:354,(anonymous_1301)
FNDA:354,(anonymous_1302)
FNDA:118,(anonymous_1303)
FNDA:0,(anonymous_1304)
FNDA:0,(anonymous_1305)
FNDA:0,(anonymous_1306)
FNDA:0,(anonymous_1307)
FNDA:354,(anonymous_1308)
FNDA:354,(anonymous_1309)
FNDA:354,(anonymous_1310)
FNDA:2414,(anonymous_1311)
FNDA:11,(anonymous_1312)
FNDA:0,(anonymous_1313)
FNDA:0,(anonymous_1314)
FNDA:0,(anonymous_1315)
FNDA:0,(anonymous_1316)
FNDA:0,(anonymous_1317)
DA:1,2567
DA:15,151
DA:16,125
DA:18,151
DA:19,0
DA:20,0
DA:21,0
DA:22,0
DA:23,0
DA:24,0
DA:25,0
DA:26,0
DA:27,0
DA:28,0
DA:31,0
DA:32,0
DA:33,0
DA:38,0
DA:39,0
DA:42,0
DA:46,0
DA:47,0
DA:48,0
DA:54,151
DA:55,118
DA:56,118
DA:57,118
DA:58,118
DA:59,118
DA:60,118
DA:61,118
DA:62,118
DA:63,118
DA:64,0
DA:66,118
DA:67,118
DA:68,118
DA:69,118
DA:70,118
DA:71,5428
DA:72,2360
DA:73,1180
DA:74,1180
DA:78,118
DA:79,118
DA:80,354
DA:81,354
DA:84,118
DA:85,118
DA:86,118
DA:93,151
DA:94,0
DA:95,0
DA:96,0
DA:97,0
DA:98,0
DA:99,0
DA:100,0
DA:101,0
DA:104,0
DA:105,0
DA:110,151
DA:111,354
DA:112,354
DA:113,354
DA:114,354
DA:115,354
DA:116,354
DA:121,151
DA:122,2414
DA:123,2414
DA:124,1234
DA:125,1234
DA:126,1234
DA:127,1234
DA:129,0
DA:132,1180
DA:136,151
DA:137,11
DA:138,11
DA:139,11
DA:140,11
DA:141,11
DA:143,0
DA:146,0
DA:150,151
DA:151,0
DA:152,0
DA:153,0
DA:154,0
DA:155,0
DA:157,0
DA:158,0
DA:165,0
DA:169,0
DA:170,0
DA:171,0
DA:172,0
DA:173,0
DA:174,0
DA:175,0
DA:176,0
DA:177,0
DA:183,0
DA:185,0
DA:186,0
DA:191,0
DA:192,0
DA:193,0
DA:194,0
DA:195,0
DA:197,0
DA:199,0
DA:200,0
DA:201,0
DA:203,0
DA:204,0
DA:205,0
DA:206,0
DA:213,0
DA:220,0
DA:225,151
LF:122
LH:54
BRDA:26,0,0,0
BRDA:26,0,1,0
BRDA:26,1,0,0
BRDA:26,1,1,0
BRDA:63,2,0,0
BRDA:63,2,1,118
BRDA:71,3,0,2360
BRDA:71,3,1,3068
BRDA:71,4,0,5428
BRDA:71,4,1,3068
BRDA:72,5,0,1180
BRDA:72,5,1,1180
BRDA:100,6,0,0
BRDA:100,6,1,0
BRDA:100,7,0,0
BRDA:100,7,1,0
BRDA:123,8,0,1234
BRDA:123,8,1,1180
BRDA:123,9,0,2414
BRDA:123,9,1,2414
BRDA:126,10,0,1234
BRDA:126,10,1,0
BRDA:137,11,0,11
BRDA:137,11,1,0
BRDA:140,12,0,11
BRDA:140,12,1,0
BRDA:175,13,0,0
BRDA:175,13,1,0
BRDA:177,14,0,0
BRDA:177,14,1,0
BRDA:179,15,0,0
BRDA:179,15,1,0
BRDA:185,16,0,0
BRDA:185,16,1,0
BRDA:200,17,0,0
BRDA:200,17,1,0
BRDA:200,18,0,0
BRDA:200,18,1,0
BRDA:204,19,0,0
BRDA:204,19,1,0
BRF:40
BRH:14
end_of_record
TN:
SF:dist\root\src\app\shared\shared.module.ts
FN:1,(anonymous_1456)
FN:17,(anonymous_1459)
FNF:2
FNH:2
FNDA:302,(anonymous_1456)
FNDA:453,(anonymous_1459)
DA:1,1359
DA:17,151
LF:2
LH:2
BRF:0
BRH:0
end_of_record
TN:
SF:dist\root\src\app\shared\clr-filter\datagridFilter.component.ts
FN:15,(anonymous_1398)
FN:24,MyFilter
FN:26,(anonymous_1400)
FN:31,(anonymous_1401)
FN:35,(anonymous_1402)
FNF:5
FNH:4
FNDA:151,(anonymous_1398)
FNDA:7,MyFilter
FNDA:7,(anonymous_1400)
FNDA:104,(anonymous_1401)
FNDA:0,(anonymous_1402)
DA:15,151
DA:16,151
DA:17,151
DA:18,151
DA:20,7
DA:21,7
DA:22,7
DA:24,7
DA:25,7
DA:26,7
DA:27,7
DA:31,151
DA:32,104
DA:35,151
DA:36,0
DA:38,151
LF:16
LH:15
BRF:0
BRH:0
end_of_record
TN:
SF:dist\root\src\app\shared\form-validators\dataset-validator.ts
FN:1,(anonymous_1405)
FN:8,(anonymous_1407)
FN:22,(anonymous_1409)
FN:23,(anonymous_1410)
FN:46,(anonymous_1411)
FN:47,(anonymous_1412)
FN:70,(anonymous_1413)
FN:71,(anonymous_1414)
FN:89,(anonymous_1415)
FN:90,(anonymous_1416)
FN:108,(anonymous_1417)
FN:109,(anonymous_1418)
FN:131,(anonymous_1419)
FN:132,(anonymous_1420)
FN:148,(anonymous_1421)
FN:149,(anonymous_1422)
FN:171,(anonymous_1423)
FN:172,(anonymous_1424)
FN:192,(anonymous_1425)
FN:193,(anonymous_1426)
FN:201,(anonymous_1427)
FN:202,(anonymous_1428)
FN:216,(anonymous_1429)
FN:217,(anonymous_1430)
FN:224,(anonymous_1431)
FN:225,(anonymous_1432)
FN:243,(anonymous_1433)
FN:244,(anonymous_1434)
FN:262,(anonymous_1435)
FN:263,(anonymous_1436)
FN:285,(anonymous_1437)
FN:286,(anonymous_1438)
FN:306,(anonymous_1439)
FN:307,(anonymous_1440)
FN:325,(anonymous_1441)
FN:360,(anonymous_1442)
FN:369,(anonymous_1443)
FN:380,(anonymous_1444)
FN:393,(anonymous_1445)
FN:406,(anonymous_1446)
FNF:40
FNH:26
FNDA:5481,(anonymous_1405)
FNDA:151,(anonymous_1407)
FNDA:733,(anonymous_1409)
FNDA:20500,(anonymous_1410)
FNDA:0,(anonymous_1411)
FNDA:0,(anonymous_1412)
FNDA:0,(anonymous_1413)
FNDA:0,(anonymous_1414)
FNDA:151,(anonymous_1415)
FNDA:3044,(anonymous_1416)
FNDA:151,(anonymous_1417)
FNDA:1836,(anonymous_1418)
FNDA:432,(anonymous_1419)
FNDA:2359,(anonymous_1420)
FNDA:776,(anonymous_1421)
FNDA:1916,(anonymous_1422)
FNDA:0,(anonymous_1423)
FNDA:0,(anonymous_1424)
FNDA:1832,(anonymous_1425)
FNDA:5723,(anonymous_1426)
FNDA:474,(anonymous_1427)
FNDA:1905,(anonymous_1428)
FNDA:0,(anonymous_1429)
FNDA:0,(anonymous_1430)
FNDA:0,(anonymous_1431)
FNDA:0,(anonymous_1432)
FNDA:258,(anonymous_1433)
FNDA:1089,(anonymous_1434)
FNDA:80,(anonymous_1435)
FNDA:80,(anonymous_1436)
FNDA:594,(anonymous_1437)
FNDA:2262,(anonymous_1438)
FNDA:0,(anonymous_1439)
FNDA:0,(anonymous_1440)
FNDA:301,(anonymous_1441)
FNDA:0,(anonymous_1442)
FNDA:0,(anonymous_1443)
FNDA:301,(anonymous_1444)
FNDA:33135,(anonymous_1445)
FNDA:255,(anonymous_1446)
DA:1,5783
DA:8,151
DA:9,151
DA:10,151
DA:11,151
DA:13,151
DA:14,151
DA:16,151
DA:18,151
DA:20,151
DA:22,151
DA:23,733
DA:24,20500
DA:25,733
DA:28,19767
DA:29,1656
DA:32,18111
DA:33,18111
DA:34,18111
DA:35,0
DA:42,18111
DA:46,151
DA:47,0
DA:48,0
DA:49,0
DA:52,0
DA:53,0
DA:56,0
DA:57,0
DA:58,0
DA:59,0
DA:66,0
DA:70,151
DA:71,0
DA:72,0
DA:73,0
DA:76,0
DA:77,0
DA:80,0
DA:81,0
DA:82,0
DA:83,0
DA:85,0
DA:89,151
DA:90,151
DA:91,3044
DA:92,151
DA:95,2893
DA:96,326
DA:99,2567
DA:100,2567
DA:101,302
DA:103,2265
DA:108,151
DA:109,151
DA:110,1836
DA:111,151
DA:114,1685
DA:115,326
DA:118,1359
DA:119,1359
DA:120,1208
DA:127,151
DA:131,151
DA:132,432
DA:133,2359
DA:134,432
DA:136,1927
DA:138,1544
DA:141,383
DA:142,0
DA:144,383
DA:148,151
DA:149,776
DA:150,1916
DA:151,475
DA:153,1441
DA:154,1441
DA:155,301
DA:156,0
DA:158,301
DA:159,0
DA:161,301
DA:162,301
DA:165,1140
DA:171,151
DA:172,0
DA:173,0
DA:174,0
DA:177,0
DA:178,0
DA:179,0
DA:180,0
DA:182,0
DA:183,0
DA:186,0
DA:192,151
DA:193,1832
DA:194,5723
DA:195,3378
DA:197,2345
DA:201,151
DA:202,474
DA:203,1905
DA:204,1067
DA:205,450
DA:208,838
DA:209,640
DA:212,815
DA:216,151
DA:217,0
DA:218,0
DA:224,151
DA:225,0
DA:226,0
DA:227,0
DA:230,0
DA:231,0
DA:234,0
DA:235,0
DA:236,0
DA:237,0
DA:239,0
DA:243,151
DA:244,258
DA:245,1089
DA:246,258
DA:248,831
DA:249,831
DA:250,831
DA:256,105
DA:258,726
DA:262,151
DA:263,80
DA:264,80
DA:265,80
DA:268,0
DA:269,0
DA:272,0
DA:273,0
DA:274,0
DA:275,0
DA:278,0
DA:279,0
DA:282,0
DA:285,151
DA:286,594
DA:287,2262
DA:288,516
DA:291,1746
DA:292,1434
DA:295,312
DA:298,312
DA:299,312
DA:300,0
DA:302,312
DA:306,151
DA:307,0
DA:308,0
DA:309,0
DA:312,0
DA:313,0
DA:316,0
DA:317,0
DA:318,0
DA:319,0
DA:321,0
DA:325,151
DA:326,301
DA:327,301
DA:328,301
DA:329,15
DA:330,15
DA:332,0
DA:335,286
DA:342,168
DA:343,168
DA:345,0
DA:348,118
DA:349,118
DA:350,118
DA:352,0
DA:356,0
DA:360,151
DA:361,0
DA:362,0
DA:363,0
DA:365,0
DA:369,151
DA:370,0
DA:373,0
DA:374,0
DA:376,0
DA:380,151
DA:381,301
DA:382,301
DA:393,151
DA:394,33135
DA:395,7854
DA:396,25281
DA:397,0
DA:398,25281
DA:399,516
DA:400,24765
DA:401,255
DA:403,24510
DA:406,151
DA:407,255
DA:408,255
DA:409,255
DA:412,0
DA:414,151
LF:212
LH:132
BRDA:24,0,0,733
BRDA:24,0,1,19767
BRDA:28,1,0,1656
BRDA:28,1,1,18111
BRDA:34,2,0,0
BRDA:34,2,1,18111
BRDA:48,3,0,0
BRDA:48,3,1,0
BRDA:52,4,0,0
BRDA:52,4,1,0
BRDA:58,5,0,0
BRDA:58,5,1,0
BRDA:72,6,0,0
BRDA:72,6,1,0
BRDA:76,7,0,0
BRDA:76,7,1,0
BRDA:82,8,0,0
BRDA:82,8,1,0
BRDA:91,9,0,151
BRDA:91,9,1,2893
BRDA:95,10,0,326
BRDA:95,10,1,2567
BRDA:100,11,0,302
BRDA:100,11,1,2265
BRDA:110,12,0,151
BRDA:110,12,1,1685
BRDA:114,13,0,326
BRDA:114,13,1,1359
BRDA:119,14,0,1208
BRDA:119,14,1,151
BRDA:133,15,0,432
BRDA:133,15,1,1927
BRDA:136,16,0,1544
BRDA:136,16,1,383
BRDA:141,17,0,0
BRDA:141,17,1,383
BRDA:150,18,0,475
BRDA:150,18,1,1441
BRDA:154,19,0,301
BRDA:154,19,1,1140
BRDA:155,20,0,0
BRDA:155,20,1,301
BRDA:158,21,0,0
BRDA:158,21,1,301
BRDA:161,22,0,301
BRDA:161,22,1,0
BRDA:162,23,0,3
BRDA:162,23,1,298
BRDA:166,24,0,1140
BRDA:166,24,1,0
BRDA:173,25,0,0
BRDA:173,25,1,0
BRDA:178,26,0,0
BRDA:178,26,1,0
BRDA:179,27,0,0
BRDA:179,27,1,0
BRDA:182,28,0,0
BRDA:182,28,1,0
BRDA:187,29,0,0
BRDA:187,29,1,0
BRDA:194,30,0,3378
BRDA:194,30,1,2345
BRDA:203,31,0,1067
BRDA:203,31,1,838
BRDA:203,32,0,1905
BRDA:203,32,1,1769
BRDA:203,32,2,1664
BRDA:204,33,0,450
BRDA:204,33,1,617
BRDA:208,34,0,640
BRDA:208,34,1,198
BRDA:219,35,0,0
BRDA:219,35,1,0
BRDA:226,36,0,0
BRDA:226,36,1,0
BRDA:230,37,0,0
BRDA:230,37,1,0
BRDA:236,38,0,0
BRDA:236,38,1,0
BRDA:245,39,0,258
BRDA:245,39,1,831
BRDA:250,40,0,105
BRDA:250,40,1,726
BRDA:251,41,0,831
BRDA:251,41,1,726
BRDA:251,41,2,726
BRDA:251,41,3,726
BRDA:264,42,0,80
BRDA:264,42,1,0
BRDA:268,43,0,0
BRDA:268,43,1,0
BRDA:274,44,0,0
BRDA:274,44,1,0
BRDA:278,45,0,0
BRDA:278,45,1,0
BRDA:287,46,0,516
BRDA:287,46,1,1746
BRDA:291,47,0,1434
BRDA:291,47,1,312
BRDA:291,48,0,1746
BRDA:291,48,1,312
BRDA:299,49,0,0
BRDA:299,49,1,312
BRDA:308,50,0,0
BRDA:308,50,1,0
BRDA:312,51,0,0
BRDA:312,51,1,0
BRDA:318,52,0,0
BRDA:318,52,1,0
BRDA:327,53,0,301
BRDA:327,53,1,0
BRDA:327,54,0,301
BRDA:327,54,1,0
BRDA:328,55,0,15
BRDA:328,55,1,286
BRDA:329,56,0,15
BRDA:329,56,1,0
BRDA:335,57,0,168
BRDA:335,57,1,118
BRDA:336,58,0,286
BRDA:336,58,1,286
BRDA:336,58,2,286
BRDA:336,58,3,118
BRDA:336,58,4,118
BRDA:342,59,0,168
BRDA:342,59,1,0
BRDA:348,60,0,118
BRDA:348,60,1,0
BRDA:348,61,0,118
BRDA:348,61,1,0
BRDA:349,62,0,118
BRDA:349,62,1,0
BRDA:349,63,0,118
BRDA:349,63,1,118
BRDA:362,64,0,0
BRDA:362,64,1,0
BRDA:362,65,0,0
BRDA:362,65,1,0
BRDA:362,65,2,0
BRDA:362,65,3,0
BRDA:373,66,0,0
BRDA:373,66,1,0
BRDA:394,67,0,7854
BRDA:394,67,1,25281
BRDA:396,68,0,0
BRDA:396,68,1,25281
BRDA:396,69,0,25281
BRDA:396,69,1,0
BRDA:398,70,0,516
BRDA:398,70,1,24765
BRDA:398,71,0,25281
BRDA:398,71,1,771
BRDA:400,72,0,255
BRDA:400,72,1,24510
BRDA:408,73,0,255
BRDA:408,73,1,0
BRDA:408,74,0,255
BRDA:408,74,1,255
BRF:158
BRH:90
end_of_record
TN:
SF:dist\root\src\app\shared\form-validators\form-validator-util.ts
FN:1,(anonymous_1448)
FN:8,(anonymous_1450)
FN:9,(anonymous_1452)
FN:13,(anonymous_1453)
FN:17,(anonymous_1454)
FNF:5
FNH:4
FNDA:785,(anonymous_1448)
FNDA:151,(anonymous_1450)
FNDA:8005,(anonymous_1452)
FNDA:7220,(anonymous_1453)
FNDA:0,(anonymous_1454)
DA:1,1238
DA:8,151
DA:9,8005
DA:10,8005
DA:11,7220
DA:12,785
DA:13,785
DA:14,7220
DA:16,0
DA:17,0
DA:18,0
DA:22,151
LF:12
LH:9
BRDA:10,0,0,7220
BRDA:10,0,1,785
BRDA:12,1,0,785
BRDA:12,1,1,0
BRDA:16,2,0,0
BRDA:16,2,1,0
BRF:6
BRH:3
end_of_record
TN:
SF:dist\root\src\environments\environment.ts
FN:1,(anonymous_1469)
FNF:1
FNH:1
FNDA:733200,(anonymous_1469)
DA:1,733502
DA:12,151
LF:2
LH:2
BRF:0
BRH:0
end_of_record
TN:
SF:dist\root\src\libs\categoryChart.js
FN:6,categoryChart
FN:20,(anonymous_1454)
FN:21,(anonymous_1455)
FN:42,(anonymous_1456)
FN:50,(anonymous_1457)
FN:56,(anonymous_1458)
FN:60,(anonymous_1459)
FN:68,(anonymous_1460)
FN:72,(anonymous_1461)
FN:81,(anonymous_1462)
FN:82,(anonymous_1463)
FN:83,(anonymous_1464)
FN:85,(anonymous_1465)
FN:89,(anonymous_1466)
FN:100,zoom
FN:109,zoomed
FN:110,(anonymous_1469)
FN:113,(anonymous_1470)
FNF:18
FNH:12
FNDA:27,categoryChart
FNDA:99,(anonymous_1454)
FNDA:72,(anonymous_1455)
FNDA:0,(anonymous_1456)
FNDA:99,(anonymous_1457)
FNDA:99,(anonymous_1458)
FNDA:27,(anonymous_1459)
FNDA:27,(anonymous_1460)
FNDA:27,(anonymous_1461)
FNDA:99,(anonymous_1462)
FNDA:99,(anonymous_1463)
FNDA:99,(anonymous_1464)
FNDA:0,(anonymous_1465)
FNDA:0,(anonymous_1466)
FNDA:27,zoom
FNDA:0,zoomed
FNDA:0,(anonymous_1469)
FNDA:0,(anonymous_1470)
DA:7,27
DA:8,27
DA:9,27
DA:10,27
DA:11,27
DA:12,27
DA:14,27
DA:15,27
DA:16,27
DA:17,27
DA:18,27
DA:20,99
DA:21,72
DA:23,27
DA:25,27
DA:32,27
DA:43,0
DA:46,27
DA:48,27
DA:50,99
DA:54,27
DA:56,99
DA:60,27
DA:61,27
DA:68,27
DA:69,27
DA:72,27
DA:74,27
DA:81,99
DA:82,99
DA:83,99
DA:86,0
DA:87,0
DA:90,0
DA:91,0
DA:94,27
DA:96,27
DA:98,27
DA:101,27
DA:106,27
DA:110,0
DA:111,0
DA:113,0
DA:115,0
LF:44
LH:35
BRF:0
BRH:0
end_of_record
TN:
SF:dist\root\src\libs\userChart.js
FN:6,userChart
FN:20,(anonymous_1436)
FN:21,(anonymous_1437)
FN:42,(anonymous_1438)
FN:50,(anonymous_1439)
FN:56,(anonymous_1440)
FN:60,(anonymous_1441)
FN:68,(anonymous_1442)
FN:72,(anonymous_1443)
FN:81,(anonymous_1444)
FN:82,(anonymous_1445)
FN:83,(anonymous_1446)
FN:85,(anonymous_1447)
FN:89,(anonymous_1448)
FN:99,zoom
FN:109,zoomed
FN:110,(anonymous_1451)
FN:113,(anonymous_1452)
FNF:18
FNH:12
FNDA:27,userChart
FNDA:36,(anonymous_1436)
FNDA:9,(anonymous_1437)
FNDA:0,(anonymous_1438)
FNDA:36,(anonymous_1439)
FNDA:36,(anonymous_1440)
FNDA:27,(anonymous_1441)
FNDA:27,(anonymous_1442)
FNDA:27,(anonymous_1443)
FNDA:36,(anonymous_1444)
FNDA:36,(anonymous_1445)
FNDA:36,(anonymous_1446)
FNDA:0,(anonymous_1447)
FNDA:0,(anonymous_1448)
FNDA:27,zoom
FNDA:0,zoomed
FNDA:0,(anonymous_1451)
FNDA:0,(anonymous_1452)
DA:7,27
DA:8,27
DA:9,27
DA:10,27
DA:11,27
DA:12,27
DA:14,27
DA:15,27
DA:16,27
DA:17,27
DA:18,27
DA:20,36
DA:21,9
DA:23,27
DA:25,27
DA:32,27
DA:43,0
DA:46,27
DA:48,27
DA:50,36
DA:54,27
DA:56,36
DA:60,27
DA:61,27
DA:68,27
DA:69,27
DA:72,27
DA:74,27
DA:81,36
DA:82,36
DA:83,36
DA:86,0
DA:87,0
DA:90,0
DA:91,0
DA:94,27
DA:96,27
DA:100,27
DA:105,27
DA:110,0
DA:111,0
DA:113,0
DA:115,0
LF:43
LH:34
BRF:0
BRH:0
end_of_record
