TN:
SF:src/polyfills.ts
FNF:0
FNH:0
DA:23,53
LF:1
LH:1
BRF:0
BRH:0
end_of_record
TN:
SF:src/app/app.component.ts
FN:1,(anonymous_33)
FN:15,(anonymous_37)
FN:16,AppComponent
FN:18,(anonymous_39)
FN:22,(anonymous_40)
FNF:5
FNH:5
FNDA:106,(anonymous_33)
FNDA:53,(anonymous_37)
FNDA:53,AppComponent
FNDA:53,(anonymous_39)
FNDA:53,(anonymous_40)
DA:1,371
DA:15,53
DA:16,53
DA:18,53
DA:19,53
DA:22,53
DA:23,53
DA:25,53
LF:8
LH:8
BRF:0
BRH:0
end_of_record
TN:
SF:src/app/app.module.ts
FN:1,(anonymous_43)
FN:117,(anonymous_46)
FNF:2
FNH:2
FNDA:53,(anonymous_43)
FNDA:106,(anonymous_46)
DA:1,2862
DA:117,53
LF:2
LH:2
BRF:0
BRH:0
end_of_record
TN:
SF:src/app/app.routing.ts
FN:1,(anonymous_49)
FN:46,(anonymous_52)
FN:47,(anonymous_53)
FNF:3
FNH:3
FNDA:53,(anonymous_49)
FNDA:53,(anonymous_52)
FNDA:53,(anonymous_53)
DA:1,1060
DA:25,53
DA:47,53
DA:55,53
LF:4
LH:4
BRF:0
BRH:0
end_of_record
TN:
SF:src/app/index.ts
FN:1,(anonymous_1070)
FNF:1
FNH:1
FNDA:53,(anonymous_1070)
DA:1,318
LF:1
LH:1
BRF:0
BRH:0
end_of_record
TN:
SF:src/app/components/datasets-sharing/datasets-sharing.component.ts
FN:1,(anonymous_147)
FN:20,(anonymous_151)
FN:46,DatasetsSharingComponent
FN:58,(anonymous_153)
FN:63,(anonymous_154)
FN:70,(anonymous_155)
FN:72,(anonymous_156)
FN:77,(anonymous_157)
FN:80,(anonymous_158)
FN:89,(anonymous_159)
FN:97,(anonymous_160)
FN:105,(anonymous_161)
FN:126,(anonymous_162)
FN:131,(anonymous_163)
FN:141,(anonymous_164)
FN:147,(anonymous_165)
FN:155,(anonymous_166)
FN:158,(anonymous_167)
FN:178,(anonymous_168)
FN:185,(anonymous_169)
FN:189,(anonymous_170)
FN:198,(anonymous_171)
FN:202,(anonymous_172)
FN:224,(anonymous_173)
FNF:24
FNH:13
FNDA:106,(anonymous_147)
FNDA:53,(anonymous_151)
FNDA:23,DatasetsSharingComponent
FNDA:23,(anonymous_153)
FNDA:23,(anonymous_154)
FNDA:0,(anonymous_155)
FNDA:0,(anonymous_156)
FNDA:68,(anonymous_157)
FNDA:68,(anonymous_158)
FNDA:0,(anonymous_159)
FNDA:0,(anonymous_160)
FNDA:0,(anonymous_161)
FNDA:0,(anonymous_162)
FNDA:0,(anonymous_163)
FNDA:0,(anonymous_164)
FNDA:0,(anonymous_165)
FNDA:45,(anonymous_166)
FNDA:45,(anonymous_167)
FNDA:0,(anonymous_168)
FNDA:23,(anonymous_169)
FNDA:22,(anonymous_170)
FNDA:0,(anonymous_171)
FNDA:23,(anonymous_172)
FNDA:23,(anonymous_173)
DA:1,636
DA:20,53
DA:21,53
DA:24,23
DA:29,23
DA:30,23
DA:41,23
DA:44,23
DA:46,23
DA:47,23
DA:48,23
DA:49,23
DA:50,23
DA:51,23
DA:53,23
DA:54,23
DA:55,23
DA:56,23
DA:58,23
DA:59,23
DA:63,53
DA:64,23
DA:65,23
DA:66,23
DA:67,23
DA:70,53
DA:71,0
DA:72,0
DA:73,0
DA:77,68
DA:78,68
DA:79,68
DA:81,68
DA:82,68
DA:83,68
DA:84,68
DA:85,68
DA:87,68
DA:90,0
DA:91,0
DA:92,0
DA:97,53
DA:98,0
DA:99,0
DA:100,0
DA:101,0
DA:104,0
DA:106,0
DA:107,0
DA:108,0
DA:110,0
DA:111,0
DA:112,0
DA:113,0
DA:116,0
DA:119,0
DA:120,0
DA:121,0
DA:122,0
DA:124,0
DA:126,0
DA:127,0
DA:132,0
DA:133,0
DA:137,0
DA:138,0
DA:139,0
DA:140,0
DA:142,0
DA:143,0
DA:144,0
DA:148,0
DA:155,53
DA:156,45
DA:157,45
DA:159,45
DA:160,45
DA:179,0
DA:180,0
DA:185,53
DA:186,23
DA:189,53
DA:190,22
DA:191,22
DA:193,22
DA:194,22
DA:195,22
DA:198,53
DA:199,0
DA:202,53
DA:203,23
DA:204,23
DA:207,23
DA:208,0
DA:210,0
DA:211,23
DA:212,23
DA:214,23
DA:217,23
DA:218,23
DA:219,0
DA:220,0
DA:222,0
DA:224,23
DA:225,23
DA:227,23
DA:228,23
DA:231,53
LF:108
LH:64
BRDA:66,0,0,0
BRDA:66,0,1,23
BRDA:98,1,0,0
BRDA:98,1,1,0
BRDA:100,2,0,0
BRDA:100,2,1,0
BRDA:106,3,0,0
BRDA:106,3,1,0
BRDA:106,4,0,0
BRDA:106,4,1,0
BRDA:107,5,0,0
BRDA:107,5,1,0
BRDA:110,6,0,0
BRDA:110,6,1,0
BRDA:112,7,0,0
BRDA:112,7,1,0
BRDA:117,8,0,0
BRDA:117,8,1,0
BRDA:121,9,0,0
BRDA:121,9,1,0
BRDA:139,10,0,0
BRDA:139,10,1,0
BRDA:142,11,0,0
BRDA:142,11,1,0
BRDA:159,12,0,45
BRDA:159,12,1,0
BRDA:165,13,0,0
BRDA:165,13,1,45
BRDA:190,14,0,22
BRDA:190,14,1,0
BRDA:203,15,0,23
BRDA:203,15,1,0
BRDA:203,16,0,23
BRDA:203,16,1,23
BRDA:205,17,0,23
BRDA:205,17,1,0
BRDA:207,18,0,0
BRDA:207,18,1,23
BRDA:211,19,0,23
BRDA:211,19,1,0
BRDA:215,20,0,0
BRDA:215,20,1,23
BRDA:219,21,0,0
BRDA:219,21,1,0
BRF:44
BRH:11
end_of_record
TN:
SF:src/app/components/edit-project/edit-project.component.ts
FN:1,(anonymous_177)
FN:19,(anonymous_181)
FN:70,EditProjectComponent
FN:76,(anonymous_183)
FN:85,(anonymous_184)
FN:96,(anonymous_185)
FN:114,(anonymous_186)
FN:120,(anonymous_187)
FN:125,(anonymous_188)
FN:138,(anonymous_189)
FN:142,(anonymous_190)
FN:151,(anonymous_191)
FN:160,(anonymous_192)
FN:168,(anonymous_193)
FN:173,(anonymous_194)
FN:179,(anonymous_195)
FN:186,(anonymous_196)
FN:190,(anonymous_197)
FN:196,(anonymous_198)
FN:209,(anonymous_199)
FN:212,(anonymous_200)
FN:223,(anonymous_201)
FN:227,(anonymous_202)
FN:243,(anonymous_203)
FN:259,(anonymous_204)
FN:263,(anonymous_205)
FN:266,(anonymous_206)
FN:331,(anonymous_207)
FN:339,(anonymous_208)
FN:356,(anonymous_209)
FN:364,(anonymous_210)
FN:366,(anonymous_211)
FN:369,(anonymous_212)
FN:375,(anonymous_213)
FN:377,(anonymous_214)
FN:380,(anonymous_215)
FN:386,(anonymous_216)
FN:390,(anonymous_217)
FN:394,(anonymous_218)
FN:420,(anonymous_219)
FN:422,(anonymous_220)
FN:437,(anonymous_221)
FN:444,(anonymous_222)
FN:449,(anonymous_223)
FN:454,(anonymous_224)
FN:459,(anonymous_225)
FN:473,(anonymous_226)
FN:479,(anonymous_227)
FN:483,(anonymous_228)
FN:491,(anonymous_229)
FN:495,(anonymous_230)
FN:506,(anonymous_231)
FN:510,(anonymous_232)
FN:527,(anonymous_233)
FN:531,(anonymous_234)
FN:533,(anonymous_235)
FN:537,(anonymous_236)
FN:549,(anonymous_237)
FN:557,(anonymous_238)
FN:565,(anonymous_239)
FNF:60
FNH:47
FNDA:53,(anonymous_177)
FNDA:53,(anonymous_181)
FNDA:124,EditProjectComponent
FNDA:32,(anonymous_183)
FNDA:124,(anonymous_184)
FNDA:124,(anonymous_185)
FNDA:249,(anonymous_186)
FNDA:32,(anonymous_187)
FNDA:32,(anonymous_188)
FNDA:96,(anonymous_189)
FNDA:32,(anonymous_190)
FNDA:1742,(anonymous_191)
FNDA:1184,(anonymous_192)
FNDA:63,(anonymous_193)
FNDA:63,(anonymous_194)
FNDA:32,(anonymous_195)
FNDA:127,(anonymous_196)
FNDA:63,(anonymous_197)
FNDA:126,(anonymous_198)
FNDA:31,(anonymous_199)
FNDA:31,(anonymous_200)
FNDA:0,(anonymous_201)
FNDA:64,(anonymous_202)
FNDA:64,(anonymous_203)
FNDA:0,(anonymous_204)
FNDA:124,(anonymous_205)
FNDA:409,(anonymous_206)
FNDA:124,(anonymous_207)
FNDA:0,(anonymous_208)
FNDA:0,(anonymous_209)
FNDA:0,(anonymous_210)
FNDA:0,(anonymous_211)
FNDA:0,(anonymous_212)
FNDA:0,(anonymous_213)
FNDA:0,(anonymous_214)
FNDA:0,(anonymous_215)
FNDA:124,(anonymous_216)
FNDA:124,(anonymous_217)
FNDA:93,(anonymous_218)
FNDA:93,(anonymous_219)
FNDA:248,(anonymous_220)
FNDA:31,(anonymous_221)
FNDA:30,(anonymous_222)
FNDA:0,(anonymous_223)
FNDA:31,(anonymous_224)
FNDA:31,(anonymous_225)
FNDA:31,(anonymous_226)
FNDA:0,(anonymous_227)
FNDA:254,(anonymous_228)
FNDA:127,(anonymous_229)
FNDA:1082,(anonymous_230)
FNDA:31,(anonymous_231)
FNDA:31,(anonymous_232)
FNDA:31,(anonymous_233)
FNDA:155,(anonymous_234)
FNDA:310,(anonymous_235)
FNDA:310,(anonymous_236)
FNDA:90,(anonymous_237)
FNDA:0,(anonymous_238)
FNDA:93,(anonymous_239)
DA:1,636
DA:19,53
DA:20,53
DA:23,124
DA:26,124
DA:29,124
DA:31,124
DA:33,124
DA:34,124
DA:35,124
DA:38,124
DA:39,124
DA:42,124
DA:47,124
DA:51,124
DA:52,124
DA:53,124
DA:54,124
DA:56,124
DA:59,124
DA:63,124
DA:64,124
DA:65,124
DA:67,124
DA:70,124
DA:71,124
DA:72,124
DA:73,124
DA:74,124
DA:76,124
DA:77,32
DA:78,32
DA:80,0
DA:85,124
DA:86,124
DA:87,124
DA:88,124
DA:89,124
DA:90,124
DA:91,124
DA:92,124
DA:93,124
DA:94,124
DA:95,124
DA:96,124
DA:97,124
DA:98,124
DA:99,124
DA:104,124
DA:108,124
DA:109,124
DA:110,124
DA:111,124
DA:112,124
DA:113,124
DA:114,124
DA:115,249
DA:116,249
DA:120,53
DA:121,32
DA:124,32
DA:125,32
DA:126,32
DA:127,0
DA:129,32
DA:133,32
DA:134,0
DA:138,96
DA:139,96
DA:140,96
DA:141,96
DA:142,32
DA:143,32
DA:144,32
DA:147,32
DA:151,53
DA:152,1742
DA:153,1742
DA:154,0
DA:156,1742
DA:160,53
DA:161,1184
DA:162,0
DA:164,1184
DA:168,53
DA:169,63
DA:170,63
DA:171,63
DA:172,63
DA:173,63
DA:174,63
DA:175,63
DA:179,53
DA:180,32
DA:181,32
DA:182,32
DA:183,32
DA:186,127
DA:187,127
DA:188,127
DA:189,127
DA:190,63
DA:191,63
DA:192,63
DA:195,63
DA:196,63
DA:197,126
DA:199,63
DA:205,63
DA:209,53
DA:210,31
DA:211,31
DA:212,31
DA:213,31
DA:215,31
DA:223,53
DA:224,0
DA:227,53
DA:228,64
DA:229,64
DA:230,64
DA:231,32
DA:232,32
DA:234,32
DA:235,32
DA:236,0
DA:238,32
DA:243,53
DA:244,64
DA:245,64
DA:246,64
DA:247,32
DA:248,32
DA:250,32
DA:251,32
DA:252,0
DA:254,32
DA:259,53
DA:260,0
DA:263,124
DA:264,124
DA:265,124
DA:266,124
DA:267,409
DA:268,218
DA:270,409
DA:271,191
DA:275,124
DA:289,124
DA:290,30
DA:303,124
DA:304,124
DA:305,124
DA:319,124
DA:320,30
DA:321,30
DA:322,30
DA:323,30
DA:324,30
DA:325,30
DA:327,124
DA:328,62
DA:330,124
DA:332,124
DA:333,0
DA:337,0
DA:338,0
DA:339,0
DA:340,0
DA:343,0
DA:345,0
DA:346,0
DA:347,0
DA:349,0
DA:350,0
DA:351,0
DA:354,124
DA:357,0
DA:358,0
DA:364,53
DA:365,0
DA:367,0
DA:370,0
DA:375,53
DA:376,0
DA:378,0
DA:381,0
DA:386,53
DA:387,124
DA:390,53
DA:391,124
DA:394,53
DA:395,93
DA:396,93
DA:397,93
DA:398,93
DA:400,0
DA:404,0
DA:420,93
DA:421,93
DA:422,93
DA:423,248
DA:424,248
DA:427,93
DA:431,62
DA:435,62
DA:436,62
DA:438,31
DA:439,31
DA:440,31
DA:441,31
DA:442,31
DA:443,31
DA:444,31
DA:445,30
DA:448,0
DA:449,0
DA:450,0
DA:455,31
DA:456,31
DA:457,31
DA:458,31
DA:459,31
DA:460,31
DA:465,31
DA:466,0
DA:469,31
DA:472,31
DA:473,31
DA:474,31
DA:479,53
DA:480,0
DA:483,53
DA:484,254
DA:485,191
DA:486,191
DA:487,191
DA:491,53
DA:492,127
DA:495,53
DA:496,1082
DA:497,4051
DA:498,0
DA:499,0
DA:501,4051
DA:506,53
DA:507,31
DA:510,53
DA:511,31
DA:512,31
DA:513,62
DA:514,31
DA:517,31
DA:518,31
DA:521,31
DA:522,0
DA:523,0
DA:527,53
DA:528,31
DA:531,53
DA:532,155
DA:533,155
DA:534,310
DA:536,155
DA:537,155
DA:538,310
DA:539,155
DA:542,155
DA:543,0
DA:545,155
DA:549,53
DA:550,90
DA:551,60
DA:553,30
DA:557,53
DA:558,0
DA:559,0
DA:561,0
DA:565,53
DA:566,93
DA:573,53
LF:281
LH:237
BRDA:77,0,0,32
BRDA:77,0,1,0
BRDA:90,1,0,124
BRDA:90,1,1,0
BRDA:91,2,0,124
BRDA:91,2,1,0
BRDA:98,3,0,124
BRDA:98,3,1,0
BRDA:111,4,0,62
BRDA:111,4,1,62
BRDA:124,5,0,32
BRDA:124,5,1,0
BRDA:126,6,0,0
BRDA:126,6,1,32
BRDA:133,7,0,0
BRDA:133,7,1,32
BRDA:141,8,0,32
BRDA:141,8,1,64
BRDA:141,9,0,96
BRDA:141,9,1,32
BRDA:143,10,0,32
BRDA:143,10,1,0
BRDA:153,11,0,0
BRDA:153,11,1,1742
BRDA:161,12,0,0
BRDA:161,12,1,1184
BRDA:189,13,0,63
BRDA:189,13,1,64
BRDA:189,14,0,127
BRDA:189,14,1,63
BRDA:191,15,0,63
BRDA:191,15,1,0
BRDA:195,16,0,63
BRDA:195,16,1,0
BRDA:211,17,0,31
BRDA:211,17,1,0
BRDA:230,18,0,32
BRDA:230,18,1,32
BRDA:235,19,0,0
BRDA:235,19,1,32
BRDA:246,20,0,32
BRDA:246,20,1,32
BRDA:251,21,0,0
BRDA:251,21,1,32
BRDA:267,22,0,218
BRDA:267,22,1,191
BRDA:270,23,0,191
BRDA:270,23,1,218
BRDA:275,24,0,124
BRDA:275,24,1,124
BRDA:275,24,2,124
BRDA:275,24,3,124
BRDA:275,24,4,124
BRDA:275,24,5,124
BRDA:275,24,6,124
BRDA:275,24,7,124
BRDA:275,24,8,124
BRDA:275,24,9,124
BRDA:275,24,10,124
BRDA:275,24,11,124
BRDA:275,24,12,124
BRDA:275,24,13,124
BRDA:289,25,0,30
BRDA:289,25,1,94
BRDA:291,26,0,30
BRDA:291,26,1,30
BRDA:291,26,2,30
BRDA:291,26,3,30
BRDA:291,26,4,30
BRDA:291,26,5,30
BRDA:291,26,6,30
BRDA:291,26,7,30
BRDA:291,26,8,30
BRDA:291,26,9,30
BRDA:291,26,10,30
BRDA:303,27,0,124
BRDA:303,27,1,0
BRDA:319,28,0,30
BRDA:319,28,1,94
BRDA:327,29,0,62
BRDA:327,29,1,62
BRDA:328,30,0,31
BRDA:328,30,1,31
BRDA:332,31,0,0
BRDA:332,31,1,124
BRDA:345,32,0,0
BRDA:345,32,1,0
BRDA:349,33,0,0
BRDA:349,33,1,0
BRDA:395,34,0,93
BRDA:395,34,1,0
BRDA:400,35,0,0
BRDA:400,35,1,0
BRDA:401,36,0,0
BRDA:401,36,1,0
BRDA:401,36,2,0
BRDA:401,36,3,0
BRDA:423,37,0,248
BRDA:423,37,1,0
BRDA:427,38,0,62
BRDA:427,38,1,31
BRDA:428,39,0,93
BRDA:428,39,1,0
BRDA:428,39,2,0
BRDA:428,39,3,93
BRDA:428,39,4,93
BRDA:428,39,5,62
BRDA:440,40,0,31
BRDA:440,40,1,0
BRDA:465,41,0,0
BRDA:465,41,1,31
BRDA:484,42,0,191
BRDA:484,42,1,63
BRDA:484,43,0,254
BRDA:484,43,1,191
BRDA:497,44,0,0
BRDA:497,44,1,4051
BRDA:511,45,0,31
BRDA:511,45,1,0
BRDA:511,46,0,31
BRDA:511,46,1,31
BRDA:513,47,0,31
BRDA:513,47,1,31
BRDA:521,48,0,0
BRDA:521,48,1,31
BRDA:521,49,0,31
BRDA:521,49,1,31
BRDA:538,50,0,155
BRDA:538,50,1,155
BRDA:542,51,0,0
BRDA:542,51,1,155
BRDA:550,52,0,60
BRDA:550,52,1,30
BRDA:550,53,0,90
BRDA:550,53,1,60
BRDA:558,54,0,0
BRDA:558,54,1,0
BRDA:558,55,0,0
BRDA:558,55,1,0
BRF:139
BRH:98
end_of_record
TN:
SF:src/app/components/faq/faq.component.ts
FN:1,(anonymous_243)
FN:12,(anonymous_247)
FN:13,FAQComponent
FNF:3
FNH:2
FNDA:106,(anonymous_243)
FNDA:53,(anonymous_247)
FNDA:0,FAQComponent
DA:1,318
DA:12,53
DA:13,0
DA:14,53
LF:4
LH:3
BRF:0
BRH:0
end_of_record
TN:
SF:src/app/components/game-form/game-form.component.ts
FN:1,(anonymous_263)
FN:19,(anonymous_267)
FN:39,GameFormComponent
FN:55,(anonymous_269)
FN:64,(anonymous_270)
FN:72,(anonymous_271)
FN:75,(anonymous_272)
FN:76,(anonymous_273)
FN:95,(anonymous_274)
FN:103,(anonymous_275)
FN:109,(anonymous_276)
FN:117,(anonymous_277)
FNF:12
FNH:9
FNDA:106,(anonymous_263)
FNDA:53,(anonymous_267)
FNDA:243,GameFormComponent
FNDA:243,(anonymous_269)
FNDA:0,(anonymous_270)
FNDA:243,(anonymous_271)
FNDA:243,(anonymous_272)
FNDA:617,(anonymous_273)
FNDA:0,(anonymous_274)
FNDA:202,(anonymous_275)
FNDA:0,(anonymous_276)
FNDA:41,(anonymous_277)
DA:1,477
DA:19,53
DA:20,53
DA:21,53
DA:24,243
DA:25,243
DA:28,243
DA:40,243
DA:41,243
DA:42,243
DA:43,243
DA:45,243
DA:46,243
DA:47,243
DA:55,53
DA:56,243
DA:57,243
DA:64,53
DA:65,0
DA:72,243
DA:73,243
DA:74,243
DA:76,243
DA:77,617
DA:78,243
DA:80,617
DA:81,617
DA:83,617
DA:84,617
DA:85,617
DA:86,444
DA:87,444
DA:91,243
DA:92,243
DA:93,243
DA:96,0
DA:97,0
DA:98,0
DA:103,53
DA:104,202
DA:109,53
DA:110,0
DA:111,0
DA:112,0
DA:117,53
DA:118,41
DA:119,41
DA:120,41
DA:121,41
DA:122,41
DA:123,41
DA:126,41
DA:136,53
LF:53
LH:46
BRDA:77,0,0,243
BRDA:77,0,1,374
BRDA:77,1,0,617
BRDA:77,1,1,243
BRDA:80,2,0,617
BRDA:80,2,1,0
BRDA:85,3,0,444
BRDA:85,3,1,173
BRDA:111,4,0,0
BRDA:111,4,1,0
BRDA:121,5,0,41
BRDA:121,5,1,0
BRDA:132,6,0,0
BRDA:132,6,1,41
BRF:14
BRH:9
end_of_record
TN:
SF:src/app/components/header/header.component.ts
FN:1,(anonymous_281)
FN:19,(anonymous_285)
FN:28,HeaderComponent
FN:35,(anonymous_287)
FN:36,(anonymous_288)
FN:44,(anonymous_289)
FN:52,(anonymous_290)
FN:57,(anonymous_291)
FN:59,(anonymous_292)
FN:77,(anonymous_293)
FNF:10
FNH:8
FNDA:53,(anonymous_281)
FNDA:53,(anonymous_285)
FNDA:53,HeaderComponent
FNDA:53,(anonymous_287)
FNDA:105,(anonymous_288)
FNDA:53,(anonymous_289)
FNDA:0,(anonymous_290)
FNDA:52,(anonymous_291)
FNDA:52,(anonymous_292)
FNDA:0,(anonymous_293)
DA:1,477
DA:19,53
DA:20,53
DA:21,53
DA:22,53
DA:23,53
DA:25,53
DA:29,53
DA:30,53
DA:31,53
DA:32,53
DA:35,53
DA:36,53
DA:37,105
DA:38,105
DA:39,52
DA:44,53
DA:45,53
DA:46,0
DA:48,53
DA:52,53
DA:53,0
DA:54,0
DA:57,53
DA:58,52
DA:60,52
DA:61,52
DA:62,52
DA:63,52
DA:64,52
DA:65,52
DA:66,52
DA:67,0
DA:68,0
DA:70,52
DA:71,52
DA:72,52
DA:73,52
DA:78,0
DA:79,0
DA:84,53
LF:41
LH:34
BRDA:38,0,0,52
BRDA:38,0,1,53
BRDA:45,1,0,0
BRDA:45,1,1,53
BRDA:60,2,0,52
BRDA:60,2,1,0
BRDA:66,3,0,0
BRDA:66,3,1,52
BRDA:70,4,0,52
BRDA:70,4,1,0
BRF:10
BRH:6
end_of_record
TN:
SF:src/app/components/home/home.component.ts
FN:1,(anonymous_297)
FN:15,(anonymous_301)
FN:16,HomeComponent
FN:23,(anonymous_303)
FN:24,(anonymous_304)
FNF:5
FNH:5
FNDA:106,(anonymous_297)
FNDA:53,(anonymous_301)
FNDA:105,HomeComponent
FNDA:105,(anonymous_303)
FNDA:105,(anonymous_304)
DA:1,424
DA:15,53
DA:17,105
DA:18,105
DA:19,105
DA:20,105
DA:23,105
DA:24,105
DA:25,105
DA:26,105
DA:27,105
DA:28,105
DA:29,0
DA:34,53
LF:14
LH:13
BRDA:25,0,0,105
BRDA:25,0,1,0
BRDA:26,1,0,105
BRDA:26,1,1,0
BRDA:28,2,0,0
BRDA:28,2,1,105
BRDA:28,3,0,105
BRDA:28,3,1,52
BRF:8
BRH:5
end_of_record
TN:
SF:src/app/components/my-datasets/my-datasets.component.ts
FN:1,(anonymous_322)
FN:18,(anonymous_326)
FN:42,MyDatasetsComponent
FN:52,(anonymous_328)
FN:61,(anonymous_329)
FN:63,(anonymous_330)
FN:68,(anonymous_331)
FN:72,(anonymous_332)
FN:76,(anonymous_333)
FN:79,(anonymous_334)
FN:84,(anonymous_335)
FN:92,(anonymous_336)
FN:99,(anonymous_337)
FN:104,(anonymous_338)
FN:109,(anonymous_339)
FN:113,(anonymous_340)
FN:120,(anonymous_341)
FN:128,(anonymous_342)
FN:148,(anonymous_343)
FN:152,(anonymous_344)
FN:157,(anonymous_345)
FN:161,(anonymous_346)
FNF:22
FNH:14
FNDA:106,(anonymous_322)
FNDA:53,(anonymous_326)
FNDA:55,MyDatasetsComponent
FNDA:55,(anonymous_328)
FNDA:0,(anonymous_329)
FNDA:0,(anonymous_330)
FNDA:51,(anonymous_331)
FNDA:0,(anonymous_332)
FNDA:156,(anonymous_333)
FNDA:156,(anonymous_334)
FNDA:0,(anonymous_335)
FNDA:50,(anonymous_336)
FNDA:50,(anonymous_337)
FNDA:49,(anonymous_338)
FNDA:0,(anonymous_339)
FNDA:0,(anonymous_340)
FNDA:9,(anonymous_341)
FNDA:6,(anonymous_342)
FNDA:51,(anonymous_343)
FNDA:49,(anonymous_344)
FNDA:0,(anonymous_345)
FNDA:0,(anonymous_346)
DA:1,424
DA:18,53
DA:19,53
DA:22,55
DA:24,55
DA:25,55
DA:27,55
DA:29,55
DA:30,55
DA:35,55
DA:37,55
DA:38,55
DA:40,55
DA:43,55
DA:44,55
DA:45,55
DA:47,55
DA:48,55
DA:49,55
DA:52,53
DA:53,55
DA:54,55
DA:55,55
DA:61,53
DA:62,0
DA:63,0
DA:64,0
DA:68,53
DA:69,51
DA:72,53
DA:73,0
DA:76,156
DA:77,156
DA:78,156
DA:80,156
DA:81,156
DA:82,156
DA:85,0
DA:86,0
DA:87,0
DA:92,53
DA:93,50
DA:94,50
DA:98,50
DA:100,50
DA:101,50
DA:102,50
DA:103,50
DA:104,50
DA:105,49
DA:110,0
DA:111,0
DA:112,0
DA:113,0
DA:114,0
DA:120,53
DA:121,9
DA:122,9
DA:123,9
DA:124,9
DA:125,2
DA:126,2
DA:127,2
DA:128,2
DA:129,6
DA:130,6
DA:131,6
DA:138,2
DA:139,7
DA:140,3
DA:141,3
DA:143,4
DA:144,4
DA:148,53
DA:149,51
DA:150,51
DA:151,51
DA:152,51
DA:153,49
DA:157,53
DA:158,0
DA:159,0
DA:160,0
DA:161,0
DA:162,0
DA:165,53
LF:86
LH:69
BRDA:100,0,0,50
BRDA:100,0,1,0
BRDA:100,1,0,50
BRDA:100,1,1,50
BRDA:124,2,0,2
BRDA:124,2,1,7
BRDA:130,3,0,6
BRDA:130,3,1,0
BRDA:139,4,0,3
BRDA:139,4,1,4
BRDA:143,5,0,0
BRDA:143,5,1,4
BRDA:144,6,0,0
BRDA:144,6,1,4
BRF:14
BRH:10
end_of_record
TN:
SF:src/app/components/open-source/openSource-routing.module.ts
FN:1,(anonymous_23)
FN:23,(anonymous_26)
FNF:2
FNH:2
FNDA:53,(anonymous_23)
FNDA:106,(anonymous_26)
DA:1,318
DA:10,53
DA:23,53
LF:3
LH:3
BRF:0
BRH:0
end_of_record
TN:
SF:src/app/components/open-source/openSource.module.ts
FN:1,(anonymous_29)
FN:17,(anonymous_32)
FNF:2
FNH:2
FNDA:53,(anonymous_29)
FNDA:106,(anonymous_32)
DA:1,424
DA:17,53
LF:2
LH:2
BRF:0
BRH:0
end_of_record
TN:
SF:src/app/components/open-source/basic-login/basic-login.component.ts
FN:1,(anonymous_3)
FN:21,(anonymous_7)
FN:29,BasicLoginComponent
FN:36,(anonymous_9)
FN:42,(anonymous_10)
FN:51,(anonymous_11)
FN:60,(anonymous_12)
FN:71,(anonymous_13)
FN:79,(anonymous_14)
FN:88,(anonymous_15)
FN:108,(anonymous_16)
FN:117,(anonymous_17)
FN:126,(anonymous_18)
FN:135,(anonymous_19)
FN:143,(anonymous_20)
FNF:15
FNH:13
FNDA:106,(anonymous_3)
FNDA:53,(anonymous_7)
FNDA:53,BasicLoginComponent
FNDA:53,(anonymous_9)
FNDA:53,(anonymous_10)
FNDA:2,(anonymous_11)
FNDA:1,(anonymous_12)
FNDA:3,(anonymous_13)
FNDA:52,(anonymous_14)
FNDA:52,(anonymous_15)
FNDA:0,(anonymous_16)
FNDA:1,(anonymous_17)
FNDA:2,(anonymous_18)
FNDA:1,(anonymous_19)
FNDA:0,(anonymous_20)
DA:1,689
DA:21,53
DA:30,53
DA:31,53
DA:32,53
DA:33,53
DA:36,53
DA:37,53
DA:38,53
DA:39,53
DA:42,53
DA:43,53
DA:51,53
DA:52,2
DA:53,2
DA:54,2
DA:55,2
DA:56,2
DA:57,2
DA:60,53
DA:61,1
DA:62,1
DA:63,1
DA:64,1
DA:65,1
DA:66,1
DA:67,1
DA:68,1
DA:71,53
DA:72,3
DA:73,3
DA:74,3
DA:75,3
DA:76,3
DA:79,53
DA:80,52
DA:81,52
DA:82,52
DA:83,52
DA:87,52
DA:89,52
DA:90,0
DA:91,0
DA:92,0
DA:94,52
DA:101,52
DA:102,52
DA:103,52
DA:104,52
DA:105,52
DA:106,52
DA:109,0
DA:110,0
DA:111,0
DA:117,53
DA:118,1
DA:119,1
DA:120,1
DA:121,1
DA:122,1
DA:123,1
DA:124,1
DA:125,1
DA:126,1
DA:127,2
DA:129,1
DA:134,1
DA:136,1
DA:137,1
DA:138,0
DA:139,0
DA:141,1
DA:144,0
DA:145,0
DA:146,0
DA:150,0
DA:153,53
LF:77
LH:65
BRDA:81,0,0,52
BRDA:81,0,1,0
BRDA:89,1,0,0
BRDA:89,1,1,52
BRDA:122,2,0,1
BRDA:122,2,1,0
BRDA:136,3,0,1
BRDA:136,3,1,0
BRDA:138,4,0,0
BRDA:138,4,1,0
BRF:10
BRH:4
end_of_record
TN:
SF:src/app/components/page-not-found/page-not-found.component.ts
FN:1,(anonymous_350)
FN:13,(anonymous_353)
FNF:2
FNH:2
FNDA:106,(anonymous_350)
FNDA:53,(anonymous_353)
DA:1,265
DA:13,53
LF:2
LH:2
BRF:0
BRH:0
end_of_record
TN:
SF:src/app/components/projects/appendNewEntries.component.ts
FN:1,(anonymous_552)
FN:29,(anonymous_568)
FN:61,AppendNewEntriesComponent
FN:74,(anonymous_570)
FN:81,(anonymous_571)
FN:90,(anonymous_572)
FN:101,(anonymous_573)
FN:116,(anonymous_574)
FN:134,(anonymous_575)
FN:145,(anonymous_576)
FN:153,(anonymous_577)
FN:183,(anonymous_578)
FN:189,(anonymous_579)
FN:192,(anonymous_580)
FN:199,(anonymous_581)
FN:207,(anonymous_582)
FN:208,(anonymous_583)
FN:209,(anonymous_584)
FN:211,(anonymous_585)
FN:219,(anonymous_586)
FN:233,(anonymous_587)
FN:236,(anonymous_588)
FN:255,(anonymous_589)
FN:298,(anonymous_590)
FN:299,(anonymous_591)
FN:308,(anonymous_592)
FN:316,(anonymous_593)
FN:319,(anonymous_594)
FN:327,(anonymous_595)
FN:335,(anonymous_596)
FN:341,(anonymous_597)
FN:346,(anonymous_598)
FN:354,(anonymous_599)
FN:365,(anonymous_600)
FN:376,(anonymous_601)
FN:385,(anonymous_602)
FN:392,(anonymous_603)
FN:418,(anonymous_605)
FN:424,(anonymous_606)
FN:444,(anonymous_607)
FN:465,(anonymous_608)
FN:487,(anonymous_609)
FN:507,(anonymous_611)
FN:511,(anonymous_612)
FN:524,(anonymous_613)
FN:532,(anonymous_614)
FN:539,(anonymous_615)
FN:553,(anonymous_616)
FN:562,(anonymous_617)
FN:578,(anonymous_618)
FN:600,(anonymous_619)
FN:603,(anonymous_620)
FN:603,(anonymous_621)
FN:622,(anonymous_623)
FN:643,(anonymous_624)
FN:646,(anonymous_625)
FN:656,(anonymous_626)
FN:692,(anonymous_627)
FN:699,(anonymous_628)
FN:708,(anonymous_629)
FN:716,(anonymous_630)
FN:731,(anonymous_631)
FN:734,(anonymous_632)
FN:743,(anonymous_633)
FN:763,(anonymous_634)
FN:786,(anonymous_635)
FN:789,(anonymous_636)
FN:803,(anonymous_637)
FN:810,(anonymous_638)
FN:821,(anonymous_639)
FN:835,(anonymous_640)
FN:844,(anonymous_641)
FN:853,(anonymous_642)
FN:855,(anonymous_643)
FN:869,(anonymous_644)
FN:871,(anonymous_645)
FN:886,(anonymous_648)
FN:886,(anonymous_649)
FN:890,(anonymous_651)
FN:914,(anonymous_652)
FN:924,(anonymous_654)
FN:949,(anonymous_657)
FN:957,(anonymous_658)
FN:973,(anonymous_659)
FN:974,(anonymous_660)
FN:992,(anonymous_661)
FN:1002,(anonymous_662)
FN:1025,(anonymous_663)
FNF:88
FNH:34
FNDA:106,(anonymous_552)
FNDA:53,(anonymous_568)
FNDA:139,AppendNewEntriesComponent
FNDA:139,(anonymous_570)
FNDA:0,(anonymous_571)
FNDA:139,(anonymous_572)
FNDA:139,(anonymous_573)
FNDA:139,(anonymous_574)
FNDA:39,(anonymous_575)
FNDA:0,(anonymous_576)
FNDA:74,(anonymous_577)
FNDA:71,(anonymous_578)
FNDA:19,(anonymous_579)
FNDA:0,(anonymous_580)
FNDA:19,(anonymous_581)
FNDA:0,(anonymous_582)
FNDA:0,(anonymous_583)
FNDA:0,(anonymous_584)
FNDA:0,(anonymous_585)
FNDA:0,(anonymous_586)
FNDA:49,(anonymous_587)
FNDA:49,(anonymous_588)
FNDA:68,(anonymous_589)
FNDA:0,(anonymous_590)
FNDA:0,(anonymous_591)
FNDA:139,(anonymous_592)
FNDA:139,(anonymous_593)
FNDA:23,(anonymous_594)
FNDA:116,(anonymous_595)
FNDA:0,(anonymous_596)
FNDA:18,(anonymous_597)
FNDA:0,(anonymous_598)
FNDA:0,(anonymous_599)
FNDA:0,(anonymous_600)
FNDA:18,(anonymous_601)
FNDA:0,(anonymous_602)
FNDA:65,(anonymous_603)
FNDA:30,(anonymous_605)
FNDA:0,(anonymous_606)
FNDA:111,(anonymous_607)
FNDA:0,(anonymous_608)
FNDA:0,(anonymous_609)
FNDA:0,(anonymous_611)
FNDA:0,(anonymous_612)
FNDA:0,(anonymous_613)
FNDA:0,(anonymous_614)
FNDA:0,(anonymous_615)
FNDA:0,(anonymous_616)
FNDA:0,(anonymous_617)
FNDA:65,(anonymous_618)
FNDA:0,(anonymous_619)
FNDA:0,(anonymous_620)
FNDA:0,(anonymous_621)
FNDA:0,(anonymous_623)
FNDA:0,(anonymous_624)
FNDA:0,(anonymous_625)
FNDA:0,(anonymous_626)
FNDA:0,(anonymous_627)
FNDA:0,(anonymous_628)
FNDA:0,(anonymous_629)
FNDA:0,(anonymous_630)
FNDA:0,(anonymous_631)
FNDA:0,(anonymous_632)
FNDA:0,(anonymous_633)
FNDA:0,(anonymous_634)
FNDA:133,(anonymous_635)
FNDA:133,(anonymous_636)
FNDA:0,(anonymous_637)
FNDA:11,(anonymous_638)
FNDA:11,(anonymous_639)
FNDA:12,(anonymous_640)
FNDA:0,(anonymous_641)
FNDA:0,(anonymous_642)
FNDA:0,(anonymous_643)
FNDA:0,(anonymous_644)
FNDA:0,(anonymous_645)
FNDA:0,(anonymous_648)
FNDA:0,(anonymous_649)
FNDA:0,(anonymous_651)
FNDA:0,(anonymous_652)
FNDA:0,(anonymous_654)
FNDA:65,(anonymous_657)
FNDA:0,(anonymous_658)
FNDA:0,(anonymous_659)
FNDA:0,(anonymous_660)
FNDA:130,(anonymous_661)
FNDA:38,(anonymous_662)
FNDA:38,(anonymous_663)
DA:1,1219
DA:29,53
DA:32,139
DA:33,139
DA:36,139
DA:37,139
DA:39,139
DA:44,139
DA:45,139
DA:49,139
DA:50,139
DA:57,139
DA:58,139
DA:61,139
DA:62,139
DA:63,139
DA:64,139
DA:65,139
DA:66,139
DA:67,139
DA:68,139
DA:69,139
DA:70,139
DA:71,139
DA:73,139
DA:74,139
DA:75,139
DA:76,139
DA:77,139
DA:78,139
DA:81,139
DA:82,0
DA:83,0
DA:85,0
DA:90,53
DA:91,139
DA:92,139
DA:93,139
DA:94,139
DA:95,139
DA:96,139
DA:97,139
DA:98,139
DA:101,53
DA:102,139
DA:103,139
DA:105,139
DA:116,139
DA:117,139
DA:118,23
DA:119,23
DA:120,23
DA:121,116
DA:122,77
DA:130,77
DA:131,77
DA:133,39
DA:135,39
DA:136,39
DA:137,39
DA:138,39
DA:139,39
DA:140,39
DA:142,39
DA:143,39
DA:146,0
DA:147,0
DA:153,53
DA:154,74
DA:155,74
DA:156,74
DA:157,13
DA:165,61
DA:166,40
DA:175,21
DA:176,21
DA:177,21
DA:179,21
DA:183,53
DA:184,71
DA:185,71
DA:189,53
DA:190,19
DA:191,0
DA:192,0
DA:193,0
DA:194,0
DA:198,19
DA:199,19
DA:200,19
DA:201,19
DA:207,53
DA:208,0
DA:209,0
DA:210,0
DA:211,0
DA:212,0
DA:213,0
DA:216,0
DA:219,0
DA:220,0
DA:221,0
DA:222,0
DA:223,0
DA:226,0
DA:227,0
DA:233,53
DA:234,49
DA:235,49
DA:236,49
DA:237,49
DA:238,49
DA:240,49
DA:241,11
DA:244,49
DA:245,49
DA:246,49
DA:247,11
DA:248,11
DA:250,49
DA:251,49
DA:255,53
DA:256,68
DA:257,11
DA:258,0
DA:260,11
DA:262,57
DA:263,38
DA:265,19
DA:266,19
DA:267,19
DA:268,19
DA:269,19
DA:270,19
DA:271,19
DA:272,0
DA:274,19
DA:275,19
DA:276,19
DA:278,19
DA:284,19
DA:287,19
DA:288,19
DA:293,19
DA:298,53
DA:299,0
DA:300,0
DA:301,0
DA:303,0
DA:308,139
DA:310,139
DA:315,139
DA:317,139
DA:318,23
DA:319,23
DA:320,23
DA:321,23
DA:324,23
DA:326,116
DA:327,116
DA:328,116
DA:329,116
DA:332,116
DA:336,0
DA:341,53
DA:344,18
DA:345,0
DA:347,0
DA:355,0
DA:356,0
DA:357,0
DA:359,0
DA:360,0
DA:361,0
DA:362,0
DA:366,0
DA:370,18
DA:375,18
DA:377,18
DA:378,18
DA:380,18
DA:381,18
DA:382,18
DA:383,18
DA:386,0
DA:392,65
DA:393,65
DA:394,65
DA:395,65
DA:396,65
DA:397,65
DA:398,65
DA:399,65
DA:400,65
DA:401,65
DA:404,65
DA:405,65
DA:406,65
DA:408,65
DA:409,65
DA:410,65
DA:411,65
DA:412,65
DA:413,65
DA:414,65
DA:415,10
DA:416,10
DA:417,10
DA:418,10
DA:419,30
DA:420,30
DA:421,0
DA:422,0
DA:423,0
DA:424,0
DA:425,0
DA:426,0
DA:427,0
DA:431,30
DA:436,30
DA:439,10
DA:440,10
DA:441,55
DA:442,37
DA:443,37
DA:444,37
DA:445,111
DA:447,37
DA:448,37
DA:449,37
DA:451,18
DA:452,18
DA:453,18
DA:454,18
DA:455,18
DA:457,0
DA:465,53
DA:466,0
DA:467,0
DA:468,0
DA:469,0
DA:470,0
DA:472,0
DA:473,0
DA:474,0
DA:475,0
DA:476,0
DA:477,0
DA:478,0
DA:479,0
DA:480,0
DA:481,0
DA:483,0
DA:484,0
DA:486,0
DA:489,0
DA:490,0
DA:491,0
DA:492,0
DA:493,0
DA:494,0
DA:495,0
DA:496,0
DA:500,0
DA:501,0
DA:502,0
DA:506,0
DA:507,0
DA:508,0
DA:509,0
DA:510,0
DA:511,0
DA:512,0
DA:518,0
DA:519,0
DA:525,0
DA:528,0
DA:529,0
DA:531,0
DA:532,0
DA:533,0
DA:534,0
DA:535,0
DA:536,0
DA:538,0
DA:539,0
DA:540,0
DA:541,0
DA:542,0
DA:543,0
DA:547,0
DA:549,0
DA:553,53
DA:555,0
DA:563,0
DA:564,0
DA:565,0
DA:566,0
DA:567,0
DA:568,0
DA:569,0
DA:570,0
DA:571,0
DA:573,0
DA:574,0
DA:578,53
DA:579,65
DA:580,65
DA:581,65
DA:582,65
DA:583,65
DA:584,65
DA:589,65
DA:591,0
DA:592,0
DA:594,0
DA:600,53
DA:601,0
DA:602,0
DA:603,0
DA:604,0
DA:605,0
DA:606,0
DA:607,0
DA:609,0
DA:610,0
DA:617,0
DA:618,0
DA:619,0
DA:621,0
DA:622,0
DA:623,0
DA:624,0
DA:627,0
DA:628,0
DA:629,0
DA:633,0
DA:638,0
DA:639,0
DA:645,0
DA:646,0
DA:647,0
DA:649,0
DA:650,0
DA:651,0
DA:656,53
DA:657,0
DA:658,0
DA:671,0
DA:672,0
DA:676,0
DA:677,0
DA:678,0
DA:679,0
DA:681,0
DA:682,0
DA:683,0
DA:684,0
DA:685,0
DA:686,0
DA:687,0
DA:689,0
DA:690,0
DA:691,0
DA:692,0
DA:693,0
DA:695,0
DA:698,0
DA:699,0
DA:700,0
DA:702,0
DA:705,0
DA:708,53
DA:710,0
DA:711,0
DA:713,0
DA:715,0
DA:717,0
DA:722,0
DA:723,0
DA:724,0
DA:726,0
DA:727,0
DA:729,0
DA:732,0
DA:733,0
DA:734,0
DA:735,0
DA:737,0
DA:738,0
DA:743,53
DA:744,0
DA:746,0
DA:753,0
DA:754,0
DA:758,0
DA:759,0
DA:760,0
DA:761,0
DA:762,0
DA:763,0
DA:764,0
DA:770,0
DA:771,0
DA:772,0
DA:777,0
DA:778,0
DA:783,0
DA:786,133
DA:787,133
DA:788,133
DA:790,133
DA:791,133
DA:792,133
DA:793,133
DA:794,133
DA:795,133
DA:796,133
DA:797,133
DA:798,133
DA:799,133
DA:800,133
DA:801,133
DA:804,0
DA:805,0
DA:810,53
DA:811,11
DA:812,11
DA:813,11
DA:814,11
DA:815,11
DA:816,11
DA:817,11
DA:818,11
DA:819,11
DA:820,11
DA:821,11
DA:822,11
DA:825,0
DA:826,0
DA:827,0
DA:828,0
DA:829,0
DA:830,0
DA:835,53
DA:836,12
DA:837,0
DA:838,0
DA:839,0
DA:840,0
DA:844,53
DA:845,0
DA:846,0
DA:847,0
DA:848,0
DA:849,0
DA:853,53
DA:855,0
DA:856,0
DA:857,0
DA:858,0
DA:859,0
DA:860,0
DA:861,0
DA:862,0
DA:864,0
DA:865,0
DA:866,0
DA:867,0
DA:868,0
DA:869,0
DA:870,0
DA:871,0
DA:872,0
DA:873,0
DA:878,0
DA:883,0
DA:884,0
DA:885,0
DA:886,0
DA:887,0
DA:891,0
DA:892,0
DA:894,0
DA:895,0
DA:905,0
DA:914,53
DA:915,0
DA:916,0
DA:917,0
DA:918,0
DA:919,0
DA:924,0
DA:925,0
DA:926,0
DA:928,0
DA:929,0
DA:934,0
DA:935,0
DA:936,0
DA:942,0
DA:949,53
DA:950,65
DA:951,65
DA:952,65
DA:953,65
DA:954,65
DA:957,53
DA:958,0
DA:959,0
DA:961,0
DA:967,0
DA:968,0
DA:969,0
DA:970,0
DA:973,53
DA:974,0
DA:975,0
DA:976,0
DA:982,0
DA:988,0
DA:992,53
DA:993,130
DA:997,130
DA:999,0
DA:1002,53
DA:1003,38
DA:1004,38
DA:1005,38
DA:1006,38
DA:1007,0
DA:1008,0
DA:1009,0
DA:1010,0
DA:1011,0
DA:1012,0
DA:1013,0
DA:1014,0
DA:1017,38
DA:1018,38
DA:1019,38
DA:1020,38
DA:1021,38
DA:1022,38
DA:1023,38
DA:1024,38
DA:1025,38
DA:1026,38
DA:1029,0
DA:1030,0
DA:1031,0
DA:1032,0
DA:1033,0
DA:1034,0
DA:1038,53
LF:555
LH:261
BRDA:82,0,0,0
BRDA:82,0,1,0
BRDA:102,1,0,139
BRDA:102,1,1,0
BRDA:117,2,0,23
BRDA:117,2,1,116
BRDA:121,3,0,77
BRDA:121,3,1,39
BRDA:156,4,0,13
BRDA:156,4,1,61
BRDA:165,5,0,40
BRDA:165,5,1,21
BRDA:184,6,0,71
BRDA:184,6,1,0
BRDA:190,7,0,0
BRDA:190,7,1,19
BRDA:193,8,0,0
BRDA:193,8,1,0
BRDA:200,9,0,19
BRDA:200,9,1,0
BRDA:212,10,0,0
BRDA:212,10,1,0
BRDA:220,11,0,0
BRDA:220,11,1,0
BRDA:222,12,0,0
BRDA:222,12,1,0
BRDA:222,13,0,0
BRDA:222,13,1,0
BRDA:226,14,0,0
BRDA:226,14,1,0
BRDA:237,15,0,49
BRDA:237,15,1,0
BRDA:237,16,0,49
BRDA:237,16,1,49
BRDA:240,17,0,11
BRDA:240,17,1,38
BRDA:246,18,0,11
BRDA:246,18,1,38
BRDA:250,19,0,49
BRDA:250,19,1,0
BRDA:256,20,0,11
BRDA:256,20,1,57
BRDA:257,21,0,0
BRDA:257,21,1,11
BRDA:262,22,0,38
BRDA:262,22,1,19
BRDA:271,23,0,0
BRDA:271,23,1,19
BRDA:278,24,0,19
BRDA:278,24,1,0
BRDA:287,25,0,19
BRDA:287,25,1,0
BRDA:287,26,0,19
BRDA:287,26,1,19
BRDA:300,27,0,0
BRDA:300,27,1,0
BRDA:311,28,0,39
BRDA:311,28,1,100
BRDA:310,29,0,139
BRDA:310,29,1,100
BRDA:310,29,2,100
BRDA:313,30,0,23
BRDA:313,30,1,77
BRDA:317,31,0,23
BRDA:317,31,1,116
BRDA:320,32,0,23
BRDA:320,32,1,0
BRDA:328,33,0,116
BRDA:328,33,1,0
BRDA:344,34,0,0
BRDA:344,34,1,18
BRDA:356,35,0,0
BRDA:356,35,1,0
BRDA:377,36,0,18
BRDA:377,36,1,0
BRDA:409,37,0,65
BRDA:409,37,1,0
BRDA:414,38,0,10
BRDA:414,38,1,55
BRDA:414,39,0,65
BRDA:414,39,1,10
BRDA:420,40,0,0
BRDA:420,40,1,30
BRDA:426,41,0,0
BRDA:426,41,1,0
BRDA:441,42,0,37
BRDA:441,42,1,18
BRDA:454,43,0,18
BRDA:454,43,1,0
BRDA:466,44,0,0
BRDA:466,44,1,0
BRDA:483,45,0,0
BRDA:483,45,1,0
BRDA:496,46,0,0
BRDA:496,46,1,0
BRDA:497,47,0,0
BRDA:497,47,1,0
BRDA:501,48,0,0
BRDA:501,48,1,0
BRDA:528,49,0,0
BRDA:528,49,1,0
BRDA:531,50,0,0
BRDA:531,50,1,0
BRDA:538,51,0,0
BRDA:538,51,1,0
BRDA:568,52,0,0
BRDA:568,52,1,0
BRDA:581,53,0,65
BRDA:581,53,1,0
BRDA:581,54,0,65
BRDA:581,54,1,65
BRDA:581,54,2,65
BRDA:583,55,0,65
BRDA:583,55,1,0
BRDA:591,56,0,0
BRDA:591,56,1,0
BRDA:604,57,0,0
BRDA:604,57,1,0
BRDA:617,58,0,0
BRDA:617,58,1,0
BRDA:618,59,0,0
BRDA:618,59,1,0
BRDA:623,60,0,0
BRDA:623,60,1,0
BRDA:623,61,0,0
BRDA:623,61,1,0
BRDA:623,61,2,0
BRDA:628,62,0,0
BRDA:628,62,1,0
BRDA:660,63,0,0
BRDA:660,63,1,0
BRDA:661,64,0,0
BRDA:661,64,1,0
BRDA:662,65,0,0
BRDA:662,65,1,0
BRDA:671,66,0,0
BRDA:671,66,1,0
BRDA:674,67,0,0
BRDA:674,67,1,0
BRDA:676,68,0,0
BRDA:676,68,1,0
BRDA:677,69,0,0
BRDA:677,69,1,0
BRDA:681,70,0,0
BRDA:681,70,1,0
BRDA:688,71,0,0
BRDA:688,71,1,0
BRDA:688,72,0,0
BRDA:688,72,1,0
BRDA:689,73,0,0
BRDA:689,73,1,0
BRDA:710,74,0,0
BRDA:710,74,1,0
BRDA:711,75,0,0
BRDA:711,75,1,0
BRDA:722,76,0,0
BRDA:722,76,1,0
BRDA:726,77,0,0
BRDA:726,77,1,0
BRDA:726,78,0,0
BRDA:726,78,1,0
BRDA:747,79,0,0
BRDA:747,79,1,0
BRDA:749,80,0,0
BRDA:749,80,1,0
BRDA:751,81,0,0
BRDA:751,81,1,0
BRDA:756,82,0,0
BRDA:756,82,1,0
BRDA:761,83,0,0
BRDA:761,83,1,0
BRDA:772,84,0,0
BRDA:772,84,1,0
BRDA:773,85,0,0
BRDA:773,85,1,0
BRDA:773,85,2,0
BRDA:811,86,0,11
BRDA:811,86,1,0
BRDA:811,87,0,11
BRDA:811,87,1,11
BRDA:812,88,0,11
BRDA:812,88,1,0
BRDA:836,89,0,0
BRDA:836,89,1,12
BRDA:845,90,0,0
BRDA:845,90,1,0
BRDA:859,91,0,0
BRDA:859,91,1,0
BRDA:870,92,0,0
BRDA:870,92,1,0
BRDA:870,93,0,0
BRDA:870,93,1,0
BRDA:883,94,0,0
BRDA:883,94,1,0
BRDA:884,95,0,0
BRDA:884,95,1,0
BRDA:887,96,0,0
BRDA:891,97,0,0
BRDA:891,97,1,0
BRDA:894,98,0,0
BRDA:894,98,1,0
BRDA:925,99,0,0
BRDA:925,99,1,0
BRDA:928,100,0,0
BRDA:928,100,1,0
BRDA:935,101,0,0
BRDA:935,101,1,0
BRDA:958,102,0,0
BRDA:958,102,1,0
BRDA:975,103,0,0
BRDA:975,103,1,0
BRDA:993,104,0,130
BRDA:993,104,1,0
BRDA:994,105,0,130
BRDA:994,105,1,130
BRDA:1003,106,0,38
BRDA:1003,106,1,0
BRDA:1003,107,0,38
BRDA:1003,107,1,38
BRDA:1004,108,0,38
BRDA:1004,108,1,0
BRDA:1006,109,0,0
BRDA:1006,109,1,38
BRF:223
BRH:70
end_of_record
TN:
SF:src/app/components/projects/create-project.component.ts
FN:1,(anonymous_667)
FN:37,(anonymous_673)
FN:123,CreateNewComponent
FN:139,(anonymous_675)
FN:147,(anonymous_676)
FN:156,(anonymous_677)
FN:184,(anonymous_678)
FN:217,(anonymous_679)
FN:221,(anonymous_680)
FN:264,(anonymous_681)
FN:277,(anonymous_682)
FN:281,(anonymous_683)
FN:285,(anonymous_684)
FN:293,(anonymous_685)
FN:349,(anonymous_686)
FN:365,(anonymous_687)
FN:372,(anonymous_688)
FN:375,(anonymous_689)
FN:381,(anonymous_690)
FN:385,(anonymous_691)
FN:390,(anonymous_692)
FN:402,(anonymous_693)
FN:415,(anonymous_694)
FN:429,(anonymous_695)
FN:433,(anonymous_696)
FN:437,(anonymous_697)
FN:441,(anonymous_698)
FN:448,(anonymous_699)
FN:464,(anonymous_700)
FN:468,(anonymous_701)
FN:482,(anonymous_702)
FN:491,(anonymous_703)
FN:496,(anonymous_704)
FN:499,(anonymous_705)
FN:504,(anonymous_706)
FN:508,(anonymous_707)
FN:553,(anonymous_708)
FN:589,(anonymous_709)
FN:599,(anonymous_710)
FN:604,(anonymous_711)
FN:633,(anonymous_712)
FN:648,(anonymous_713)
FN:654,(anonymous_714)
FN:702,(anonymous_715)
FN:717,(anonymous_716)
FN:742,(anonymous_717)
FN:751,(anonymous_718)
FN:770,(anonymous_719)
FN:776,(anonymous_720)
FN:790,(anonymous_721)
FN:794,(anonymous_722)
FN:805,(anonymous_723)
FN:817,(anonymous_724)
FN:822,(anonymous_725)
FN:867,(anonymous_726)
FN:876,(anonymous_727)
FN:886,(anonymous_728)
FN:895,(anonymous_729)
FN:912,(anonymous_730)
FN:927,(anonymous_731)
FN:968,(anonymous_732)
FN:980,(anonymous_733)
FN:984,(anonymous_734)
FN:1006,(anonymous_735)
FN:1013,(anonymous_736)
FN:1029,(anonymous_737)
FN:1042,(anonymous_738)
FN:1050,(anonymous_739)
FN:1078,(anonymous_740)
FN:1081,(anonymous_741)
FN:1098,(anonymous_742)
FN:1134,(anonymous_743)
FN:1144,(anonymous_744)
FN:1152,(anonymous_745)
FN:1156,(anonymous_746)
FN:1173,(anonymous_747)
FN:1182,(anonymous_748)
FN:1190,(anonymous_749)
FN:1198,(anonymous_750)
FN:1204,(anonymous_751)
FN:1218,(anonymous_752)
FN:1219,(anonymous_753)
FN:1228,(anonymous_754)
FN:1236,(anonymous_755)
FN:1239,(anonymous_756)
FN:1247,(anonymous_757)
FN:1255,(anonymous_758)
FN:1261,(anonymous_759)
FN:1265,(anonymous_760)
FN:1277,(anonymous_761)
FN:1283,(anonymous_762)
FN:1290,(anonymous_763)
FN:1296,(anonymous_764)
FN:1300,(anonymous_765)
FN:1307,(anonymous_766)
FN:1314,(anonymous_767)
FN:1326,(anonymous_768)
FN:1331,(anonymous_769)
FN:1346,(anonymous_770)
FN:1355,(anonymous_771)
FN:1360,(anonymous_772)
FN:1365,(anonymous_773)
FN:1367,(anonymous_774)
FNF:103
FNH:56
FNDA:106,(anonymous_667)
FNDA:53,(anonymous_673)
FNDA:179,CreateNewComponent
FNDA:179,(anonymous_675)
FNDA:0,(anonymous_676)
FNDA:179,(anonymous_677)
FNDA:179,(anonymous_678)
FNDA:179,(anonymous_679)
FNDA:179,(anonymous_680)
FNDA:179,(anonymous_681)
FNDA:0,(anonymous_682)
FNDA:0,(anonymous_683)
FNDA:179,(anonymous_684)
FNDA:179,(anonymous_685)
FNDA:34,(anonymous_686)
FNDA:0,(anonymous_687)
FNDA:0,(anonymous_688)
FNDA:0,(anonymous_689)
FNDA:9195,(anonymous_690)
FNDA:179,(anonymous_691)
FNDA:179,(anonymous_692)
FNDA:273,(anonymous_693)
FNDA:145,(anonymous_694)
FNDA:179,(anonymous_695)
FNDA:179,(anonymous_696)
FNDA:358,(anonymous_697)
FNDA:179,(anonymous_698)
FNDA:179,(anonymous_699)
FNDA:0,(anonymous_700)
FNDA:0,(anonymous_701)
FNDA:0,(anonymous_702)
FNDA:117,(anonymous_703)
FNDA:0,(anonymous_704)
FNDA:0,(anonymous_705)
FNDA:0,(anonymous_706)
FNDA:117,(anonymous_707)
FNDA:45,(anonymous_708)
FNDA:0,(anonymous_709)
FNDA:113,(anonymous_710)
FNDA:62,(anonymous_711)
FNDA:62,(anonymous_712)
FNDA:0,(anonymous_713)
FNDA:0,(anonymous_714)
FNDA:0,(anonymous_715)
FNDA:98,(anonymous_716)
FNDA:166,(anonymous_717)
FNDA:17,(anonymous_718)
FNDA:17,(anonymous_719)
FNDA:34,(anonymous_720)
FNDA:166,(anonymous_721)
FNDA:268,(anonymous_722)
FNDA:0,(anonymous_723)
FNDA:281,(anonymous_724)
FNDA:0,(anonymous_725)
FNDA:17,(anonymous_726)
FNDA:0,(anonymous_727)
FNDA:17,(anonymous_728)
FNDA:0,(anonymous_729)
FNDA:0,(anonymous_730)
FNDA:0,(anonymous_731)
FNDA:0,(anonymous_732)
FNDA:0,(anonymous_733)
FNDA:0,(anonymous_734)
FNDA:0,(anonymous_735)
FNDA:0,(anonymous_736)
FNDA:0,(anonymous_737)
FNDA:115,(anonymous_738)
FNDA:0,(anonymous_739)
FNDA:0,(anonymous_740)
FNDA:0,(anonymous_741)
FNDA:115,(anonymous_742)
FNDA:0,(anonymous_743)
FNDA:0,(anonymous_744)
FNDA:1638,(anonymous_745)
FNDA:119,(anonymous_746)
FNDA:3401,(anonymous_747)
FNDA:0,(anonymous_748)
FNDA:0,(anonymous_749)
FNDA:0,(anonymous_750)
FNDA:0,(anonymous_751)
FNDA:0,(anonymous_752)
FNDA:0,(anonymous_753)
FNDA:296,(anonymous_754)
FNDA:296,(anonymous_755)
FNDA:15,(anonymous_756)
FNDA:198,(anonymous_757)
FNDA:0,(anonymous_758)
FNDA:0,(anonymous_759)
FNDA:0,(anonymous_760)
FNDA:0,(anonymous_761)
FNDA:0,(anonymous_762)
FNDA:0,(anonymous_763)
FNDA:0,(anonymous_764)
FNDA:34,(anonymous_765)
FNDA:102,(anonymous_766)
FNDA:34,(anonymous_767)
FNDA:28,(anonymous_768)
FNDA:34,(anonymous_769)
FNDA:109,(anonymous_770)
FNDA:66,(anonymous_771)
FNDA:15,(anonymous_772)
FNDA:196,(anonymous_773)
FNDA:0,(anonymous_774)
DA:1,1060
DA:37,53
DA:39,179
DA:41,179
DA:43,53
DA:45,53
DA:59,179
DA:60,179
DA:61,179
DA:62,179
DA:65,179
DA:66,179
DA:67,179
DA:68,179
DA:69,179
DA:70,179
DA:71,179
DA:75,179
DA:76,179
DA:77,179
DA:88,179
DA:91,179
DA:92,179
DA:93,179
DA:94,179
DA:95,179
DA:96,179
DA:97,179
DA:98,179
DA:99,179
DA:103,179
DA:106,179
DA:113,179
DA:120,179
DA:121,179
DA:123,179
DA:124,179
DA:125,179
DA:126,179
DA:127,179
DA:128,179
DA:129,179
DA:130,179
DA:131,179
DA:132,179
DA:133,179
DA:134,179
DA:136,179
DA:137,179
DA:138,179
DA:139,179
DA:140,179
DA:141,179
DA:147,179
DA:148,0
DA:149,0
DA:151,0
DA:156,53
DA:157,179
DA:158,179
DA:159,179
DA:160,179
DA:161,179
DA:162,179
DA:163,179
DA:164,179
DA:165,179
DA:166,179
DA:167,179
DA:168,179
DA:169,179
DA:170,179
DA:171,179
DA:176,179
DA:180,179
DA:181,179
DA:184,53
DA:185,179
DA:186,179
DA:188,179
DA:217,53
DA:218,179
DA:221,179
DA:222,179
DA:223,179
DA:224,179
DA:225,34
DA:226,34
DA:227,34
DA:229,145
DA:230,145
DA:231,145
DA:232,145
DA:235,145
DA:236,145
DA:237,145
DA:238,145
DA:239,64
DA:240,64
DA:241,64
DA:243,145
DA:244,0
DA:245,0
DA:247,145
DA:248,66
DA:250,145
DA:251,15
DA:253,145
DA:254,28
DA:256,145
DA:258,179
DA:259,179
DA:260,179
DA:261,179
DA:262,179
DA:263,179
DA:265,179
DA:266,179
DA:267,179
DA:268,179
DA:269,179
DA:271,179
DA:272,0
DA:274,179
DA:278,0
DA:279,0
DA:280,0
DA:281,0
DA:282,0
DA:286,179
DA:293,53
DA:294,179
DA:296,179
DA:303,179
DA:304,179
DA:305,179
DA:306,179
DA:307,179
DA:308,179
DA:314,179
DA:321,179
DA:325,179
DA:326,179
DA:327,179
DA:328,179
DA:329,179
DA:330,179
DA:331,179
DA:332,179
DA:333,179
DA:334,179
DA:335,179
DA:336,179
DA:337,179
DA:338,179
DA:339,179
DA:340,179
DA:346,179
DA:347,17
DA:348,17
DA:349,17
DA:350,34
DA:352,17
DA:354,162
DA:356,179
DA:357,49
DA:362,179
DA:365,53
DA:366,0
DA:371,0
DA:373,0
DA:376,0
DA:381,53
DA:382,9195
DA:385,179
DA:386,179
DA:389,179
DA:390,179
DA:391,179
DA:392,0
DA:394,179
DA:398,0
DA:402,53
DA:403,273
DA:404,273
DA:405,17
DA:406,17
DA:408,256
DA:409,256
DA:411,273
DA:415,53
DA:416,145
DA:417,145
DA:418,0
DA:419,0
DA:420,0
DA:422,0
DA:423,0
DA:425,0
DA:429,53
DA:430,179
DA:433,53
DA:434,179
DA:437,358
DA:438,358
DA:439,358
DA:440,358
DA:441,179
DA:442,179
DA:443,179
DA:446,179
DA:447,179
DA:448,179
DA:449,179
DA:451,179
DA:457,179
DA:459,358
DA:460,358
DA:464,53
DA:465,0
DA:466,0
DA:467,0
DA:468,0
DA:469,0
DA:471,0
DA:477,0
DA:478,0
DA:482,53
DA:483,0
DA:491,53
DA:492,117
DA:493,117
DA:496,53
DA:497,0
DA:498,0
DA:499,0
DA:500,0
DA:504,53
DA:505,0
DA:508,117
DA:509,117
DA:510,117
DA:511,117
DA:512,117
DA:513,117
DA:514,117
DA:515,117
DA:516,117
DA:517,117
DA:518,117
DA:519,117
DA:520,117
DA:521,117
DA:522,117
DA:523,117
DA:524,117
DA:525,117
DA:527,117
DA:528,117
DA:529,117
DA:530,117
DA:531,117
DA:532,117
DA:533,117
DA:534,117
DA:535,117
DA:536,117
DA:537,117
DA:538,117
DA:539,117
DA:540,117
DA:541,117
DA:543,117
DA:544,117
DA:545,117
DA:546,117
DA:547,117
DA:548,117
DA:549,117
DA:550,117
DA:551,117
DA:552,117
DA:553,15
DA:554,45
DA:555,45
DA:556,45
DA:563,15
DA:564,102
DA:565,49
DA:566,49
DA:568,53
DA:569,53
DA:570,53
DA:571,53
DA:572,0
DA:573,53
DA:574,53
DA:575,392
DA:588,117
DA:589,0
DA:590,0
DA:592,0
DA:598,117
DA:599,117
DA:600,113
DA:604,62
DA:605,62
DA:606,62
DA:607,62
DA:608,62
DA:609,62
DA:610,62
DA:611,62
DA:612,62
DA:613,62
DA:614,62
DA:615,62
DA:616,62
DA:617,62
DA:618,62
DA:619,62
DA:620,62
DA:621,62
DA:622,62
DA:623,62
DA:624,62
DA:625,62
DA:626,62
DA:627,62
DA:628,62
DA:629,62
DA:630,62
DA:631,62
DA:633,62
DA:634,62
DA:635,62
DA:636,62
DA:637,62
DA:638,62
DA:639,62
DA:640,62
DA:641,62
DA:642,62
DA:644,62
DA:645,0
DA:646,0
DA:647,0
DA:648,0
DA:649,0
DA:650,0
DA:651,0
DA:652,0
DA:653,0
DA:654,0
DA:655,0
DA:656,0
DA:657,0
DA:661,0
DA:666,0
DA:669,0
DA:670,0
DA:671,62
DA:672,0
DA:673,0
DA:674,0
DA:675,0
DA:676,0
DA:678,62
DA:679,62
DA:680,62
DA:681,62
DA:682,62
DA:683,0
DA:684,62
DA:685,62
DA:686,558
DA:698,62
DA:699,62
DA:701,62
DA:702,0
DA:703,0
DA:705,0
DA:711,62
DA:712,62
DA:717,98
DA:718,98
DA:719,98
DA:720,98
DA:721,98
DA:722,98
DA:723,98
DA:724,98
DA:726,98
DA:727,98
DA:728,98
DA:729,98
DA:730,98
DA:731,98
DA:732,98
DA:733,98
DA:734,98
DA:735,98
DA:736,98
DA:737,98
DA:739,0
DA:741,98
DA:742,98
DA:743,166
DA:748,98
DA:751,53
DA:752,17
DA:753,17
DA:755,17
DA:760,0
DA:761,0
DA:762,0
DA:763,0
DA:766,0
DA:768,17
DA:769,17
DA:770,17
DA:771,17
DA:773,17
DA:776,53
DA:777,34
DA:778,34
DA:780,34
DA:785,0
DA:787,34
DA:790,166
DA:791,166
DA:792,166
DA:793,166
DA:794,166
DA:795,268
DA:797,166
DA:798,166
DA:799,166
DA:800,166
DA:801,166
DA:802,166
DA:803,166
DA:804,166
DA:805,0
DA:806,0
DA:808,0
DA:817,53
DA:818,281
DA:819,17
DA:820,17
DA:821,17
DA:822,17
DA:823,0
DA:825,17
DA:826,17
DA:827,17
DA:828,17
DA:829,17
DA:830,17
DA:834,17
DA:835,0
DA:840,17
DA:841,17
DA:842,0
DA:846,264
DA:847,264
DA:848,2376
DA:850,264
DA:851,264
DA:852,434
DA:853,0
DA:854,0
DA:855,0
DA:860,0
DA:867,53
DA:868,17
DA:869,17
DA:870,17
DA:871,17
DA:872,17
DA:873,17
DA:874,17
DA:875,17
DA:876,0
DA:877,0
DA:879,0
DA:885,17
DA:886,17
DA:887,17
DA:892,17
DA:895,53
DA:896,0
DA:897,0
DA:898,0
DA:899,0
DA:901,0
DA:902,0
DA:903,0
DA:904,0
DA:909,0
DA:912,53
DA:913,0
DA:914,0
DA:915,0
DA:916,0
DA:917,0
DA:918,0
DA:919,0
DA:920,0
DA:921,0
DA:922,0
DA:927,53
DA:928,0
DA:929,0
DA:930,0
DA:931,0
DA:932,0
DA:933,0
DA:934,0
DA:936,0
DA:937,0
DA:938,0
DA:939,0
DA:940,0
DA:943,0
DA:944,0
DA:948,0
DA:949,0
DA:950,0
DA:952,0
DA:953,0
DA:954,0
DA:956,0
DA:958,0
DA:959,0
DA:960,0
DA:961,0
DA:962,0
DA:963,0
DA:964,0
DA:968,53
DA:969,0
DA:970,0
DA:971,0
DA:972,0
DA:973,0
DA:974,0
DA:981,0
DA:982,0
DA:985,0
DA:986,0
DA:987,0
DA:989,0
DA:990,0
DA:991,0
DA:992,0
DA:994,0
DA:996,0
DA:1001,0
DA:1004,0
DA:1007,0
DA:1008,0
DA:1009,0
DA:1012,0
DA:1013,0
DA:1014,0
DA:1015,0
DA:1020,0
DA:1021,0
DA:1022,0
DA:1023,0
DA:1024,0
DA:1025,0
DA:1026,0
DA:1027,0
DA:1028,0
DA:1029,0
DA:1030,0
DA:1032,0
DA:1042,115
DA:1043,115
DA:1044,115
DA:1045,115
DA:1046,115
DA:1047,115
DA:1048,115
DA:1049,115
DA:1050,0
DA:1051,0
DA:1053,0
DA:1059,115
DA:1060,98
DA:1061,98
DA:1063,115
DA:1064,115
DA:1065,115
DA:1066,115
DA:1068,115
DA:1069,115
DA:1070,17
DA:1072,115
DA:1073,183
DA:1076,115
DA:1077,0
DA:1079,0
DA:1082,0
DA:1083,0
DA:1091,115
DA:1097,115
DA:1099,115
DA:1100,0
DA:1101,0
DA:1102,0
DA:1103,0
DA:1105,115
DA:1106,0
DA:1107,0
DA:1109,115
DA:1110,115
DA:1112,0
DA:1113,0
DA:1114,0
DA:1115,0
DA:1116,0
DA:1117,0
DA:1120,115
DA:1121,17
DA:1125,98
DA:1127,115
DA:1128,115
DA:1129,115
DA:1130,115
DA:1131,115
DA:1132,115
DA:1133,115
DA:1134,0
DA:1135,0
DA:1137,0
DA:1145,0
DA:1152,53
DA:1153,1638
DA:1154,102
DA:1155,102
DA:1156,102
DA:1157,119
DA:1159,102
DA:1160,0
DA:1162,102
DA:1165,1536
DA:1166,0
DA:1168,1536
DA:1173,53
DA:1174,3401
DA:1175,3401
DA:1176,0
DA:1178,3401
DA:1182,53
DA:1183,0
DA:1184,0
DA:1186,0
DA:1190,53
DA:1191,0
DA:1192,0
DA:1194,0
DA:1198,53
DA:1199,0
DA:1200,0
DA:1202,0
DA:1203,0
DA:1204,0
DA:1205,0
DA:1207,0
DA:1209,0
DA:1218,53
DA:1219,0
DA:1220,0
DA:1221,0
DA:1223,0
DA:1228,296
DA:1230,296
DA:1235,296
DA:1237,296
DA:1238,30
DA:1239,30
DA:1240,15
DA:1241,15
DA:1244,30
DA:1246,266
DA:1247,266
DA:1248,198
DA:1249,198
DA:1252,266
DA:1256,0
DA:1261,53
DA:1262,0
DA:1265,53
DA:1266,0
DA:1267,0
DA:1271,0
DA:1276,0
DA:1278,0
DA:1279,0
DA:1280,0
DA:1281,0
DA:1284,0
DA:1288,0
DA:1289,0
DA:1290,0
DA:1291,0
DA:1296,53
DA:1297,0
DA:1300,53
DA:1301,34
DA:1302,34
DA:1307,53
DA:1308,102
DA:1309,102
DA:1314,53
DA:1315,34
DA:1316,34
DA:1317,34
DA:1319,0
DA:1320,0
DA:1321,0
DA:1322,0
DA:1326,53
DA:1327,28
DA:1328,28
DA:1331,53
DA:1332,34
DA:1333,34
DA:1334,34
DA:1335,34
DA:1336,34
DA:1337,34
DA:1338,34
DA:1339,34
DA:1340,34
DA:1341,34
DA:1342,34
DA:1343,34
DA:1346,53
DA:1347,109
DA:1348,109
DA:1349,109
DA:1350,109
DA:1351,109
DA:1352,109
DA:1355,53
DA:1356,66
DA:1357,66
DA:1360,53
DA:1361,15
DA:1362,15
DA:1365,53
DA:1366,196
DA:1367,0
DA:1368,0
DA:1370,0
DA:1377,53
LF:760
LH:521
BRDA:148,0,0,0
BRDA:148,0,1,0
BRDA:185,1,0,179
BRDA:185,1,1,0
BRDA:189,2,0,179
BRDA:189,2,1,179
BRDA:201,3,0,17
BRDA:201,3,1,162
BRDA:222,4,0,179
BRDA:222,4,1,0
BRDA:222,5,0,179
BRDA:222,5,1,179
BRDA:224,6,0,34
BRDA:224,6,1,145
BRDA:227,7,0,34
BRDA:227,7,1,34
BRDA:227,7,2,34
BRDA:238,8,0,64
BRDA:238,8,1,81
BRDA:243,9,0,0
BRDA:243,9,1,145
BRDA:247,10,0,66
BRDA:247,10,1,79
BRDA:247,11,0,145
BRDA:247,11,1,128
BRDA:250,12,0,15
BRDA:250,12,1,130
BRDA:253,13,0,28
BRDA:253,13,1,117
BRDA:256,14,0,145
BRDA:256,14,1,145
BRDA:259,15,0,179
BRDA:259,15,1,0
BRDA:265,16,0,179
BRDA:265,16,1,0
BRDA:271,17,0,0
BRDA:271,17,1,179
BRDA:300,18,0,17
BRDA:300,18,1,162
BRDA:311,19,0,17
BRDA:311,19,1,162
BRDA:317,20,0,17
BRDA:317,20,1,162
BRDA:343,21,0,81
BRDA:343,21,1,98
BRDA:342,22,0,179
BRDA:342,22,1,162
BRDA:342,22,2,147
BRDA:346,23,0,17
BRDA:346,23,1,162
BRDA:347,24,0,17
BRDA:347,24,1,0
BRDA:356,25,0,49
BRDA:356,25,1,130
BRDA:389,26,0,179
BRDA:389,26,1,0
BRDA:391,27,0,0
BRDA:391,27,1,179
BRDA:403,28,0,273
BRDA:403,28,1,0
BRDA:403,29,0,273
BRDA:403,29,1,273
BRDA:404,30,0,17
BRDA:404,30,1,256
BRDA:417,31,0,0
BRDA:417,31,1,145
BRDA:417,32,0,145
BRDA:417,32,1,0
BRDA:418,33,0,0
BRDA:418,33,1,0
BRDA:440,34,0,179
BRDA:440,34,1,179
BRDA:440,35,0,358
BRDA:440,35,1,179
BRDA:442,36,0,179
BRDA:442,36,1,0
BRDA:447,37,0,179
BRDA:447,37,1,0
BRDA:459,38,0,358
BRDA:459,38,1,0
BRDA:467,39,0,0
BRDA:467,39,1,0
BRDA:477,40,0,0
BRDA:477,40,1,0
BRDA:552,41,0,15
BRDA:552,41,1,102
BRDA:552,42,0,117
BRDA:552,42,1,15
BRDA:552,42,2,15
BRDA:555,43,0,45
BRDA:555,43,1,0
BRDA:564,44,0,49
BRDA:564,44,1,53
BRDA:571,45,0,0
BRDA:571,45,1,53
BRDA:571,46,0,53
BRDA:571,46,1,0
BRDA:573,47,0,53
BRDA:573,47,1,0
BRDA:573,48,0,53
BRDA:573,48,1,0
BRDA:588,49,0,0
BRDA:588,49,1,117
BRDA:634,50,0,62
BRDA:634,50,1,0
BRDA:644,51,0,0
BRDA:644,51,1,62
BRDA:644,52,0,62
BRDA:644,52,1,0
BRDA:650,53,0,0
BRDA:650,53,1,0
BRDA:656,54,0,0
BRDA:656,54,1,0
BRDA:671,55,0,0
BRDA:671,55,1,62
BRDA:682,56,0,0
BRDA:682,56,1,62
BRDA:682,57,0,62
BRDA:682,57,1,0
BRDA:684,58,0,62
BRDA:684,58,1,0
BRDA:684,59,0,62
BRDA:684,59,1,0
BRDA:701,60,0,0
BRDA:701,60,1,62
BRDA:736,61,0,98
BRDA:736,61,1,0
BRDA:741,62,0,98
BRDA:741,62,1,0
BRDA:744,63,0,0
BRDA:744,63,1,166
BRDA:752,64,0,17
BRDA:752,64,1,0
BRDA:752,65,0,17
BRDA:752,65,1,17
BRDA:755,66,0,0
BRDA:755,66,1,17
BRDA:756,67,0,17
BRDA:756,67,1,0
BRDA:756,67,2,0
BRDA:761,68,0,0
BRDA:761,68,1,0
BRDA:777,69,0,34
BRDA:777,69,1,0
BRDA:780,70,0,0
BRDA:780,70,1,34
BRDA:781,71,0,34
BRDA:781,71,1,0
BRDA:781,71,2,0
BRDA:799,72,0,166
BRDA:799,72,1,0
BRDA:804,73,0,0
BRDA:804,73,1,166
BRDA:818,74,0,17
BRDA:818,74,1,264
BRDA:826,75,0,17
BRDA:826,75,1,0
BRDA:834,76,0,0
BRDA:834,76,1,17
BRDA:841,77,0,0
BRDA:841,77,1,17
BRDA:850,78,0,264
BRDA:850,78,1,0
BRDA:852,79,0,0
BRDA:852,79,1,434
BRDA:875,80,0,0
BRDA:875,80,1,17
BRDA:885,81,0,17
BRDA:885,81,1,0
BRDA:888,82,0,0
BRDA:888,82,1,17
BRDA:898,83,0,0
BRDA:898,83,1,0
BRDA:898,84,0,0
BRDA:898,84,1,0
BRDA:902,85,0,0
BRDA:902,85,1,0
BRDA:920,86,0,0
BRDA:920,86,1,0
BRDA:928,87,0,0
BRDA:928,87,1,0
BRDA:928,88,0,0
BRDA:928,88,1,0
BRDA:930,89,0,0
BRDA:930,89,1,0
BRDA:937,90,0,0
BRDA:937,90,1,0
BRDA:943,91,0,0
BRDA:943,91,1,0
BRDA:948,92,0,0
BRDA:948,92,1,0
BRDA:948,93,0,0
BRDA:948,93,1,0
BRDA:953,94,0,0
BRDA:953,94,1,0
BRDA:958,95,0,0
BRDA:958,95,1,0
BRDA:958,96,0,0
BRDA:958,96,1,0
BRDA:996,97,0,0
BRDA:996,97,1,0
BRDA:997,98,0,0
BRDA:997,98,1,0
BRDA:997,98,2,0
BRDA:1007,99,0,0
BRDA:1007,99,1,0
BRDA:1014,100,0,0
BRDA:1014,100,1,0
BRDA:1028,101,0,0
BRDA:1028,101,1,0
BRDA:1043,102,0,115
BRDA:1043,102,1,0
BRDA:1043,103,0,115
BRDA:1043,103,1,17
BRDA:1043,103,2,17
BRDA:1049,104,0,0
BRDA:1049,104,1,115
BRDA:1059,105,0,98
BRDA:1059,105,1,17
BRDA:1069,106,0,17
BRDA:1069,106,1,98
BRDA:1076,107,0,0
BRDA:1076,107,1,115
BRDA:1092,108,0,17
BRDA:1092,108,1,98
BRDA:1099,109,0,0
BRDA:1099,109,1,115
BRDA:1105,110,0,0
BRDA:1105,110,1,115
BRDA:1109,111,0,115
BRDA:1109,111,1,0
BRDA:1120,112,0,17
BRDA:1120,112,1,98
BRDA:1133,113,0,0
BRDA:1133,113,1,115
BRDA:1153,114,0,102
BRDA:1153,114,1,1536
BRDA:1159,115,0,0
BRDA:1159,115,1,102
BRDA:1165,116,0,0
BRDA:1165,116,1,1536
BRDA:1175,117,0,0
BRDA:1175,117,1,3401
BRDA:1183,118,0,0
BRDA:1183,118,1,0
BRDA:1191,119,0,0
BRDA:1191,119,1,0
BRDA:1199,120,0,0
BRDA:1199,120,1,0
BRDA:1213,121,0,0
BRDA:1213,121,1,0
BRDA:1220,122,0,0
BRDA:1220,122,1,0
BRDA:1231,123,0,168
BRDA:1231,123,1,128
BRDA:1230,124,0,296
BRDA:1230,124,1,196
BRDA:1230,124,2,162
BRDA:1233,125,0,30
BRDA:1233,125,1,98
BRDA:1237,126,0,30
BRDA:1237,126,1,266
BRDA:1240,127,0,15
BRDA:1240,127,1,0
BRDA:1248,128,0,198
BRDA:1248,128,1,0
BRDA:1266,129,0,0
BRDA:1266,129,1,0
BRDA:1266,130,0,0
BRDA:1266,130,1,0
BRDA:1272,131,0,0
BRDA:1272,131,1,0
BRDA:1271,132,0,0
BRDA:1271,132,1,0
BRDA:1271,132,2,0
BRDA:1274,133,0,0
BRDA:1274,133,1,0
BRDA:1303,134,0,34
BRDA:1303,134,1,0
BRDA:1310,135,0,34
BRDA:1310,135,1,68
BRDA:1315,136,0,34
BRDA:1315,136,1,0
BRDA:1366,137,0,0
BRDA:1366,137,1,196
BRF:285
BRH:145
end_of_record
TN:
SF:src/app/components/projects/projects.component.ts
FN:1,(anonymous_882)
FN:22,(anonymous_886)
FN:66,ProjectsComponent
FN:79,(anonymous_888)
FN:84,(anonymous_889)
FN:91,(anonymous_890)
FN:93,(anonymous_891)
FN:98,(anonymous_892)
FN:105,(anonymous_893)
FN:109,(anonymous_894)
FN:113,(anonymous_895)
FN:116,(anonymous_896)
FN:123,(anonymous_897)
FN:126,(anonymous_898)
FN:135,(anonymous_899)
FN:143,(anonymous_900)
FN:148,(anonymous_901)
FN:156,(anonymous_902)
FN:176,(anonymous_903)
FN:181,(anonymous_904)
FN:191,(anonymous_905)
FN:197,(anonymous_906)
FN:208,(anonymous_907)
FN:211,(anonymous_908)
FN:231,(anonymous_909)
FN:238,(anonymous_910)
FN:243,(anonymous_911)
FN:251,(anonymous_912)
FN:259,(anonymous_913)
FN:272,(anonymous_914)
FN:275,(anonymous_915)
FN:289,(anonymous_916)
FN:296,(anonymous_917)
FN:313,(anonymous_918)
FN:317,(anonymous_919)
FN:331,(anonymous_920)
FN:338,(anonymous_921)
FN:355,(anonymous_922)
FN:359,(anonymous_923)
FN:365,(anonymous_924)
FN:379,(anonymous_925)
FN:386,(anonymous_926)
FN:392,(anonymous_927)
FN:396,(anonymous_928)
FN:418,(anonymous_929)
FN:426,(anonymous_930)
FN:441,(anonymous_931)
FN:445,(anonymous_932)
FN:449,(anonymous_933)
FN:455,(anonymous_934)
FNF:50
FNH:26
FNDA:106,(anonymous_882)
FNDA:53,(anonymous_886)
FNDA:557,ProjectsComponent
FNDA:557,(anonymous_888)
FNDA:557,(anonymous_889)
FNDA:0,(anonymous_890)
FNDA:0,(anonymous_891)
FNDA:6,(anonymous_892)
FNDA:6,(anonymous_893)
FNDA:5,(anonymous_894)
FNDA:0,(anonymous_895)
FNDA:0,(anonymous_896)
FNDA:613,(anonymous_897)
FNDA:613,(anonymous_898)
FNDA:0,(anonymous_899)
FNDA:0,(anonymous_900)
FNDA:26,(anonymous_901)
FNDA:0,(anonymous_902)
FNDA:0,(anonymous_903)
FNDA:0,(anonymous_904)
FNDA:0,(anonymous_905)
FNDA:0,(anonymous_906)
FNDA:25,(anonymous_907)
FNDA:25,(anonymous_908)
FNDA:0,(anonymous_909)
FNDA:26,(anonymous_910)
FNDA:0,(anonymous_911)
FNDA:24,(anonymous_912)
FNDA:24,(anonymous_913)
FNDA:24,(anonymous_914)
FNDA:23,(anonymous_915)
FNDA:0,(anonymous_916)
FNDA:65,(anonymous_917)
FNDA:18,(anonymous_918)
FNDA:0,(anonymous_919)
FNDA:0,(anonymous_920)
FNDA:74,(anonymous_921)
FNDA:21,(anonymous_922)
FNDA:0,(anonymous_923)
FNDA:0,(anonymous_924)
FNDA:0,(anonymous_925)
FNDA:25,(anonymous_926)
FNDA:0,(anonymous_927)
FNDA:26,(anonymous_928)
FNDA:26,(anonymous_929)
FNDA:27,(anonymous_930)
FNDA:0,(anonymous_931)
FNDA:0,(anonymous_932)
FNDA:0,(anonymous_933)
FNDA:0,(anonymous_934)
DA:1,636
DA:22,53
DA:23,53
DA:26,557
DA:29,557
DA:30,557
DA:32,557
DA:34,557
DA:35,557
DA:36,557
DA:37,557
DA:40,557
DA:41,557
DA:49,557
DA:50,557
DA:51,557
DA:52,557
DA:53,557
DA:57,557
DA:58,557
DA:61,557
DA:62,557
DA:66,557
DA:67,557
DA:68,557
DA:69,557
DA:70,557
DA:71,557
DA:72,557
DA:74,557
DA:75,557
DA:76,557
DA:77,557
DA:78,557
DA:79,557
DA:80,557
DA:84,53
DA:85,557
DA:86,557
DA:87,557
DA:88,557
DA:91,53
DA:92,0
DA:93,0
DA:94,0
DA:98,53
DA:99,6
DA:103,6
DA:104,6
DA:106,6
DA:107,6
DA:108,6
DA:109,6
DA:110,5
DA:114,0
DA:115,0
DA:116,0
DA:117,0
DA:123,613
DA:124,613
DA:125,613
DA:127,613
DA:128,613
DA:129,1721
DA:131,613
DA:132,613
DA:136,0
DA:137,0
DA:138,0
DA:143,53
DA:144,0
DA:145,0
DA:148,53
DA:149,26
DA:150,0
DA:151,0
DA:152,0
DA:155,0
DA:157,0
DA:158,0
DA:159,0
DA:161,0
DA:162,0
DA:163,0
DA:164,0
DA:167,0
DA:170,0
DA:171,0
DA:172,0
DA:174,0
DA:176,0
DA:177,0
DA:182,0
DA:183,0
DA:187,26
DA:188,26
DA:189,26
DA:190,0
DA:192,0
DA:193,0
DA:194,0
DA:198,0
DA:199,0
DA:203,26
DA:208,53
DA:209,25
DA:210,25
DA:212,25
DA:213,25
DA:232,0
DA:233,0
DA:238,53
DA:239,26
DA:240,26
DA:243,53
DA:244,0
DA:245,0
DA:246,0
DA:251,53
DA:252,24
DA:253,0
DA:255,24
DA:259,53
DA:260,24
DA:261,24
DA:262,0
DA:263,0
DA:264,0
DA:265,24
DA:266,24
DA:267,24
DA:272,24
DA:273,24
DA:274,24
DA:275,24
DA:276,23
DA:279,24
DA:280,24
DA:281,24
DA:282,24
DA:283,24
DA:284,24
DA:289,53
DA:290,0
DA:291,0
DA:292,0
DA:293,0
DA:296,65
DA:297,65
DA:298,65
DA:299,65
DA:300,65
DA:303,65
DA:304,10
DA:307,55
DA:308,37
DA:312,18
DA:314,18
DA:315,0
DA:316,0
DA:317,0
DA:318,0
DA:320,18
DA:321,18
DA:332,0
DA:338,74
DA:339,74
DA:340,74
DA:341,74
DA:342,74
DA:345,74
DA:346,13
DA:349,61
DA:350,40
DA:354,21
DA:356,21
DA:357,0
DA:358,0
DA:359,0
DA:360,0
DA:362,21
DA:363,0
DA:364,0
DA:365,0
DA:366,0
DA:368,21
DA:369,21
DA:380,0
DA:386,53
DA:387,25
DA:388,25
DA:389,25
DA:392,53
DA:393,0
DA:396,53
DA:397,26
DA:398,26
DA:401,26
DA:402,0
DA:404,0
DA:405,26
DA:406,26
DA:408,26
DA:411,26
DA:412,26
DA:413,0
DA:414,0
DA:416,0
DA:418,26
DA:419,26
DA:421,26
DA:422,26
DA:426,53
DA:427,27
DA:441,53
DA:442,0
DA:445,53
DA:446,0
DA:447,0
DA:448,0
DA:449,0
DA:450,0
DA:451,0
DA:455,53
DA:456,0
DA:458,53
LF:226
LH:147
BRDA:149,0,0,0
BRDA:149,0,1,26
BRDA:151,1,0,0
BRDA:151,1,1,0
BRDA:157,2,0,0
BRDA:157,2,1,0
BRDA:157,3,0,0
BRDA:157,3,1,0
BRDA:158,4,0,0
BRDA:158,4,1,0
BRDA:161,5,0,0
BRDA:161,5,1,0
BRDA:163,6,0,0
BRDA:163,6,1,0
BRDA:168,7,0,0
BRDA:168,7,1,0
BRDA:171,8,0,0
BRDA:171,8,1,0
BRDA:189,9,0,0
BRDA:189,9,1,26
BRDA:192,10,0,0
BRDA:192,10,1,0
BRDA:212,11,0,25
BRDA:212,11,1,0
BRDA:219,12,0,0
BRDA:219,12,1,25
BRDA:245,13,0,0
BRDA:245,13,1,0
BRDA:252,14,0,0
BRDA:252,14,1,24
BRDA:261,15,0,0
BRDA:261,15,1,24
BRDA:261,16,0,24
BRDA:261,16,1,24
BRDA:265,17,0,24
BRDA:265,17,1,0
BRDA:265,18,0,24
BRDA:265,18,1,24
BRDA:265,18,2,0
BRDA:273,19,0,24
BRDA:273,19,1,0
BRDA:273,20,0,24
BRDA:273,20,1,24
BRDA:298,21,0,65
BRDA:298,21,1,0
BRDA:303,22,0,10
BRDA:303,22,1,55
BRDA:307,23,0,37
BRDA:307,23,1,18
BRDA:314,24,0,0
BRDA:314,24,1,18
BRDA:320,25,0,18
BRDA:320,25,1,0
BRDA:320,26,0,18
BRDA:320,26,1,18
BRDA:340,27,0,74
BRDA:340,27,1,0
BRDA:345,28,0,13
BRDA:345,28,1,61
BRDA:349,29,0,40
BRDA:349,29,1,21
BRDA:356,30,0,0
BRDA:356,30,1,21
BRDA:362,31,0,0
BRDA:362,31,1,21
BRDA:368,32,0,21
BRDA:368,32,1,0
BRDA:397,33,0,26
BRDA:397,33,1,0
BRDA:397,34,0,26
BRDA:397,34,1,26
BRDA:399,35,0,0
BRDA:399,35,1,26
BRDA:401,36,0,0
BRDA:401,36,1,26
BRDA:405,37,0,26
BRDA:405,37,1,0
BRDA:409,38,0,0
BRDA:409,38,1,26
BRDA:413,39,0,0
BRDA:413,39,1,0
BRDA:447,40,0,0
BRDA:447,40,1,0
BRF:83
BRH:38
end_of_record
TN:
SF:src/app/components/projects/annotate/annotate.component.ts
FN:1,(anonymous_357)
FN:32,(anonymous_363)
FN:127,AnnotateComponent
FN:144,(anonymous_365)
FN:146,(anonymous_366)
FN:159,(anonymous_367)
FN:171,(anonymous_368)
FN:199,(anonymous_369)
FN:207,(anonymous_370)
FN:227,(anonymous_371)
FN:263,(anonymous_372)
FN:282,(anonymous_373)
FN:287,(anonymous_374)
FN:293,(anonymous_375)
FN:305,(anonymous_376)
FN:325,(anonymous_377)
FN:334,(anonymous_378)
FN:354,(anonymous_379)
FN:358,(anonymous_380)
FN:364,(anonymous_381)
FN:369,(anonymous_382)
FN:373,(anonymous_383)
FN:377,(anonymous_384)
FN:381,(anonymous_385)
FN:450,(anonymous_386)
FN:455,(anonymous_387)
FN:463,(anonymous_388)
FN:471,(anonymous_389)
FN:485,(anonymous_390)
FN:490,(anonymous_391)
FN:504,(anonymous_392)
FN:555,(anonymous_393)
FN:564,(anonymous_394)
FN:631,(anonymous_395)
FN:636,(anonymous_396)
FN:644,(anonymous_397)
FN:648,(anonymous_398)
FN:651,(anonymous_399)
FN:661,(anonymous_400)
FN:685,(anonymous_401)
FN:725,(anonymous_402)
FN:756,(anonymous_403)
FN:763,(anonymous_404)
FN:771,(anonymous_405)
FN:825,(anonymous_406)
FN:842,(anonymous_407)
FN:889,(anonymous_408)
FN:929,(anonymous_409)
FN:935,(anonymous_410)
FN:940,(anonymous_411)
FN:943,(anonymous_412)
FN:954,(anonymous_413)
FN:957,(anonymous_414)
FN:966,(anonymous_415)
FN:974,(anonymous_416)
FN:976,(anonymous_417)
FN:979,(anonymous_418)
FN:985,(anonymous_419)
FN:1021,(anonymous_420)
FN:1023,(anonymous_421)
FN:1043,(anonymous_422)
FN:1050,(anonymous_423)
FN:1056,(anonymous_424)
FN:1074,(anonymous_425)
FN:1080,(anonymous_426)
FN:1117,(anonymous_427)
FN:1157,(anonymous_428)
FN:1172,(anonymous_429)
FN:1183,(anonymous_430)
FN:1192,(anonymous_431)
FN:1266,(anonymous_432)
FN:1290,(anonymous_433)
FN:1299,(anonymous_434)
FN:1383,(anonymous_435)
FN:1408,(anonymous_436)
FN:1427,(anonymous_437)
FN:1467,(anonymous_438)
FN:1474,(anonymous_439)
FN:1479,(anonymous_440)
FN:1483,(anonymous_441)
FN:1489,(anonymous_442)
FN:1500,(anonymous_443)
FN:1508,(anonymous_444)
FN:1524,(anonymous_445)
FN:1530,(anonymous_446)
FN:1540,(anonymous_447)
FN:1579,(anonymous_448)
FN:1590,(anonymous_449)
FN:1602,(anonymous_450)
FN:1613,(anonymous_451)
FN:1673,(anonymous_452)
FN:1692,(anonymous_453)
FN:1725,(anonymous_454)
FN:1726,(anonymous_455)
FN:1727,(anonymous_456)
FN:1740,(anonymous_457)
FN:1742,(anonymous_458)
FN:1765,(anonymous_459)
FN:1780,(anonymous_460)
FN:1781,(anonymous_461)
FN:1787,(anonymous_462)
FN:1796,(anonymous_463)
FN:1873,(anonymous_464)
FN:1878,(anonymous_465)
FN:1883,(anonymous_466)
FN:1898,(anonymous_467)
FN:1922,(anonymous_468)
FN:1933,(anonymous_469)
FN:1939,(anonymous_470)
FN:1951,(anonymous_471)
FN:1979,(anonymous_472)
FN:1981,(anonymous_473)
FN:1991,(anonymous_474)
FN:1992,(anonymous_475)
FN:2008,(anonymous_476)
FN:2037,(anonymous_477)
FN:2061,(anonymous_478)
FN:2069,(anonymous_479)
FN:2076,(anonymous_480)
FN:2080,(anonymous_481)
FN:2123,(anonymous_482)
FN:2128,(anonymous_483)
FN:2129,(anonymous_484)
FN:2147,(anonymous_485)
FN:2155,(anonymous_486)
FN:2161,(anonymous_487)
FN:2174,(anonymous_488)
FN:2183,(anonymous_489)
FN:2187,(anonymous_490)
FN:2197,(anonymous_491)
FN:2201,(anonymous_492)
FN:2207,(anonymous_493)
FN:2213,(anonymous_494)
FN:2215,(anonymous_495)
FN:2229,(anonymous_496)
FN:2246,(anonymous_497)
FN:2250,(anonymous_498)
FN:2295,(anonymous_499)
FN:2325,(anonymous_500)
FN:2384,(anonymous_501)
FN:2413,(anonymous_502)
FN:2463,(anonymous_503)
FN:2492,(anonymous_504)
FN:2504,(anonymous_505)
FN:2506,(anonymous_506)
FN:2512,(anonymous_507)
FN:2523,(anonymous_508)
FN:2525,(anonymous_509)
FN:2529,(anonymous_510)
FN:2531,(anonymous_511)
FN:2557,(anonymous_512)
FN:2559,(anonymous_513)
FN:2579,(anonymous_514)
FN:2584,(anonymous_515)
FN:2588,(anonymous_516)
FN:2592,(anonymous_517)
FN:2596,(anonymous_518)
FN:2601,(anonymous_519)
FN:2621,(anonymous_520)
FN:2641,(anonymous_521)
FN:2663,(anonymous_522)
FN:2671,(anonymous_523)
FN:2676,(anonymous_524)
FN:2677,(anonymous_525)
FN:2678,(anonymous_526)
FN:2694,(anonymous_527)
FN:2704,(anonymous_528)
FN:2708,(anonymous_529)
FN:2713,(anonymous_530)
FN:2715,(anonymous_531)
FN:2717,(anonymous_532)
FN:2723,(anonymous_533)
FN:2728,(anonymous_534)
FN:2734,(anonymous_535)
FN:2742,(anonymous_536)
FN:2768,(anonymous_537)
FN:2775,(anonymous_538)
FN:2779,(anonymous_539)
FN:2783,(anonymous_540)
FN:2792,(anonymous_541)
FN:2796,(anonymous_542)
FN:2801,(anonymous_543)
FN:2805,(anonymous_544)
FN:2829,(anonymous_545)
FN:2831,(anonymous_546)
FN:2837,(anonymous_547)
FN:2842,(anonymous_548)
FNF:187
FNH:127
FNDA:106,(anonymous_357)
FNDA:53,(anonymous_363)
FNDA:243,AnnotateComponent
FNDA:243,(anonymous_365)
FNDA:243,(anonymous_366)
FNDA:243,(anonymous_367)
FNDA:243,(anonymous_368)
FNDA:202,(anonymous_369)
FNDA:202,(anonymous_370)
FNDA:14,(anonymous_371)
FNDA:33,(anonymous_372)
FNDA:0,(anonymous_373)
FNDA:202,(anonymous_374)
FNDA:48,(anonymous_375)
FNDA:295,(anonymous_376)
FNDA:123,(anonymous_377)
FNDA:123,(anonymous_378)
FNDA:0,(anonymous_379)
FNDA:123,(anonymous_380)
FNDA:35,(anonymous_381)
FNDA:29,(anonymous_382)
FNDA:41,(anonymous_383)
FNDA:0,(anonymous_384)
FNDA:336,(anonymous_385)
FNDA:254,(anonymous_386)
FNDA:0,(anonymous_387)
FNDA:0,(anonymous_388)
FNDA:82,(anonymous_389)
FNDA:82,(anonymous_390)
FNDA:518,(anonymous_391)
FNDA:212,(anonymous_392)
FNDA:0,(anonymous_393)
FNDA:0,(anonymous_394)
FNDA:254,(anonymous_395)
FNDA:254,(anonymous_396)
FNDA:0,(anonymous_397)
FNDA:254,(anonymous_398)
FNDA:84,(anonymous_399)
FNDA:377,(anonymous_400)
FNDA:332,(anonymous_401)
FNDA:14,(anonymous_402)
FNDA:33,(anonymous_403)
FNDA:0,(anonymous_404)
FNDA:182,(anonymous_405)
FNDA:182,(anonymous_406)
FNDA:182,(anonymous_407)
FNDA:0,(anonymous_408)
FNDA:33,(anonymous_409)
FNDA:0,(anonymous_410)
FNDA:182,(anonymous_411)
FNDA:42,(anonymous_412)
FNDA:182,(anonymous_413)
FNDA:33,(anonymous_414)
FNDA:0,(anonymous_415)
FNDA:243,(anonymous_416)
FNDA:243,(anonymous_417)
FNDA:0,(anonymous_418)
FNDA:0,(anonymous_419)
FNDA:243,(anonymous_420)
FNDA:243,(anonymous_421)
FNDA:0,(anonymous_422)
FNDA:661,(anonymous_423)
FNDA:661,(anonymous_424)
FNDA:0,(anonymous_425)
FNDA:0,(anonymous_426)
FNDA:0,(anonymous_427)
FNDA:82,(anonymous_428)
FNDA:0,(anonymous_429)
FNDA:0,(anonymous_430)
FNDA:0,(anonymous_431)
FNDA:57,(anonymous_432)
FNDA:0,(anonymous_433)
FNDA:0,(anonymous_434)
FNDA:182,(anonymous_435)
FNDA:182,(anonymous_436)
FNDA:0,(anonymous_437)
FNDA:42,(anonymous_438)
FNDA:32,(anonymous_439)
FNDA:0,(anonymous_440)
FNDA:182,(anonymous_441)
FNDA:33,(anonymous_442)
FNDA:66,(anonymous_443)
FNDA:54,(anonymous_444)
FNDA:0,(anonymous_445)
FNDA:66,(anonymous_446)
FNDA:1010,(anonymous_447)
FNDA:912,(anonymous_448)
FNDA:0,(anonymous_449)
FNDA:221,(anonymous_450)
FNDA:0,(anonymous_451)
FNDA:0,(anonymous_452)
FNDA:0,(anonymous_453)
FNDA:16,(anonymous_454)
FNDA:16,(anonymous_455)
FNDA:32,(anonymous_456)
FNDA:205,(anonymous_457)
FNDA:410,(anonymous_458)
FNDA:782,(anonymous_459)
FNDA:700,(anonymous_460)
FNDA:54,(anonymous_461)
FNDA:64,(anonymous_462)
FNDA:64,(anonymous_463)
FNDA:32,(anonymous_464)
FNDA:16,(anonymous_465)
FNDA:16,(anonymous_466)
FNDA:48,(anonymous_467)
FNDA:16,(anonymous_468)
FNDA:16,(anonymous_469)
FNDA:0,(anonymous_470)
FNDA:64,(anonymous_471)
FNDA:57,(anonymous_472)
FNDA:57,(anonymous_473)
FNDA:0,(anonymous_474)
FNDA:0,(anonymous_475)
FNDA:0,(anonymous_476)
FNDA:41,(anonymous_477)
FNDA:0,(anonymous_478)
FNDA:0,(anonymous_479)
FNDA:96,(anonymous_480)
FNDA:192,(anonymous_481)
FNDA:496,(anonymous_482)
FNDA:760,(anonymous_483)
FNDA:760,(anonymous_484)
FNDA:28,(anonymous_485)
FNDA:544,(anonymous_486)
FNDA:12630,(anonymous_487)
FNDA:28,(anonymous_488)
FNDA:0,(anonymous_489)
FNDA:14,(anonymous_490)
FNDA:0,(anonymous_491)
FNDA:0,(anonymous_492)
FNDA:0,(anonymous_493)
FNDA:226,(anonymous_494)
FNDA:452,(anonymous_495)
FNDA:1435,(anonymous_496)
FNDA:1041,(anonymous_497)
FNDA:1041,(anonymous_498)
FNDA:0,(anonymous_499)
FNDA:0,(anonymous_500)
FNDA:0,(anonymous_501)
FNDA:0,(anonymous_502)
FNDA:0,(anonymous_503)
FNDA:0,(anonymous_504)
FNDA:1041,(anonymous_505)
FNDA:1203,(anonymous_506)
FNDA:1963,(anonymous_507)
FNDA:469,(anonymous_508)
FNDA:14070,(anonymous_509)
FNDA:1440,(anonymous_510)
FNDA:1440,(anonymous_511)
FNDA:469,(anonymous_512)
FNDA:410,(anonymous_513)
FNDA:0,(anonymous_514)
FNDA:378,(anonymous_515)
FNDA:48,(anonymous_516)
FNDA:0,(anonymous_517)
FNDA:48,(anonymous_518)
FNDA:48,(anonymous_519)
FNDA:48,(anonymous_520)
FNDA:229,(anonymous_521)
FNDA:0,(anonymous_522)
FNDA:80,(anonymous_523)
FNDA:80,(anonymous_524)
FNDA:80,(anonymous_525)
FNDA:0,(anonymous_526)
FNDA:0,(anonymous_527)
FNDA:0,(anonymous_528)
FNDA:0,(anonymous_529)
FNDA:123,(anonymous_530)
FNDA:123,(anonymous_531)
FNDA:246,(anonymous_532)
FNDA:123,(anonymous_533)
FNDA:0,(anonymous_534)
FNDA:41,(anonymous_535)
FNDA:41,(anonymous_536)
FNDA:0,(anonymous_537)
FNDA:0,(anonymous_538)
FNDA:41,(anonymous_539)
FNDA:141,(anonymous_540)
FNDA:94,(anonymous_541)
FNDA:0,(anonymous_542)
FNDA:0,(anonymous_543)
FNDA:0,(anonymous_544)
FNDA:760,(anonymous_545)
FNDA:760,(anonymous_546)
FNDA:0,(anonymous_547)
FNDA:229,(anonymous_548)
DA:1,848
DA:32,53
DA:33,53
DA:48,243
DA:63,243
DA:66,243
DA:67,243
DA:73,243
DA:74,243
DA:77,243
DA:79,243
DA:80,243
DA:81,243
DA:82,243
DA:83,243
DA:84,243
DA:117,243
DA:118,243
DA:121,243
DA:123,243
DA:125,243
DA:128,243
DA:129,243
DA:130,243
DA:131,243
DA:132,243
DA:133,243
DA:134,243
DA:135,243
DA:136,243
DA:137,243
DA:138,243
DA:139,243
DA:141,243
DA:144,53
DA:146,243
DA:147,243
DA:148,243
DA:149,243
DA:150,243
DA:151,243
DA:152,243
DA:153,243
DA:154,243
DA:155,243
DA:156,243
DA:157,243
DA:159,243
DA:160,243
DA:161,243
DA:162,243
DA:163,243
DA:164,243
DA:165,243
DA:167,243
DA:168,243
DA:171,53
DA:172,243
DA:173,243
DA:184,243
DA:185,243
DA:199,202
DA:200,202
DA:201,202
DA:202,202
DA:205,202
DA:206,202
DA:208,202
DA:209,202
DA:210,0
DA:211,0
DA:213,202
DA:218,124
DA:219,124
DA:221,202
DA:222,16
DA:223,16
DA:225,202
DA:226,14
DA:227,14
DA:228,14
DA:229,14
DA:245,14
DA:248,202
DA:249,48
DA:250,48
DA:255,202
DA:256,0
DA:259,202
DA:260,33
DA:261,33
DA:263,33
DA:264,33
DA:267,169
DA:268,48
DA:270,169
DA:271,169
DA:277,29
DA:283,0
DA:284,0
DA:285,0
DA:288,202
DA:289,202
DA:292,202
DA:293,48
DA:294,48
DA:298,48
DA:305,53
DA:306,295
DA:307,0
DA:308,0
DA:309,0
DA:310,0
DA:311,0
DA:312,0
DA:313,0
DA:315,0
DA:316,0
DA:317,0
DA:318,0
DA:325,123
DA:326,123
DA:327,123
DA:335,123
DA:336,123
DA:337,0
DA:338,0
DA:340,123
DA:341,123
DA:342,123
DA:343,123
DA:344,123
DA:345,0
DA:347,123
DA:348,123
DA:349,123
DA:350,123
DA:351,123
DA:355,0
DA:356,0
DA:359,123
DA:364,53
DA:365,35
DA:366,35
DA:369,53
DA:370,29
DA:373,53
DA:374,41
DA:377,53
DA:378,0
DA:381,336
DA:382,336
DA:383,336
DA:384,336
DA:385,336
DA:386,336
DA:387,336
DA:388,82
DA:390,254
DA:400,254
DA:407,27
DA:408,0
DA:409,0
DA:410,0
DA:411,0
DA:412,0
DA:415,0
DA:416,0
DA:418,0
DA:420,227
DA:421,32
DA:422,195
DA:423,14
DA:424,14
DA:425,14
DA:426,181
DA:427,84
DA:428,84
DA:432,97
DA:433,0
DA:434,0
DA:435,0
DA:436,0
DA:437,0
DA:438,0
DA:439,0
DA:442,0
DA:443,0
DA:444,0
DA:448,254
DA:449,254
DA:451,254
DA:452,0
DA:453,0
DA:455,0
DA:456,0
DA:459,254
DA:460,254
DA:464,0
DA:465,0
DA:471,82
DA:472,82
DA:473,82
DA:474,82
DA:478,82
DA:479,41
DA:481,41
DA:482,41
DA:483,41
DA:485,82
DA:486,82
DA:490,53
DA:492,518
DA:493,518
DA:494,224
DA:495,266
DA:496,0
DA:497,0
DA:500,224
DA:504,53
DA:505,212
DA:506,99
DA:508,0
DA:512,0
DA:513,0
DA:514,0
DA:516,99
DA:522,0
DA:523,0
DA:524,0
DA:525,0
DA:527,99
DA:532,0
DA:533,0
DA:534,0
DA:535,0
DA:537,0
DA:539,0
DA:540,0
DA:541,0
DA:542,0
DA:545,99
DA:550,99
DA:551,99
DA:552,99
DA:553,57
DA:554,41
DA:555,0
DA:556,0
DA:557,0
DA:558,0
DA:559,0
DA:560,0
DA:561,0
DA:564,0
DA:565,0
DA:566,0
DA:567,0
DA:568,0
DA:569,0
DA:570,0
DA:574,41
DA:584,41
DA:595,41
DA:596,82
DA:597,82
DA:598,82
DA:599,0
DA:600,0
DA:601,82
DA:602,82
DA:603,82
DA:604,0
DA:605,0
DA:606,0
DA:608,82
DA:609,0
DA:610,0
DA:611,0
DA:614,82
DA:615,41
DA:616,41
DA:617,41
DA:622,16
DA:623,16
DA:631,254
DA:632,254
DA:635,254
DA:637,254
DA:638,254
DA:639,0
DA:640,0
DA:642,254
DA:645,0
DA:646,0
DA:649,254
DA:650,254
DA:651,84
DA:652,84
DA:661,377
DA:663,377
DA:664,336
DA:665,336
DA:674,336
DA:675,46
DA:676,14
DA:682,46
DA:683,290
DA:684,166
DA:685,166
DA:686,332
DA:687,498
DA:688,332
DA:689,332
DA:693,166
DA:695,0
DA:698,124
DA:700,336
DA:701,336
DA:702,336
DA:704,336
DA:709,377
DA:710,377
DA:711,377
DA:716,124
DA:718,377
DA:719,32
DA:720,32
DA:722,377
DA:723,14
DA:725,14
DA:726,14
DA:741,14
DA:744,377
DA:745,207
DA:746,207
DA:750,207
DA:752,377
DA:753,0
DA:755,377
DA:756,33
DA:757,33
DA:760,377
DA:763,53
DA:764,0
DA:765,0
DA:767,0
DA:771,53
DA:772,182
DA:773,182
DA:774,182
DA:775,182
DA:776,182
DA:778,0
DA:784,0
DA:785,0
DA:786,0
DA:788,0
DA:789,0
DA:790,0
DA:791,0
DA:792,0
DA:797,0
DA:802,0
DA:803,0
DA:805,0
DA:807,0
DA:808,0
DA:813,0
DA:814,0
DA:815,0
DA:816,0
DA:817,0
DA:818,0
DA:820,0
DA:825,182
DA:826,182
DA:827,182
DA:828,182
DA:829,182
DA:830,182
DA:834,182
DA:835,0
DA:836,0
DA:837,0
DA:838,0
DA:841,182
DA:843,182
DA:844,0
DA:845,0
DA:848,182
DA:849,182
DA:850,0
DA:856,182
DA:869,182
DA:870,182
DA:872,182
DA:874,182
DA:875,182
DA:876,182
DA:881,124
DA:883,182
DA:884,16
DA:885,16
DA:887,182
DA:888,0
DA:889,0
DA:890,0
DA:906,0
DA:909,182
DA:910,42
DA:911,42
DA:915,42
DA:916,42
DA:917,42
DA:918,0
DA:919,0
DA:920,0
DA:923,182
DA:924,0
DA:926,182
DA:927,182
DA:928,182
DA:929,33
DA:930,33
DA:933,182
DA:936,0
DA:937,0
DA:938,0
DA:941,182
DA:942,182
DA:943,42
DA:944,42
DA:949,182
DA:954,182
DA:955,182
DA:956,182
DA:957,33
DA:958,33
DA:961,182
DA:962,182
DA:963,182
DA:966,53
DA:967,0
DA:968,0
DA:969,0
DA:970,0
DA:971,0
DA:974,243
DA:975,243
DA:977,243
DA:980,0
DA:985,53
DA:986,0
DA:987,0
DA:988,0
DA:989,0
DA:990,0
DA:991,0
DA:997,0
DA:999,0
DA:1000,0
DA:1001,0
DA:1002,0
DA:1005,0
DA:1006,0
DA:1007,0
DA:1008,0
DA:1009,0
DA:1010,0
DA:1011,0
DA:1012,0
DA:1013,0
DA:1014,0
DA:1015,0
DA:1016,0
DA:1017,0
DA:1021,243
DA:1022,243
DA:1024,243
DA:1025,243
DA:1026,243
DA:1027,243
DA:1028,243
DA:1029,243
DA:1030,243
DA:1031,33
DA:1032,33
DA:1034,210
DA:1036,243
DA:1037,41
DA:1038,41
DA:1040,202
DA:1044,0
DA:1045,0
DA:1050,661
DA:1051,661
DA:1055,661
DA:1057,661
DA:1058,205
DA:1062,661
DA:1063,661
DA:1075,0
DA:1080,53
DA:1081,0
DA:1082,0
DA:1084,0
DA:1086,0
DA:1087,0
DA:1088,0
DA:1089,0
DA:1091,0
DA:1093,0
DA:1094,0
DA:1096,0
DA:1099,0
DA:1100,0
DA:1101,0
DA:1102,0
DA:1104,0
DA:1105,0
DA:1106,0
DA:1107,0
DA:1111,0
DA:1117,53
DA:1118,0
DA:1119,0
DA:1122,0
DA:1123,0
DA:1126,0
DA:1127,0
DA:1133,0
DA:1134,0
DA:1135,0
DA:1136,0
DA:1137,0
DA:1138,0
DA:1139,0
DA:1141,0
DA:1145,0
DA:1148,0
DA:1149,0
DA:1153,0
DA:1157,82
DA:1158,82
DA:1161,82
DA:1162,82
DA:1167,0
DA:1169,82
DA:1170,82
DA:1171,82
DA:1172,0
DA:1173,0
DA:1174,0
DA:1177,0
DA:1179,82
DA:1181,82
DA:1182,82
DA:1183,0
DA:1184,0
DA:1185,0
DA:1186,0
DA:1187,0
DA:1188,0
DA:1189,0
DA:1192,0
DA:1193,0
DA:1194,0
DA:1195,0
DA:1196,0
DA:1197,0
DA:1198,0
DA:1202,82
DA:1208,82
DA:1209,82
DA:1210,0
DA:1212,82
DA:1217,82
DA:1218,164
DA:1219,164
DA:1220,164
DA:1221,0
DA:1222,0
DA:1223,164
DA:1224,164
DA:1225,164
DA:1226,0
DA:1227,0
DA:1228,0
DA:1230,164
DA:1231,0
DA:1233,0
DA:1236,82
DA:1237,82
DA:1238,41
DA:1242,41
DA:1243,41
DA:1244,0
DA:1248,0
DA:1249,41
DA:1250,0
DA:1251,41
DA:1252,41
DA:1255,0
DA:1257,0
DA:1260,0
DA:1262,0
DA:1266,53
DA:1267,57
DA:1268,57
DA:1269,57
DA:1270,57
DA:1271,57
DA:1272,41
DA:1278,0
DA:1279,41
DA:1284,41
DA:1285,41
DA:1286,41
DA:1287,0
DA:1288,0
DA:1289,0
DA:1290,0
DA:1291,0
DA:1292,0
DA:1293,0
DA:1294,0
DA:1295,0
DA:1296,0
DA:1299,0
DA:1300,0
DA:1301,0
DA:1302,0
DA:1303,0
DA:1304,0
DA:1305,0
DA:1309,0
DA:1319,0
DA:1329,0
DA:1330,0
DA:1331,0
DA:1332,0
DA:1333,0
DA:1334,0
DA:1335,0
DA:1336,0
DA:1337,0
DA:1338,0
DA:1339,0
DA:1340,0
DA:1342,0
DA:1343,0
DA:1345,0
DA:1348,0
DA:1349,0
DA:1353,0
DA:1355,0
DA:1357,0
DA:1361,41
DA:1362,41
DA:1365,0
DA:1369,0
DA:1372,16
DA:1376,16
DA:1379,0
DA:1383,182
DA:1384,182
DA:1385,182
DA:1386,182
DA:1387,182
DA:1388,182
DA:1389,182
DA:1390,364
DA:1391,42
DA:1392,42
DA:1396,182
DA:1400,182
DA:1401,0
DA:1402,0
DA:1403,0
DA:1404,0
DA:1407,182
DA:1409,182
DA:1410,182
DA:1411,0
DA:1412,0
DA:1414,182
DA:1419,124
DA:1421,182
DA:1422,16
DA:1423,16
DA:1425,182
DA:1426,0
DA:1427,0
DA:1428,0
DA:1445,0
DA:1448,182
DA:1449,42
DA:1450,42
DA:1454,42
DA:1455,42
DA:1456,42
DA:1457,0
DA:1458,0
DA:1459,0
DA:1462,182
DA:1463,0
DA:1465,182
DA:1466,182
DA:1467,42
DA:1468,42
DA:1473,182
DA:1474,33
DA:1475,32
DA:1480,0
DA:1481,0
DA:1484,182
DA:1489,53
DA:1490,33
DA:1491,0
DA:1492,0
DA:1494,33
DA:1495,33
DA:1496,33
DA:1500,53
DA:1501,66
DA:1502,66
DA:1504,0
DA:1508,53
DA:1509,54
DA:1510,54
DA:1511,54
DA:1512,54
DA:1513,54
DA:1514,54
DA:1515,54
DA:1516,54
DA:1517,54
DA:1519,0
DA:1520,0
DA:1521,0
DA:1522,0
DA:1523,0
DA:1524,0
DA:1530,53
DA:1531,66
DA:1532,66
DA:1533,66
DA:1534,66
DA:1536,0
DA:1540,53
DA:1541,1010
DA:1542,1010
DA:1549,87
DA:1550,58
DA:1552,87
DA:1553,923
DA:1561,204
DA:1562,136
DA:1564,204
DA:1565,719
DA:1572,81
DA:1573,81
DA:1574,638
DA:1575,112
DA:1576,112
DA:1577,526
DA:1578,498
DA:1579,498
DA:1580,912
DA:1582,498
DA:1583,498
DA:1584,28
DA:1585,28
DA:1586,28
DA:1590,53
DA:1591,0
DA:1592,0
DA:1593,0
DA:1594,0
DA:1597,0
DA:1598,0
DA:1602,221
DA:1603,221
DA:1604,0
DA:1605,221
DA:1613,0
DA:1614,0
DA:1616,0
DA:1618,0
DA:1619,0
DA:1620,0
DA:1622,0
DA:1627,0
DA:1629,0
DA:1634,0
DA:1636,0
DA:1641,0
DA:1643,0
DA:1648,0
DA:1650,0
DA:1655,0
DA:1657,0
DA:1662,0
DA:1664,221
DA:1665,0
DA:1666,221
DA:1673,0
DA:1674,0
DA:1675,0
DA:1676,0
DA:1677,0
DA:1679,0
DA:1680,0
DA:1681,0
DA:1682,0
DA:1683,0
DA:1684,0
DA:1687,0
DA:1688,0
DA:1690,0
DA:1692,0
DA:1693,0
DA:1694,0
DA:1695,0
DA:1700,0
DA:1705,0
DA:1710,0
DA:1716,221
DA:1722,16
DA:1723,16
DA:1724,16
DA:1725,16
DA:1726,16
DA:1727,16
DA:1728,32
DA:1729,32
DA:1730,32
DA:1738,205
DA:1739,205
DA:1740,205
DA:1741,205
DA:1742,205
DA:1743,410
DA:1744,615
DA:1745,410
DA:1746,410
DA:1747,410
DA:1751,205
DA:1760,221
DA:1761,57
DA:1765,53
DA:1766,782
DA:1769,782
DA:1770,782
DA:1771,782
DA:1772,782
DA:1773,782
DA:1774,782
DA:1775,332
DA:1777,782
DA:1780,700
DA:1781,700
DA:1782,54
DA:1783,54
DA:1787,53
DA:1788,64
DA:1789,64
DA:1790,32
DA:1792,32
DA:1796,53
DA:1797,64
DA:1799,64
DA:1800,32
DA:1802,32
DA:1805,64
DA:1807,64
DA:1809,64
DA:1810,64
DA:1811,0
DA:1816,64
DA:1817,64
DA:1818,64
DA:1819,64
DA:1820,64
DA:1825,64
DA:1826,64
DA:1827,64
DA:1828,64
DA:1832,64
DA:1833,64
DA:1834,64
DA:1838,64
DA:1839,64
DA:1840,64
DA:1842,64
DA:1843,64
DA:1849,64
DA:1850,64
DA:1851,64
DA:1852,64
DA:1853,64
DA:1854,64
DA:1855,64
DA:1858,64
DA:1861,64
DA:1864,64
DA:1866,64
DA:1867,64
DA:1868,64
DA:1873,53
DA:1874,32
DA:1875,32
DA:1878,53
DA:1879,16
DA:1880,16
DA:1883,53
DA:1884,16
DA:1885,16
DA:1887,16
DA:1891,16
DA:1892,16
DA:1894,16
DA:1895,0
DA:1898,16
DA:1899,48
DA:1900,16
DA:1901,16
DA:1902,16
DA:1903,16
DA:1904,16
DA:1905,16
DA:1909,16
DA:1910,16
DA:1911,16
DA:1912,16
DA:1913,16
DA:1916,16
DA:1920,16
DA:1922,16
DA:1923,16
DA:1924,16
DA:1927,16
DA:1933,53
DA:1934,16
DA:1935,16
DA:1936,16
DA:1937,0
DA:1939,0
DA:1940,0
DA:1941,0
DA:1942,0
DA:1944,0
DA:1945,0
DA:1951,53
DA:1954,64
DA:1955,64
DA:1956,64
DA:1957,0
DA:1958,0
DA:1959,0
DA:1960,0
DA:1962,0
DA:1963,64
DA:1964,0
DA:1965,0
DA:1966,0
DA:1967,0
DA:1969,0
DA:1970,64
DA:1971,64
DA:1972,64
DA:1975,0
DA:1979,57
DA:1980,57
DA:1982,57
DA:1983,57
DA:1984,57
DA:1985,57
DA:1990,0
DA:1991,0
DA:1992,0
DA:1993,0
DA:1994,0
DA:1995,0
DA:1999,57
DA:2000,0
DA:2008,0
DA:2009,0
DA:2021,0
DA:2022,0
DA:2023,0
DA:2028,0
DA:2029,0
DA:2030,0
DA:2031,0
DA:2035,57
DA:2036,41
DA:2037,41
DA:2038,41
DA:2041,57
DA:2042,0
DA:2044,57
DA:2045,16
DA:2047,57
DA:2048,57
DA:2049,57
DA:2050,57
DA:2051,57
DA:2052,57
DA:2056,57
DA:2057,57
DA:2058,57
DA:2060,57
DA:2061,0
DA:2062,0
DA:2066,0
DA:2070,0
DA:2071,0
DA:2076,53
DA:2077,96
DA:2078,96
DA:2079,96
DA:2080,96
DA:2081,192
DA:2082,192
DA:2084,96
DA:2086,96
DA:2091,16
DA:2092,16
DA:2093,16
DA:2094,32
DA:2095,32
DA:2096,48
DA:2097,32
DA:2099,48
DA:2100,32
DA:2101,32
DA:2102,32
DA:2103,32
DA:2105,0
DA:2106,0
DA:2107,0
DA:2109,0
DA:2111,32
DA:2117,96
DA:2119,0
DA:2123,53
DA:2124,496
DA:2125,496
DA:2126,496
DA:2127,496
DA:2128,496
DA:2129,760
DA:2130,760
DA:2133,496
DA:2134,496
DA:2135,496
DA:2136,0
DA:2138,496
DA:2139,496
DA:2141,496
DA:2143,0
DA:2147,53
DA:2148,28
DA:2149,28
DA:2151,0
DA:2155,53
DA:2156,544
DA:2157,544
DA:2158,544
DA:2159,544
DA:2160,421
DA:2161,421
DA:2162,12630
DA:2163,12630
DA:2166,421
DA:2168,544
DA:2170,0
DA:2174,53
DA:2175,28
DA:2176,28
DA:2177,28
DA:2178,28
DA:2179,28
DA:2180,28
DA:2183,53
DA:2184,0
DA:2187,53
DA:2189,14
DA:2193,0
DA:2197,53
DA:2198,0
DA:2201,53
DA:2202,0
DA:2203,0
DA:2204,0
DA:2207,53
DA:2208,0
DA:2209,0
DA:2210,0
DA:2213,226
DA:2214,226
DA:2215,226
DA:2216,452
DA:2217,0
DA:2219,452
DA:2220,424
DA:2222,28
DA:2223,28
DA:2229,53
DA:2230,1435
DA:2234,84
DA:2236,84
DA:2238,84
DA:2239,0
DA:2240,84
DA:2241,0
DA:2246,53
DA:2247,1041
DA:2250,1041
DA:2251,1041
DA:2254,1041
DA:2255,1041
DA:2256,1041
DA:2258,1041
DA:2259,1041
DA:2266,1041
DA:2267,586
DA:2273,586
DA:2274,586
DA:2276,455
DA:2277,45
DA:2278,45
DA:2281,1041
DA:2283,1041
DA:2284,1041
DA:2288,1041
DA:2293,1041
DA:2296,0
DA:2297,0
DA:2299,0
DA:2300,0
DA:2304,0
DA:2305,0
DA:2307,0
DA:2309,1041
DA:2313,1041
DA:2318,1041
DA:2326,0
DA:2327,0
DA:2329,0
DA:2330,0
DA:2334,0
DA:2335,0
DA:2337,0
DA:2340,0
DA:2341,0
DA:2342,0
DA:2343,0
DA:2344,0
DA:2345,0
DA:2346,0
DA:2351,0
DA:2354,0
DA:2360,0
DA:2362,0
DA:2363,0
DA:2364,0
DA:2365,0
DA:2366,0
DA:2372,0
DA:2373,0
DA:2377,0
DA:2382,0
DA:2385,0
DA:2386,0
DA:2388,0
DA:2389,0
DA:2393,0
DA:2394,0
DA:2396,0
DA:2398,0
DA:2402,0
DA:2406,0
DA:2414,0
DA:2415,0
DA:2420,0
DA:2421,0
DA:2422,0
DA:2423,0
DA:2424,0
DA:2429,0
DA:2432,0
DA:2438,0
DA:2440,0
DA:2441,0
DA:2442,0
DA:2443,0
DA:2444,0
DA:2450,0
DA:2451,0
DA:2452,0
DA:2456,0
DA:2461,0
DA:2464,0
DA:2465,0
DA:2467,0
DA:2468,0
DA:2472,0
DA:2473,0
DA:2475,0
DA:2477,0
DA:2481,0
DA:2485,0
DA:2493,0
DA:2494,0
DA:2500,1041
DA:2501,1041
DA:2504,53
DA:2505,1041
DA:2506,1041
DA:2507,1203
DA:2509,1041
DA:2512,53
DA:2513,1963
DA:2514,1963
DA:2515,1963
DA:2516,1963
DA:2517,1963
DA:2523,469
DA:2524,469
DA:2525,469
DA:2526,14070
DA:2528,469
DA:2529,48
DA:2530,1440
DA:2531,1440
DA:2532,1440
DA:2533,1440
DA:2534,1440
DA:2535,144
DA:2538,0
DA:2539,0
DA:2540,0
DA:2543,1440
DA:2544,144
DA:2545,144
DA:2550,144
DA:2552,1296
DA:2557,469
DA:2558,469
DA:2559,205
DA:2560,410
DA:2564,410
DA:2568,410
DA:2579,53
DA:2580,0
DA:2581,0
DA:2584,53
DA:2585,378
DA:2588,53
DA:2589,48
DA:2592,53
DA:2593,0
DA:2596,53
DA:2597,48
DA:2598,48
DA:2601,53
DA:2602,48
DA:2603,48
DA:2604,0
DA:2605,0
DA:2606,0
DA:2608,0
DA:2609,0
DA:2610,0
DA:2613,48
DA:2615,48
DA:2616,48
DA:2617,48
DA:2621,53
DA:2622,48
DA:2623,0
DA:2624,0
DA:2625,0
DA:2626,0
DA:2628,0
DA:2629,0
DA:2630,0
DA:2633,0
DA:2635,0
DA:2636,0
DA:2637,0
DA:2641,53
DA:2642,229
DA:2643,0
DA:2645,229
DA:2646,0
DA:2647,0
DA:2648,0
DA:2649,0
DA:2650,0
DA:2651,0
DA:2652,0
DA:2654,0
DA:2655,0
DA:2663,53
DA:2664,0
DA:2665,0
DA:2667,0
DA:2671,80
DA:2672,80
DA:2673,80
DA:2674,80
DA:2675,80
DA:2676,80
DA:2677,80
DA:2678,80
DA:2679,0
DA:2680,0
DA:2681,0
DA:2682,0
DA:2688,0
DA:2692,80
DA:2693,0
DA:2694,0
DA:2695,0
DA:2697,0
DA:2698,0
DA:2704,53
DA:2705,0
DA:2708,53
DA:2709,0
DA:2710,0
DA:2713,123
DA:2714,123
DA:2716,123
DA:2717,123
DA:2718,246
DA:2719,246
DA:2720,123
DA:2723,123
DA:2725,0
DA:2729,0
DA:2734,53
DA:2735,41
DA:2736,41
[...]
DA:21,31
DA:23,62
DA:24,62
DA:25,62
DA:26,62
DA:27,62
DA:28,62
DA:29,124
DA:30,31
DA:31,31
DA:34,62
DA:36,0
DA:38,62
DA:39,62
DA:40,31
DA:43,31
DA:44,31
DA:45,31
DA:48,0
DA:49,0
DA:50,0
DA:53,31
DA:54,0
DA:58,53
DA:59,273
DA:60,0
DA:62,0
DA:65,273
DA:66,242
DA:67,274
DA:68,274
DA:69,274
DA:72,31
DA:73,62
DA:74,62
DA:75,0
DA:76,0
DA:79,31
DA:80,0
DA:81,0
DA:82,0
DA:83,0
DA:84,0
DA:85,0
DA:86,0
DA:87,0
DA:90,0
DA:91,0
DA:92,0
DA:93,0
DA:94,0
DA:95,0
DA:96,0
DA:97,0
DA:99,0
DA:100,0
DA:101,0
DA:102,0
DA:104,0
DA:105,0
DA:106,0
DA:111,31
DA:112,31
DA:113,31
DA:114,31
DA:115,31
DA:116,62
DA:117,62
DA:118,62
DA:120,31
DA:121,31
DA:122,31
DA:128,53
LF:82
LH:50
BRDA:14,0,0,31
BRDA:14,0,1,62
BRDA:20,1,0,31
BRDA:20,1,1,31
BRDA:29,2,0,31
BRDA:29,2,1,93
BRDA:34,3,0,0
BRDA:34,3,1,62
BRDA:38,4,0,62
BRDA:38,4,1,0
BRDA:39,5,0,31
BRDA:39,5,1,31
BRDA:53,6,0,0
BRDA:53,6,1,31
BRDA:59,7,0,0
BRDA:59,7,1,273
BRDA:65,8,0,242
BRDA:65,8,1,31
BRDA:74,9,0,0
BRDA:74,9,1,62
BRDA:79,10,0,0
BRDA:79,10,1,31
BRDA:84,11,0,0
BRDA:84,11,1,0
BRDA:95,12,0,0
BRDA:95,12,1,0
BRDA:99,13,0,0
BRDA:99,13,1,0
BRF:28
BRH:16
end_of_record
TN:
SF:src/app/services/common/dom.service.ts
FN:1,(anonymous_1213)
FN:11,(anonymous_1217)
FN:14,GetElementService
FN:18,(anonymous_1219)
FN:24,(anonymous_1220)
FN:31,(anonymous_1221)
FN:40,(anonymous_1222)
FN:41,(anonymous_1223)
FN:48,(anonymous_1224)
FN:59,(anonymous_1225)
FN:61,(anonymous_1226)
FN:72,(anonymous_1227)
FN:74,(anonymous_1228)
FN:82,(anonymous_1229)
FN:84,(anonymous_1230)
FN:85,(anonymous_1231)
FN:95,(anonymous_1232)
FN:104,(anonymous_1233)
FN:114,(anonymous_1234)
FN:127,(anonymous_1235)
FN:131,(anonymous_1236)
FN:136,(anonymous_1237)
FN:145,(anonymous_1238)
FNF:23
FNH:17
FNDA:159,(anonymous_1213)
FNDA:53,(anonymous_1217)
FNDA:48,GetElementService
FNDA:1041,(anonymous_1219)
FNDA:1041,(anonymous_1220)
FNDA:1041,(anonymous_1221)
FNDA:1041,(anonymous_1222)
FNDA:0,(anonymous_1223)
FNDA:0,(anonymous_1224)
FNDA:2082,(anonymous_1225)
FNDA:0,(anonymous_1226)
FNDA:2082,(anonymous_1227)
FNDA:218,(anonymous_1228)
FNDA:1041,(anonymous_1229)
FNDA:1041,(anonymous_1230)
FNDA:0,(anonymous_1231)
FNDA:0,(anonymous_1232)
FNDA:266,(anonymous_1233)
FNDA:0,(anonymous_1234)
FNDA:144,(anonymous_1235)
FNDA:144,(anonymous_1236)
FNDA:144,(anonymous_1237)
FNDA:144,(anonymous_1238)
DA:1,318
DA:11,53
DA:14,48
DA:15,48
DA:18,53
DA:19,1041
DA:20,1041
DA:24,53
DA:25,1041
DA:26,1041
DA:27,1041
DA:31,1041
DA:32,1041
DA:33,1041
DA:34,1041
DA:35,1041
DA:36,1041
DA:37,1041
DA:38,1041
DA:39,1041
DA:40,1041
DA:41,1041
DA:42,0
DA:43,0
DA:44,0
DA:45,0
DA:46,0
DA:48,0
DA:49,0
DA:50,0
DA:53,0
DA:59,2082
DA:60,2082
DA:61,2082
DA:62,0
DA:63,0
DA:64,0
DA:66,0
DA:67,0
DA:72,2082
DA:73,2082
DA:74,2082
DA:75,218
DA:76,218
DA:77,218
DA:82,1041
DA:83,1041
DA:84,1041
DA:85,1041
DA:86,0
DA:87,0
DA:88,0
DA:89,0
DA:90,0
DA:91,0
DA:92,0
DA:95,0
DA:96,0
DA:97,0
DA:100,0
DA:104,1041
DA:105,266
DA:106,266
DA:107,0
DA:108,0
DA:109,0
DA:110,0
DA:111,0
DA:114,0
DA:115,0
DA:116,0
DA:120,0
DA:127,53
DA:128,144
DA:129,144
DA:130,144
DA:131,144
DA:132,144
DA:135,144
DA:136,144
DA:137,144
DA:138,0
DA:140,144
DA:145,144
DA:146,144
DA:147,144
DA:150,144
DA:152,53
LF:88
LH:53
BRDA:19,0,0,1041
BRDA:19,0,1,0
BRDA:25,1,0,1041
BRDA:25,1,1,0
BRDA:32,2,0,1041
BRDA:32,2,1,0
BRDA:32,3,0,1041
BRDA:32,3,1,1041
BRDA:49,4,0,0
BRDA:49,4,1,0
BRDA:60,5,0,2082
BRDA:60,5,1,0
BRDA:60,6,0,2082
BRDA:60,6,1,2082
BRDA:63,7,0,0
BRDA:63,7,1,0
BRDA:63,8,0,0
BRDA:63,8,1,0
BRDA:73,9,0,2082
BRDA:73,9,1,0
BRDA:73,10,0,2082
BRDA:73,10,1,2082
BRDA:83,11,0,1041
BRDA:83,11,1,0
BRDA:83,12,0,1041
BRDA:83,12,1,1041
BRDA:87,13,0,0
BRDA:87,13,1,0
BRDA:87,14,0,0
BRDA:87,14,1,0
BRDA:96,15,0,0
BRDA:96,15,1,0
BRDA:106,16,0,0
BRDA:106,16,1,266
BRDA:106,17,0,266
BRDA:106,17,1,0
BRDA:115,18,0,0
BRDA:115,18,1,0
BRDA:137,19,0,0
BRDA:137,19,1,144
BRDA:146,20,0,144
BRDA:146,20,1,0
BRDA:146,21,0,144
BRDA:146,21,1,144
BRF:44
BRH:20
end_of_record
TN:
SF:src/app/services/common/download.service.ts
FN:1,(anonymous_1241)
FN:11,(anonymous_1245)
FN:12,DownloadService
FN:14,(anonymous_1247)
FN:15,(anonymous_1248)
FN:31,(anonymous_1249)
FNF:6
FNH:4
FNDA:583,(anonymous_1241)
FNDA:53,(anonymous_1245)
FNDA:49,DownloadService
FNDA:0,(anonymous_1247)
FNDA:0,(anonymous_1248)
FNDA:96,(anonymous_1249)
DA:1,795
DA:11,53
DA:12,49
DA:14,53
DA:15,0
DA:16,0
DA:17,0
DA:18,0
DA:19,0
DA:20,0
DA:21,0
DA:31,53
DA:32,96
DA:33,0
DA:35,96
DA:42,53
LF:16
LH:8
BRDA:22,0,0,0
BRDA:22,0,1,0
BRDA:32,1,0,0
BRDA:32,1,1,96
BRF:4
BRH:1
end_of_record
TN:
SF:src/app/services/common/markdown-parser.service.ts
FN:1,(anonymous_1252)
FN:10,(anonymous_1256)
FN:12,MarkdownParserService
FN:26,(anonymous_1258)
FNF:4
FNH:4
FNDA:159,(anonymous_1252)
FNDA:53,(anonymous_1256)
FNDA:48,MarkdownParserService
FNDA:760,(anonymous_1258)
DA:1,424
DA:10,53
DA:13,48
DA:14,48
DA:26,53
DA:27,760
DA:29,53
LF:7
LH:7
BRF:0
BRH:0
end_of_record
TN:
SF:src/app/services/common/tool.service.ts
FN:1,(anonymous_1260)
FN:11,(anonymous_1266)
FN:12,ToolService
FN:14,(anonymous_1268)
FN:22,(anonymous_1269)
FN:28,(anonymous_1270)
FN:32,(anonymous_1271)
FN:54,(anonymous_1272)
FN:55,(anonymous_1273)
FNF:9
FNH:8
FNDA:901,(anonymous_1260)
FNDA:53,(anonymous_1266)
FNDA:51,ToolService
FNDA:1149,(anonymous_1268)
FNDA:0,(anonymous_1269)
FNDA:19,(anonymous_1270)
FNDA:581,(anonymous_1271)
FNDA:492,(anonymous_1272)
FNDA:246,(anonymous_1273)
DA:1,1113
DA:11,53
DA:12,51
DA:14,53
DA:15,1149
DA:16,0
DA:18,1149
DA:19,1149
DA:22,53
DA:23,0
DA:24,0
DA:28,53
DA:29,19
DA:32,53
DA:33,581
DA:34,0
DA:35,0
DA:40,0
DA:43,0
DA:45,581
DA:46,581
DA:47,307
DA:50,274
DA:54,53
DA:55,492
DA:56,246
DA:57,246
DA:59,0
DA:63,53
LF:29
LH:21
BRDA:15,0,0,0
BRDA:15,0,1,1149
BRDA:33,1,0,0
BRDA:33,1,1,581
BRDA:35,2,0,0
BRDA:35,2,1,0
BRDA:46,3,0,307
BRDA:46,3,1,274
BRDA:56,4,0,246
BRDA:56,4,1,0
BRF:10
BRH:5
end_of_record
TN:
SF:src/app/services/common/up-zip.service.ts
FN:1,(anonymous_1276)
FN:15,(anonymous_1282)
FN:16,UnZipService
FN:18,(anonymous_1284)
FN:20,(anonymous_1285)
FN:24,(anonymous_1286)
FN:25,(anonymous_1287)
FN:32,(anonymous_1288)
FN:37,success
FN:41,error
FN:47,(anonymous_1291)
FN:54,(anonymous_1292)
FN:56,(anonymous_1293)
FN:59,(anonymous_1294)
FN:67,(anonymous_1295)
FN:70,(anonymous_1296)
FN:79,(anonymous_1297)
FN:80,(anonymous_1298)
FN:85,(anonymous_1299)
FN:93,(anonymous_1300)
FN:95,(anonymous_1301)
FN:97,(anonymous_1302)
FN:99,(anonymous_1303)
FN:110,(anonymous_1304)
FN:111,(anonymous_1305)
FN:114,(anonymous_1306)
FN:121,(anonymous_1307)
FN:136,(anonymous_1308)
FN:150,(anonymous_1309)
FN:157,(anonymous_1310)
FN:164,(anonymous_1311)
FN:168,(anonymous_1312)
FN:212,(anonymous_1313)
FNF:33
FNH:16
FNDA:265,(anonymous_1276)
FNDA:53,(anonymous_1282)
FNDA:51,UnZipService
FNDA:0,(anonymous_1284)
FNDA:0,(anonymous_1285)
FNDA:0,(anonymous_1286)
FNDA:0,(anonymous_1287)
FNDA:0,(anonymous_1288)
FNDA:0,success
FNDA:0,error
FNDA:0,(anonymous_1291)
FNDA:49,(anonymous_1292)
FNDA:49,(anonymous_1293)
FNDA:49,(anonymous_1294)
FNDA:49,(anonymous_1295)
FNDA:2254,(anonymous_1296)
FNDA:147,(anonymous_1297)
FNDA:147,(anonymous_1298)
FNDA:49,(anonymous_1299)
FNDA:0,(anonymous_1300)
FNDA:0,(anonymous_1301)
FNDA:0,(anonymous_1302)
FNDA:0,(anonymous_1303)
FNDA:147,(anonymous_1304)
FNDA:147,(anonymous_1305)
FNDA:147,(anonymous_1306)
FNDA:1018,(anonymous_1307)
FNDA:11,(anonymous_1308)
FNDA:0,(anonymous_1309)
FNDA:0,(anonymous_1310)
FNDA:0,(anonymous_1311)
FNDA:0,(anonymous_1312)
FNDA:0,(anonymous_1313)
DA:1,901
DA:15,53
DA:16,51
DA:18,53
DA:19,0
DA:20,0
DA:21,0
DA:22,0
DA:23,0
DA:24,0
DA:25,0
DA:26,0
DA:27,0
DA:28,0
DA:31,0
DA:32,0
DA:33,0
DA:38,0
DA:39,0
DA:42,0
DA:46,0
DA:47,0
DA:48,0
DA:54,53
DA:55,49
DA:56,49
DA:57,49
DA:58,49
DA:59,49
DA:60,49
DA:61,49
DA:62,49
DA:63,49
DA:64,0
DA:66,49
DA:67,49
DA:68,49
DA:69,49
DA:70,49
DA:71,2254
DA:72,980
DA:73,490
DA:74,490
DA:78,49
DA:79,49
DA:80,147
DA:81,147
DA:84,49
DA:85,49
DA:86,49
DA:93,53
DA:94,0
DA:95,0
DA:96,0
DA:97,0
DA:98,0
DA:99,0
DA:100,0
DA:101,0
DA:104,0
DA:105,0
DA:110,53
DA:111,147
DA:112,147
DA:113,147
DA:114,147
DA:115,147
DA:116,147
DA:121,53
DA:122,1018
DA:123,1018
DA:124,528
DA:125,528
DA:126,528
DA:127,528
DA:129,0
DA:132,490
DA:136,53
DA:137,11
DA:138,11
DA:139,11
DA:140,11
DA:141,11
DA:143,0
DA:146,0
DA:150,53
DA:151,0
DA:152,0
DA:153,0
DA:154,0
DA:155,0
DA:157,0
DA:158,0
DA:165,0
DA:169,0
DA:170,0
DA:171,0
DA:172,0
DA:173,0
DA:174,0
DA:175,0
DA:176,0
DA:177,0
DA:183,0
DA:185,0
DA:186,0
DA:191,0
DA:192,0
DA:193,0
DA:194,0
DA:195,0
DA:197,0
DA:199,0
DA:200,0
DA:201,0
DA:203,0
DA:204,0
DA:205,0
DA:206,0
DA:213,0
DA:220,0
DA:225,53
LF:122
LH:54
BRDA:26,0,0,0
BRDA:26,0,1,0
BRDA:26,1,0,0
BRDA:26,1,1,0
BRDA:63,2,0,0
BRDA:63,2,1,49
BRDA:71,3,0,980
BRDA:71,3,1,1274
BRDA:71,4,0,2254
BRDA:71,4,1,1274
BRDA:72,5,0,490
BRDA:72,5,1,490
BRDA:100,6,0,0
BRDA:100,6,1,0
BRDA:100,7,0,0
BRDA:100,7,1,0
BRDA:123,8,0,528
BRDA:123,8,1,490
BRDA:123,9,0,1018
BRDA:123,9,1,1018
BRDA:126,10,0,528
BRDA:126,10,1,0
BRDA:137,11,0,11
BRDA:137,11,1,0
BRDA:140,12,0,11
BRDA:140,12,1,0
BRDA:175,13,0,0
BRDA:175,13,1,0
BRDA:177,14,0,0
BRDA:177,14,1,0
BRDA:179,15,0,0
BRDA:179,15,1,0
BRDA:185,16,0,0
BRDA:185,16,1,0
BRDA:200,17,0,0
BRDA:200,17,1,0
BRDA:200,18,0,0
BRDA:200,18,1,0
BRDA:204,19,0,0
BRDA:204,19,1,0
BRF:40
BRH:14
end_of_record
TN:
SF:src/app/shared/shared.module.ts
FN:1,(anonymous_1452)
FN:17,(anonymous_1455)
FNF:2
FNH:2
FNDA:106,(anonymous_1452)
FNDA:159,(anonymous_1455)
DA:1,477
DA:17,53
LF:2
LH:2
BRF:0
BRH:0
end_of_record
TN:
SF:src/app/shared/clr-filter/datagridFilter.component.ts
FN:15,(anonymous_1394)
FN:24,MyFilter
FN:26,(anonymous_1396)
FN:31,(anonymous_1397)
FN:35,(anonymous_1398)
FNF:5
FNH:4
FNDA:53,(anonymous_1394)
FNDA:7,MyFilter
FNDA:7,(anonymous_1396)
FNDA:104,(anonymous_1397)
FNDA:0,(anonymous_1398)
DA:15,53
DA:16,53
DA:17,53
DA:18,53
DA:20,7
DA:21,7
DA:22,7
DA:24,7
DA:25,7
DA:26,7
DA:27,7
DA:31,53
DA:32,104
DA:35,53
DA:36,0
DA:38,53
LF:16
LH:15
BRF:0
BRH:0
end_of_record
TN:
SF:src/app/shared/form-validators/dataset-validator.ts
FN:1,(anonymous_1401)
FN:8,(anonymous_1403)
FN:22,(anonymous_1405)
FN:23,(anonymous_1406)
FN:46,(anonymous_1407)
FN:47,(anonymous_1408)
FN:70,(anonymous_1409)
FN:71,(anonymous_1410)
FN:89,(anonymous_1411)
FN:90,(anonymous_1412)
FN:108,(anonymous_1413)
FN:109,(anonymous_1414)
FN:131,(anonymous_1415)
FN:132,(anonymous_1416)
FN:148,(anonymous_1417)
FN:149,(anonymous_1418)
FN:171,(anonymous_1419)
FN:172,(anonymous_1420)
FN:192,(anonymous_1421)
FN:193,(anonymous_1422)
FN:201,(anonymous_1423)
FN:202,(anonymous_1424)
FN:216,(anonymous_1425)
FN:217,(anonymous_1426)
FN:224,(anonymous_1427)
FN:225,(anonymous_1428)
FN:243,(anonymous_1429)
FN:244,(anonymous_1430)
FN:262,(anonymous_1431)
FN:263,(anonymous_1432)
FN:285,(anonymous_1433)
FN:286,(anonymous_1434)
FN:306,(anonymous_1435)
FN:307,(anonymous_1436)
FN:325,(anonymous_1437)
FN:360,(anonymous_1438)
FN:369,(anonymous_1439)
FN:380,(anonymous_1440)
FN:393,(anonymous_1441)
FN:406,(anonymous_1442)
FNF:40
FNH:26
FNDA:3660,(anonymous_1401)
FNDA:53,(anonymous_1403)
FNDA:486,(anonymous_1405)
FNDA:13291,(anonymous_1406)
FNDA:0,(anonymous_1407)
FNDA:0,(anonymous_1408)
FNDA:0,(anonymous_1409)
FNDA:0,(anonymous_1410)
FNDA:53,(anonymous_1411)
FNDA:1063,(anonymous_1412)
FNDA:53,(anonymous_1413)
FNDA:639,(anonymous_1414)
FNDA:318,(anonymous_1415)
FNDA:1823,(anonymous_1416)
FNDA:475,(anonymous_1417)
FNDA:1177,(anonymous_1418)
FNDA:0,(anonymous_1419)
FNDA:0,(anonymous_1420)
FNDA:1282,(anonymous_1421)
FNDA:3957,(anonymous_1422)
FNDA:324,(anonymous_1423)
FNDA:1366,(anonymous_1424)
FNDA:0,(anonymous_1425)
FNDA:0,(anonymous_1426)
FNDA:0,(anonymous_1427)
FNDA:0,(anonymous_1428)
FNDA:179,(anonymous_1429)
FNDA:831,(anonymous_1430)
FNDA:64,(anonymous_1431)
FNDA:64,(anonymous_1432)
FNDA:426,(anonymous_1433)
FNDA:1716,(anonymous_1434)
FNDA:0,(anonymous_1435)
FNDA:0,(anonymous_1436)
FNDA:168,(anonymous_1437)
FNDA:0,(anonymous_1438)
FNDA:0,(anonymous_1439)
FNDA:168,(anonymous_1440)
FNDA:20565,(anonymous_1441)
FNDA:179,(anonymous_1442)
DA:1,3766
DA:8,53
DA:9,53
DA:10,53
DA:11,53
DA:13,53
DA:14,53
DA:16,53
DA:18,53
DA:20,53
DA:22,53
DA:23,486
DA:24,13291
DA:25,486
DA:28,12805
DA:29,1060
DA:32,11745
DA:33,11745
DA:34,11745
DA:35,0
DA:42,11745
DA:46,53
DA:47,0
DA:48,0
DA:49,0
DA:52,0
DA:53,0
DA:56,0
DA:57,0
DA:58,0
DA:59,0
DA:66,0
DA:70,53
DA:71,0
DA:72,0
DA:73,0
DA:76,0
DA:77,0
DA:80,0
DA:81,0
DA:82,0
DA:83,0
DA:85,0
DA:89,53
DA:90,53
DA:91,1063
DA:92,53
DA:95,1010
DA:96,109
DA:99,901
DA:100,901
DA:101,106
DA:103,795
DA:108,53
DA:109,53
DA:110,639
DA:111,53
DA:114,586
DA:115,109
DA:118,477
DA:119,477
DA:120,424
DA:127,53
DA:131,53
DA:132,318
DA:133,1823
DA:134,318
DA:136,1505
DA:138,1224
DA:141,281
DA:142,0
DA:144,281
DA:148,53
DA:149,475
DA:150,1177
DA:151,307
DA:153,870
DA:154,870
DA:155,168
DA:156,0
DA:158,168
DA:159,0
DA:161,168
DA:162,168
DA:165,702
DA:171,53
DA:172,0
DA:173,0
DA:174,0
DA:177,0
DA:178,0
DA:179,0
DA:180,0
DA:182,0
DA:183,0
DA:186,0
DA:192,53
DA:193,1282
DA:194,3957
DA:195,2348
DA:197,1609
DA:201,53
DA:202,324
DA:203,1366
DA:204,584
DA:205,243
DA:208,782
DA:209,590
DA:212,533
DA:216,53
DA:217,0
DA:218,0
DA:224,53
DA:225,0
DA:226,0
DA:227,0
DA:230,0
DA:231,0
DA:234,0
DA:235,0
DA:236,0
DA:237,0
DA:239,0
DA:243,53
DA:244,179
DA:245,831
DA:246,179
DA:248,652
DA:249,652
DA:250,652
DA:256,98
DA:258,554
DA:262,53
DA:263,64
DA:264,64
DA:265,64
DA:268,0
DA:269,0
DA:272,0
DA:273,0
DA:274,0
DA:275,0
DA:278,0
DA:279,0
DA:282,0
DA:285,53
DA:286,426
DA:287,1716
DA:288,358
DA:291,1358
DA:292,1086
DA:295,272
DA:298,272
DA:299,272
DA:300,0
DA:302,272
DA:306,53
DA:307,0
DA:308,0
DA:309,0
DA:312,0
DA:313,0
DA:316,0
DA:317,0
DA:318,0
DA:319,0
DA:321,0
DA:325,53
DA:326,168
DA:327,168
DA:328,168
DA:329,15
DA:330,15
DA:332,0
DA:335,153
DA:342,104
DA:343,104
DA:345,0
DA:348,49
DA:349,49
DA:350,49
DA:352,0
DA:356,0
DA:360,53
DA:361,0
DA:362,0
DA:363,0
DA:365,0
DA:369,53
DA:370,0
DA:373,0
DA:374,0
DA:376,0
DA:380,53
DA:381,168
DA:382,168
DA:393,53
DA:394,20565
DA:395,5194
DA:396,15371
DA:397,0
DA:398,15371
DA:399,358
DA:400,15013
DA:401,179
DA:403,14834
DA:406,53
DA:407,179
DA:408,179
DA:409,179
DA:412,0
DA:414,53
LF:212
LH:132
BRDA:24,0,0,486
BRDA:24,0,1,12805
BRDA:28,1,0,1060
BRDA:28,1,1,11745
BRDA:34,2,0,0
BRDA:34,2,1,11745
BRDA:48,3,0,0
BRDA:48,3,1,0
BRDA:52,4,0,0
BRDA:52,4,1,0
BRDA:58,5,0,0
BRDA:58,5,1,0
BRDA:72,6,0,0
BRDA:72,6,1,0
BRDA:76,7,0,0
BRDA:76,7,1,0
BRDA:82,8,0,0
BRDA:82,8,1,0
BRDA:91,9,0,53
BRDA:91,9,1,1010
BRDA:95,10,0,109
BRDA:95,10,1,901
BRDA:100,11,0,106
BRDA:100,11,1,795
BRDA:110,12,0,53
BRDA:110,12,1,586
BRDA:114,13,0,109
BRDA:114,13,1,477
BRDA:119,14,0,424
BRDA:119,14,1,53
BRDA:133,15,0,318
BRDA:133,15,1,1505
BRDA:136,16,0,1224
BRDA:136,16,1,281
BRDA:141,17,0,0
BRDA:141,17,1,281
BRDA:150,18,0,307
BRDA:150,18,1,870
BRDA:154,19,0,168
BRDA:154,19,1,702
BRDA:155,20,0,0
BRDA:155,20,1,168
BRDA:158,21,0,0
BRDA:158,21,1,168
BRDA:161,22,0,168
BRDA:161,22,1,0
BRDA:162,23,0,0
BRDA:162,23,1,168
BRDA:166,24,0,702
BRDA:166,24,1,0
BRDA:173,25,0,0
BRDA:173,25,1,0
BRDA:178,26,0,0
BRDA:178,26,1,0
BRDA:179,27,0,0
BRDA:179,27,1,0
BRDA:182,28,0,0
BRDA:182,28,1,0
BRDA:187,29,0,0
BRDA:187,29,1,0
BRDA:194,30,0,2348
BRDA:194,30,1,1609
BRDA:203,31,0,584
BRDA:203,31,1,782
BRDA:203,32,0,1366
BRDA:203,32,1,1230
BRDA:203,32,2,1125
BRDA:204,33,0,243
BRDA:204,33,1,341
BRDA:208,34,0,590
BRDA:208,34,1,192
BRDA:219,35,0,0
BRDA:219,35,1,0
BRDA:226,36,0,0
BRDA:226,36,1,0
BRDA:230,37,0,0
BRDA:230,37,1,0
BRDA:236,38,0,0
BRDA:236,38,1,0
BRDA:245,39,0,179
BRDA:245,39,1,652
BRDA:250,40,0,98
BRDA:250,40,1,554
BRDA:251,41,0,652
BRDA:251,41,1,554
BRDA:251,41,2,554
BRDA:251,41,3,554
BRDA:264,42,0,64
BRDA:264,42,1,0
BRDA:268,43,0,0
BRDA:268,43,1,0
BRDA:274,44,0,0
BRDA:274,44,1,0
BRDA:278,45,0,0
BRDA:278,45,1,0
BRDA:287,46,0,358
BRDA:287,46,1,1358
BRDA:291,47,0,1086
BRDA:291,47,1,272
BRDA:291,48,0,1358
BRDA:291,48,1,272
BRDA:299,49,0,0
BRDA:299,49,1,272
BRDA:308,50,0,0
BRDA:308,50,1,0
BRDA:312,51,0,0
BRDA:312,51,1,0
BRDA:318,52,0,0
BRDA:318,52,1,0
BRDA:327,53,0,168
BRDA:327,53,1,0
BRDA:327,54,0,168
BRDA:327,54,1,0
BRDA:328,55,0,15
BRDA:328,55,1,153
BRDA:329,56,0,15
BRDA:329,56,1,0
BRDA:335,57,0,104
BRDA:335,57,1,49
BRDA:336,58,0,153
BRDA:336,58,1,153
BRDA:336,58,2,153
BRDA:336,58,3,49
BRDA:336,58,4,49
BRDA:342,59,0,104
BRDA:342,59,1,0
BRDA:348,60,0,49
BRDA:348,60,1,0
BRDA:348,61,0,49
BRDA:348,61,1,0
BRDA:349,62,0,49
BRDA:349,62,1,0
BRDA:349,63,0,49
BRDA:349,63,1,49
BRDA:362,64,0,0
BRDA:362,64,1,0
BRDA:362,65,0,0
BRDA:362,65,1,0
BRDA:362,65,2,0
BRDA:362,65,3,0
BRDA:373,66,0,0
BRDA:373,66,1,0
BRDA:394,67,0,5194
BRDA:394,67,1,15371
BRDA:396,68,0,0
BRDA:396,68,1,15371
BRDA:396,69,0,15371
BRDA:396,69,1,0
BRDA:398,70,0,358
BRDA:398,70,1,15013
BRDA:398,71,0,15371
BRDA:398,71,1,537
BRDA:400,72,0,179
BRDA:400,72,1,14834
BRDA:408,73,0,179
BRDA:408,73,1,0
BRDA:408,74,0,179
BRDA:408,74,1,179
BRF:158
BRH:89
end_of_record
TN:
SF:src/app/shared/form-validators/form-validator-util.ts
FN:1,(anonymous_1444)
FN:8,(anonymous_1446)
FN:9,(anonymous_1448)
FN:13,(anonymous_1449)
FN:17,(anonymous_1450)
FNF:5
FNH:4
FNDA:465,(anonymous_1444)
FNDA:53,(anonymous_1446)
FNDA:5189,(anonymous_1448)
FNDA:4724,(anonymous_1449)
FNDA:0,(anonymous_1450)
DA:1,624
DA:8,53
DA:9,5189
DA:10,5189
DA:11,4724
DA:12,465
DA:13,465
DA:14,4724
DA:16,0
DA:17,0
DA:18,0
DA:22,53
LF:12
LH:9
BRDA:10,0,0,4724
BRDA:10,0,1,465
BRDA:12,1,0,465
BRDA:12,1,1,0
BRDA:16,2,0,0
BRDA:16,2,1,0
BRF:6
BRH:3
end_of_record
TN:
SF:src/environments/environment.ts
FN:1,(anonymous_1465)
FNF:1
FNH:1
FNDA:511065,(anonymous_1465)
DA:1,511171
DA:12,53
LF:2
LH:2
BRF:0
BRH:0
end_of_record
TN:
SF:src/libs/categoryChart.js
FN:6,categoryChart
FN:20,(anonymous_1454)
FN:21,(anonymous_1455)
FN:42,(anonymous_1456)
FN:50,(anonymous_1457)
FN:56,(anonymous_1458)
FN:60,(anonymous_1459)
FN:68,(anonymous_1460)
FN:72,(anonymous_1461)
FN:81,(anonymous_1462)
FN:82,(anonymous_1463)
FN:83,(anonymous_1464)
FN:85,(anonymous_1465)
FN:89,(anonymous_1466)
FN:100,zoom
FN:109,zoomed
FN:110,(anonymous_1469)
FN:113,(anonymous_1470)
FNF:18
FNH:12
FNDA:27,categoryChart
FNDA:99,(anonymous_1454)
FNDA:72,(anonymous_1455)
FNDA:0,(anonymous_1456)
FNDA:99,(anonymous_1457)
FNDA:99,(anonymous_1458)
FNDA:27,(anonymous_1459)
FNDA:27,(anonymous_1460)
FNDA:27,(anonymous_1461)
FNDA:99,(anonymous_1462)
FNDA:99,(anonymous_1463)
FNDA:99,(anonymous_1464)
FNDA:0,(anonymous_1465)
FNDA:0,(anonymous_1466)
FNDA:27,zoom
FNDA:0,zoomed
FNDA:0,(anonymous_1469)
FNDA:0,(anonymous_1470)
DA:7,27
DA:8,27
DA:9,27
DA:10,27
DA:11,27
DA:12,27
DA:14,27
DA:15,27
DA:16,27
DA:17,27
DA:18,27
DA:20,99
DA:21,72
DA:23,27
DA:25,27
DA:32,27
DA:43,0
DA:46,27
DA:48,27
DA:50,99
DA:54,27
DA:56,99
DA:60,27
DA:61,27
DA:68,27
DA:69,27
DA:72,27
DA:74,27
DA:81,99
DA:82,99
DA:83,99
DA:86,0
DA:87,0
DA:90,0
DA:91,0
DA:94,27
DA:96,27
DA:98,27
DA:101,27
DA:106,27
DA:110,0
DA:111,0
DA:113,0
DA:115,0
LF:44
LH:35
BRF:0
BRH:0
end_of_record
TN:
SF:src/libs/userChart.js
FN:6,userChart
FN:20,(anonymous_1436)
FN:21,(anonymous_1437)
FN:42,(anonymous_1438)
FN:50,(anonymous_1439)
FN:56,(anonymous_1440)
FN:60,(anonymous_1441)
FN:68,(anonymous_1442)
FN:72,(anonymous_1443)
FN:81,(anonymous_1444)
FN:82,(anonymous_1445)
FN:83,(anonymous_1446)
FN:85,(anonymous_1447)
FN:89,(anonymous_1448)
FN:99,zoom
FN:109,zoomed
FN:110,(anonymous_1451)
FN:113,(anonymous_1452)
FNF:18
FNH:12
FNDA:27,userChart
FNDA:36,(anonymous_1436)
FNDA:9,(anonymous_1437)
FNDA:0,(anonymous_1438)
FNDA:36,(anonymous_1439)
FNDA:36,(anonymous_1440)
FNDA:27,(anonymous_1441)
FNDA:27,(anonymous_1442)
FNDA:27,(anonymous_1443)
FNDA:36,(anonymous_1444)
FNDA:36,(anonymous_1445)
FNDA:36,(anonymous_1446)
FNDA:0,(anonymous_1447)
FNDA:0,(anonymous_1448)
FNDA:27,zoom
FNDA:0,zoomed
FNDA:0,(anonymous_1451)
FNDA:0,(anonymous_1452)
DA:7,27
DA:8,27
DA:9,27
DA:10,27
DA:11,27
DA:12,27
DA:14,27
DA:15,27
DA:16,27
DA:17,27
DA:18,27
DA:20,36
DA:21,9
DA:23,27
DA:25,27
DA:32,27
DA:43,0
DA:46,27
DA:48,27
DA:50,36
DA:54,27
DA:56,36
DA:60,27
DA:61,27
DA:68,27
DA:69,27
DA:72,27
DA:74,27
DA:81,36
DA:82,36
DA:83,36
DA:86,0
DA:87,0
DA:90,0
DA:91,0
DA:94,27
DA:96,27
DA:100,27
DA:105,27
DA:110,0
DA:111,0
DA:113,0
DA:115,0
LF:43
LH:34
BRF:0
BRH:0
end_of_record
